[0.640s] DEBUG:colcon:Command line arguments: ['/usr/bin/colcon', 'build', '--packages-select', 'imaging', 'road_nav']
[0.641s] DEBUG:colcon:Parsed command line arguments: Namespace(allow_overriding=[], ament_cmake_args=None, base_paths=['.'], build_base='build', catkin_cmake_args=None, catkin_skip_building_tests=False, cmake_args=None, cmake_clean_cache=False, cmake_clean_first=False, cmake_force_configure=False, cmake_target=None, cmake_target_skip_unavailable=False, continue_on_error=False, event_handlers=None, executor='parallel', ignore_user_meta=False, install_base='install', log_base=None, log_level=None, main=<bound method BuildVerb.main of <colcon_core.verb.build.BuildVerb object at 0xffffb19047f0>>, merge_install=False, metas=['./colcon.meta'], packages_above=None, packages_above_and_dependencies=None, packages_above_depth=None, packages_end=None, packages_ignore=None, packages_ignore_regex=None, packages_select=['imaging', 'road_nav'], packages_select_build_failed=False, packages_select_by_dep=None, packages_select_regex=None, packages_select_test_failures=False, packages_skip=None, packages_skip_build_finished=False, packages_skip_by_dep=None, packages_skip_regex=None, packages_skip_test_passed=False, packages_skip_up_to=None, packages_start=None, packages_up_to=None, packages_up_to_regex=None, parallel_workers=4, paths=None, symlink_install=False, test_result_base=None, verb_extension=<colcon_core.verb.build.BuildVerb object at 0xffffb19047f0>, verb_name='build', verb_parser=<colcon_defaults.argument_parser.defaults.DefaultArgumentsDecorator object at 0xffffb1904d60>)
[0.742s] Level 1:colcon.colcon_core.package_discovery:discover_packages(colcon_meta) check parameters
[0.742s] Level 1:colcon.colcon_core.package_discovery:discover_packages(recursive) check parameters
[0.742s] Level 1:colcon.colcon_core.package_discovery:discover_packages(ignore) check parameters
[0.742s] Level 1:colcon.colcon_core.package_discovery:discover_packages(path) check parameters
[0.743s] Level 1:colcon.colcon_core.package_discovery:discover_packages(colcon_meta) discover
[0.743s] Level 1:colcon.colcon_core.package_discovery:discover_packages(recursive) discover
[0.743s] INFO:colcon.colcon_core.package_discovery:Crawling recursively for packages in '/home/ubuntu/ros2_ws/bridgeroadinspectiondrone/ros/src'
[0.743s] Level 1:colcon.colcon_core.package_identification:_identify(.) by extensions ['ignore', 'ignore_ament_install']
[0.744s] Level 1:colcon.colcon_core.package_identification:_identify(.) by extension 'ignore'
[0.744s] Level 1:colcon.colcon_core.package_identification:_identify(.) by extension 'ignore_ament_install'
[0.744s] Level 1:colcon.colcon_core.package_identification:_identify(.) by extensions ['colcon_pkg']
[0.744s] Level 1:colcon.colcon_core.package_identification:_identify(.) by extension 'colcon_pkg'
[0.745s] Level 1:colcon.colcon_core.package_identification:_identify(.) by extensions ['colcon_meta']
[0.745s] Level 1:colcon.colcon_core.package_identification:_identify(.) by extension 'colcon_meta'
[0.745s] Level 1:colcon.colcon_core.package_identification:_identify(.) by extensions ['ros']
[0.745s] Level 1:colcon.colcon_core.package_identification:_identify(.) by extension 'ros'
[0.784s] Level 1:colcon.colcon_core.package_identification:_identify(.) by extensions ['cmake', 'python']
[0.784s] Level 1:colcon.colcon_core.package_identification:_identify(.) by extension 'cmake'
[0.785s] Level 1:colcon.colcon_core.package_identification:_identify(.) by extension 'python'
[0.785s] Level 1:colcon.colcon_core.package_identification:_identify(.) by extensions ['python_setup_py']
[0.785s] Level 1:colcon.colcon_core.package_identification:_identify(.) by extension 'python_setup_py'
[0.786s] Level 1:colcon.colcon_core.package_identification:_identify(build) by extensions ['ignore', 'ignore_ament_install']
[0.786s] Level 1:colcon.colcon_core.package_identification:_identify(build) by extension 'ignore'
[0.786s] Level 1:colcon.colcon_core.package_identification:_identify(build) ignored
[0.787s] Level 1:colcon.colcon_core.package_identification:_identify(controls) by extensions ['ignore', 'ignore_ament_install']
[0.787s] Level 1:colcon.colcon_core.package_identification:_identify(controls) by extension 'ignore'
[0.787s] Level 1:colcon.colcon_core.package_identification:_identify(controls) by extension 'ignore_ament_install'
[0.788s] Level 1:colcon.colcon_core.package_identification:_identify(controls) by extensions ['colcon_pkg']
[0.788s] Level 1:colcon.colcon_core.package_identification:_identify(controls) by extension 'colcon_pkg'
[0.788s] Level 1:colcon.colcon_core.package_identification:_identify(controls) by extensions ['colcon_meta']
[0.788s] Level 1:colcon.colcon_core.package_identification:_identify(controls) by extension 'colcon_meta'
[0.788s] Level 1:colcon.colcon_core.package_identification:_identify(controls) by extensions ['ros']
[0.788s] Level 1:colcon.colcon_core.package_identification:_identify(controls) by extension 'ros'
[0.803s] DEBUG:colcon.colcon_core.package_identification:Package 'controls' with type 'ros.ament_python' and name 'controls'
[0.803s] Level 1:colcon.colcon_core.package_identification:_identify(imaging) by extensions ['ignore', 'ignore_ament_install']
[0.804s] Level 1:colcon.colcon_core.package_identification:_identify(imaging) by extension 'ignore'
[0.804s] Level 1:colcon.colcon_core.package_identification:_identify(imaging) by extension 'ignore_ament_install'
[0.804s] Level 1:colcon.colcon_core.package_identification:_identify(imaging) by extensions ['colcon_pkg']
[0.804s] Level 1:colcon.colcon_core.package_identification:_identify(imaging) by extension 'colcon_pkg'
[0.805s] Level 1:colcon.colcon_core.package_identification:_identify(imaging) by extensions ['colcon_meta']
[0.805s] Level 1:colcon.colcon_core.package_identification:_identify(imaging) by extension 'colcon_meta'
[0.805s] Level 1:colcon.colcon_core.package_identification:_identify(imaging) by extensions ['ros']
[0.805s] Level 1:colcon.colcon_core.package_identification:_identify(imaging) by extension 'ros'
[0.808s] DEBUG:colcon.colcon_core.package_identification:Package 'imaging' with type 'ros.ament_cmake' and name 'imaging'
[0.809s] Level 1:colcon.colcon_core.package_identification:_identify(install) by extensions ['ignore', 'ignore_ament_install']
[0.810s] Level 1:colcon.colcon_core.package_identification:_identify(install) by extension 'ignore'
[0.810s] Level 1:colcon.colcon_core.package_identification:_identify(install) ignored
[0.811s] Level 1:colcon.colcon_core.package_identification:_identify(log) by extensions ['ignore', 'ignore_ament_install']
[0.811s] Level 1:colcon.colcon_core.package_identification:_identify(log) by extension 'ignore'
[0.812s] Level 1:colcon.colcon_core.package_identification:_identify(log) ignored
[0.812s] Level 1:colcon.colcon_core.package_identification:_identify(model_defect) by extensions ['ignore', 'ignore_ament_install']
[0.812s] Level 1:colcon.colcon_core.package_identification:_identify(model_defect) by extension 'ignore'
[0.813s] Level 1:colcon.colcon_core.package_identification:_identify(model_defect) by extension 'ignore_ament_install'
[0.813s] Level 1:colcon.colcon_core.package_identification:_identify(model_defect) by extensions ['colcon_pkg']
[0.813s] Level 1:colcon.colcon_core.package_identification:_identify(model_defect) by extension 'colcon_pkg'
[0.813s] Level 1:colcon.colcon_core.package_identification:_identify(model_defect) by extensions ['colcon_meta']
[0.813s] Level 1:colcon.colcon_core.package_identification:_identify(model_defect) by extension 'colcon_meta'
[0.813s] Level 1:colcon.colcon_core.package_identification:_identify(model_defect) by extensions ['ros']
[0.814s] Level 1:colcon.colcon_core.package_identification:_identify(model_defect) by extension 'ros'
[0.817s] DEBUG:colcon.colcon_core.package_identification:Package 'model_defect' with type 'ros.ament_python' and name 'model_defect'
[0.818s] Level 1:colcon.colcon_core.package_identification:_identify(offboard_testing) by extensions ['ignore', 'ignore_ament_install']
[0.818s] Level 1:colcon.colcon_core.package_identification:_identify(offboard_testing) by extension 'ignore'
[0.819s] Level 1:colcon.colcon_core.package_identification:_identify(offboard_testing) by extension 'ignore_ament_install'
[0.819s] Level 1:colcon.colcon_core.package_identification:_identify(offboard_testing) by extensions ['colcon_pkg']
[0.819s] Level 1:colcon.colcon_core.package_identification:_identify(offboard_testing) by extension 'colcon_pkg'
[0.819s] Level 1:colcon.colcon_core.package_identification:_identify(offboard_testing) by extensions ['colcon_meta']
[0.819s] Level 1:colcon.colcon_core.package_identification:_identify(offboard_testing) by extension 'colcon_meta'
[0.820s] Level 1:colcon.colcon_core.package_identification:_identify(offboard_testing) by extensions ['ros']
[0.820s] Level 1:colcon.colcon_core.package_identification:_identify(offboard_testing) by extension 'ros'
[0.857s] DEBUG:colcon.colcon_core.package_identification:Package 'offboard_testing' with type 'ros.ament_python' and name 'offboard_testing'
[0.858s] Level 1:colcon.colcon_core.package_identification:_identify(road_nav) by extensions ['ignore', 'ignore_ament_install']
[0.858s] Level 1:colcon.colcon_core.package_identification:_identify(road_nav) by extension 'ignore'
[0.858s] Level 1:colcon.colcon_core.package_identification:_identify(road_nav) by extension 'ignore_ament_install'
[0.859s] Level 1:colcon.colcon_core.package_identification:_identify(road_nav) by extensions ['colcon_pkg']
[0.859s] Level 1:colcon.colcon_core.package_identification:_identify(road_nav) by extension 'colcon_pkg'
[0.859s] Level 1:colcon.colcon_core.package_identification:_identify(road_nav) by extensions ['colcon_meta']
[0.859s] Level 1:colcon.colcon_core.package_identification:_identify(road_nav) by extension 'colcon_meta'
[0.859s] Level 1:colcon.colcon_core.package_identification:_identify(road_nav) by extensions ['ros']
[0.859s] Level 1:colcon.colcon_core.package_identification:_identify(road_nav) by extension 'ros'
[0.863s] DEBUG:colcon.colcon_core.package_identification:Package 'road_nav' with type 'ros.ament_python' and name 'road_nav'
[0.863s] Level 1:colcon.colcon_core.package_discovery:discover_packages(recursive) using defaults
[0.863s] Level 1:colcon.colcon_core.package_discovery:discover_packages(ignore) discover
[0.864s] Level 1:colcon.colcon_core.package_discovery:discover_packages(ignore) using defaults
[0.864s] Level 1:colcon.colcon_core.package_discovery:discover_packages(path) discover
[0.864s] Level 1:colcon.colcon_core.package_discovery:discover_packages(path) using defaults
[0.936s] INFO:colcon.colcon_core.package_selection:Skipping not selected package 'controls' in 'controls'
[0.936s] INFO:colcon.colcon_core.package_selection:Skipping not selected package 'model_defect' in 'model_defect'
[0.936s] INFO:colcon.colcon_core.package_selection:Skipping not selected package 'offboard_testing' in 'offboard_testing'
[0.939s] Level 1:colcon.colcon_core.package_discovery:discover_packages(prefix_path) check parameters
[0.940s] Level 1:colcon.colcon_core.package_discovery:discover_packages(prefix_path) discover
[0.956s] DEBUG:colcon.colcon_installed_package_information.package_discovery:Found 269 installed packages in /opt/ros/foxy
[0.963s] Level 1:colcon.colcon_core.package_discovery:discover_packages(prefix_path) using defaults
[1.278s] Level 5:colcon.colcon_core.verb:set package 'imaging' build argument 'cmake_args' from command line to 'None'
[1.279s] Level 5:colcon.colcon_core.verb:set package 'imaging' build argument 'cmake_target' from command line to 'None'
[1.279s] Level 5:colcon.colcon_core.verb:set package 'imaging' build argument 'cmake_target_skip_unavailable' from command line to 'False'
[1.279s] Level 5:colcon.colcon_core.verb:set package 'imaging' build argument 'cmake_clean_cache' from command line to 'False'
[1.279s] Level 5:colcon.colcon_core.verb:set package 'imaging' build argument 'cmake_clean_first' from command line to 'False'
[1.279s] Level 5:colcon.colcon_core.verb:set package 'imaging' build argument 'cmake_force_configure' from command line to 'False'
[1.279s] Level 5:colcon.colcon_core.verb:set package 'imaging' build argument 'ament_cmake_args' from command line to 'None'
[1.280s] Level 5:colcon.colcon_core.verb:set package 'imaging' build argument 'catkin_cmake_args' from command line to 'None'
[1.280s] Level 5:colcon.colcon_core.verb:set package 'imaging' build argument 'catkin_skip_building_tests' from command line to 'False'
[1.280s] DEBUG:colcon.colcon_core.verb:Building package 'imaging' with the following arguments: {'ament_cmake_args': None, 'build_base': '/home/ubuntu/ros2_ws/bridgeroadinspectiondrone/ros/src/build/imaging', 'catkin_cmake_args': None, 'catkin_skip_building_tests': False, 'cmake_args': None, 'cmake_clean_cache': False, 'cmake_clean_first': False, 'cmake_force_configure': False, 'cmake_target': None, 'cmake_target_skip_unavailable': False, 'install_base': '/home/ubuntu/ros2_ws/bridgeroadinspectiondrone/ros/src/install/imaging', 'merge_install': False, 'path': '/home/ubuntu/ros2_ws/bridgeroadinspectiondrone/ros/src/imaging', 'symlink_install': False, 'test_result_base': None}
[1.284s] Level 5:colcon.colcon_core.verb:set package 'road_nav' build argument 'cmake_args' from command line to 'None'
[1.285s] Level 5:colcon.colcon_core.verb:set package 'road_nav' build argument 'cmake_target' from command line to 'None'
[1.285s] Level 5:colcon.colcon_core.verb:set package 'road_nav' build argument 'cmake_target_skip_unavailable' from command line to 'False'
[1.285s] Level 5:colcon.colcon_core.verb:set package 'road_nav' build argument 'cmake_clean_cache' from command line to 'False'
[1.285s] Level 5:colcon.colcon_core.verb:set package 'road_nav' build argument 'cmake_clean_first' from command line to 'False'
[1.285s] Level 5:colcon.colcon_core.verb:set package 'road_nav' build argument 'cmake_force_configure' from command line to 'False'
[1.285s] Level 5:colcon.colcon_core.verb:set package 'road_nav' build argument 'ament_cmake_args' from command line to 'None'
[1.285s] Level 5:colcon.colcon_core.verb:set package 'road_nav' build argument 'catkin_cmake_args' from command line to 'None'
[1.286s] Level 5:colcon.colcon_core.verb:set package 'road_nav' build argument 'catkin_skip_building_tests' from command line to 'False'
[1.286s] DEBUG:colcon.colcon_core.verb:Building package 'road_nav' with the following arguments: {'ament_cmake_args': None, 'build_base': '/home/ubuntu/ros2_ws/bridgeroadinspectiondrone/ros/src/build/road_nav', 'catkin_cmake_args': None, 'catkin_skip_building_tests': False, 'cmake_args': None, 'cmake_clean_cache': False, 'cmake_clean_first': False, 'cmake_force_configure': False, 'cmake_target': None, 'cmake_target_skip_unavailable': False, 'install_base': '/home/ubuntu/ros2_ws/bridgeroadinspectiondrone/ros/src/install/road_nav', 'merge_install': False, 'path': '/home/ubuntu/ros2_ws/bridgeroadinspectiondrone/ros/src/road_nav', 'symlink_install': False, 'test_result_base': None}
[1.288s] INFO:colcon.colcon_core.executor:Executing jobs using 'parallel' executor
[1.307s] DEBUG:colcon.colcon_parallel_executor.executor.parallel:run_until_complete
[1.309s] INFO:colcon.colcon_ros.task.ament_cmake.build:Building ROS package in '/home/ubuntu/ros2_ws/bridgeroadinspectiondrone/ros/src/imaging' with build type 'ament_cmake'
[1.310s] INFO:colcon.colcon_cmake.task.cmake.build:Building CMake package in '/home/ubuntu/ros2_ws/bridgeroadinspectiondrone/ros/src/imaging'
[1.336s] INFO:colcon.colcon_core.plugin_system:Skipping extension 'colcon_core.shell.bat': Not used on non-Windows systems
[1.337s] INFO:colcon.colcon_core.shell:Skip shell extension 'powershell' for command environment: Not usable outside of PowerShell
[1.337s] DEBUG:colcon.colcon_core.shell:Skip shell extension 'dsv' for command environment
[1.362s] INFO:colcon.colcon_ros.task.ament_python.build:Building ROS package in '/home/ubuntu/ros2_ws/bridgeroadinspectiondrone/ros/src/road_nav' with build type 'ament_python'
[1.363s] Level 1:colcon.colcon_core.shell:create_environment_hook('road_nav', 'ament_prefix_path')
[1.371s] INFO:colcon.colcon_core.shell:Creating environment hook '/home/ubuntu/ros2_ws/bridgeroadinspectiondrone/ros/src/install/road_nav/share/road_nav/hook/ament_prefix_path.ps1'
[1.375s] INFO:colcon.colcon_core.shell:Creating environment descriptor '/home/ubuntu/ros2_ws/bridgeroadinspectiondrone/ros/src/install/road_nav/share/road_nav/hook/ament_prefix_path.dsv'
[1.379s] INFO:colcon.colcon_core.shell:Creating environment hook '/home/ubuntu/ros2_ws/bridgeroadinspectiondrone/ros/src/install/road_nav/share/road_nav/hook/ament_prefix_path.sh'
[1.388s] INFO:colcon.colcon_core.shell:Skip shell extension 'powershell' for command environment: Not usable outside of PowerShell
[1.389s] DEBUG:colcon.colcon_core.shell:Skip shell extension 'dsv' for command environment
[1.439s] DEBUG:colcon.colcon_core.event_handler.log_command:Invoking command in '/home/ubuntu/ros2_ws/bridgeroadinspectiondrone/ros/src/build/imaging': CMAKE_PREFIX_PATH=/opt/ros/foxy /usr/bin/cmake --build /home/ubuntu/ros2_ws/bridgeroadinspectiondrone/ros/src/build/imaging -- -j4 -l4
[3.153s] INFO:colcon.colcon_core.task.python.build:Building Python package in '/home/ubuntu/ros2_ws/bridgeroadinspectiondrone/ros/src/road_nav'
[3.172s] INFO:colcon.colcon_core.shell:Skip shell extension 'powershell' for command environment: Not usable outside of PowerShell
[3.173s] DEBUG:colcon.colcon_core.shell:Skip shell extension 'dsv' for command environment
[6.539s] DEBUG:colcon.colcon_core.event_handler.log_command:Invoking command in '/home/ubuntu/ros2_ws/bridgeroadinspectiondrone/ros/src/road_nav': PYTHONPATH=/home/ubuntu/ros2_ws/bridgeroadinspectiondrone/ros/src/install/road_nav/lib/python3.8/site-packages:${PYTHONPATH} /usr/bin/python3 setup.py egg_info --egg-base ../build/road_nav build --build-base /home/ubuntu/ros2_ws/bridgeroadinspectiondrone/ros/src/build/road_nav/build install --prefix /home/ubuntu/ros2_ws/bridgeroadinspectiondrone/ros/src/install/road_nav --record /home/ubuntu/ros2_ws/bridgeroadinspectiondrone/ros/src/build/road_nav/install.log --single-version-externally-managed
[9.284s] DEBUG:colcon.colcon_core.event_handler.log_command:Invoked command in '/home/ubuntu/ros2_ws/bridgeroadinspectiondrone/ros/src/road_nav' returned '0': PYTHONPATH=/home/ubuntu/ros2_ws/bridgeroadinspectiondrone/ros/src/install/road_nav/lib/python3.8/site-packages:${PYTHONPATH} /usr/bin/python3 setup.py egg_info --egg-base ../build/road_nav build --build-base /home/ubuntu/ros2_ws/bridgeroadinspectiondrone/ros/src/build/road_nav/build install --prefix /home/ubuntu/ros2_ws/bridgeroadinspectiondrone/ros/src/install/road_nav --record /home/ubuntu/ros2_ws/bridgeroadinspectiondrone/ros/src/build/road_nav/install.log --single-version-externally-managed
[9.365s] Level 1:colcon.colcon_core.environment:checking '/home/ubuntu/ros2_ws/bridgeroadinspectiondrone/ros/src/install/road_nav' for CMake module files
[9.381s] Level 1:colcon.colcon_core.environment:checking '/home/ubuntu/ros2_ws/bridgeroadinspectiondrone/ros/src/install/road_nav' for CMake config files
[9.388s] Level 1:colcon.colcon_core.environment:checking '/home/ubuntu/ros2_ws/bridgeroadinspectiondrone/ros/src/install/road_nav/lib'
[9.389s] Level 1:colcon.colcon_core.environment:checking '/home/ubuntu/ros2_ws/bridgeroadinspectiondrone/ros/src/install/road_nav/bin'
[9.390s] Level 1:colcon.colcon_core.environment:checking '/home/ubuntu/ros2_ws/bridgeroadinspectiondrone/ros/src/install/road_nav/lib/pkgconfig/road_nav.pc'
[9.404s] Level 1:colcon.colcon_core.environment:checking '/home/ubuntu/ros2_ws/bridgeroadinspectiondrone/ros/src/install/road_nav/lib/python3.8/site-packages'
[9.405s] Level 1:colcon.colcon_core.shell:create_environment_hook('road_nav', 'pythonpath')
[9.417s] INFO:colcon.colcon_core.shell:Creating environment hook '/home/ubuntu/ros2_ws/bridgeroadinspectiondrone/ros/src/install/road_nav/share/road_nav/hook/pythonpath.ps1'
[9.423s] INFO:colcon.colcon_core.shell:Creating environment descriptor '/home/ubuntu/ros2_ws/bridgeroadinspectiondrone/ros/src/install/road_nav/share/road_nav/hook/pythonpath.dsv'
[9.427s] INFO:colcon.colcon_core.shell:Creating environment hook '/home/ubuntu/ros2_ws/bridgeroadinspectiondrone/ros/src/install/road_nav/share/road_nav/hook/pythonpath.sh'
[9.431s] Level 1:colcon.colcon_core.environment:checking '/home/ubuntu/ros2_ws/bridgeroadinspectiondrone/ros/src/install/road_nav/bin'
[9.432s] Level 1:colcon.colcon_core.environment:create_environment_scripts_only(road_nav)
[9.442s] INFO:colcon.colcon_core.shell:Creating package script '/home/ubuntu/ros2_ws/bridgeroadinspectiondrone/ros/src/install/road_nav/share/road_nav/package.ps1'
[9.473s] INFO:colcon.colcon_core.shell:Creating package descriptor '/home/ubuntu/ros2_ws/bridgeroadinspectiondrone/ros/src/install/road_nav/share/road_nav/package.dsv'
[9.477s] INFO:colcon.colcon_core.shell:Creating package script '/home/ubuntu/ros2_ws/bridgeroadinspectiondrone/ros/src/install/road_nav/share/road_nav/package.sh'
[9.495s] INFO:colcon.colcon_core.shell:Creating package script '/home/ubuntu/ros2_ws/bridgeroadinspectiondrone/ros/src/install/road_nav/share/road_nav/package.bash'
[9.499s] INFO:colcon.colcon_core.shell:Creating package script '/home/ubuntu/ros2_ws/bridgeroadinspectiondrone/ros/src/install/road_nav/share/road_nav/package.zsh'
[9.504s] Level 1:colcon.colcon_core.environment:create_file_with_runtime_dependencies(/home/ubuntu/ros2_ws/bridgeroadinspectiondrone/ros/src/install/road_nav/share/colcon-core/packages/road_nav)
[31.330s] DEBUG:colcon.colcon_core.event_handler.log_command:Invoked command in '/home/ubuntu/ros2_ws/bridgeroadinspectiondrone/ros/src/build/imaging' returned '0': CMAKE_PREFIX_PATH=/opt/ros/foxy /usr/bin/cmake --build /home/ubuntu/ros2_ws/bridgeroadinspectiondrone/ros/src/build/imaging -- -j4 -l4
[31.487s] DEBUG:colcon.colcon_core.event_handler.log_command:Invoking command in '/home/ubuntu/ros2_ws/bridgeroadinspectiondrone/ros/src/build/imaging': CMAKE_PREFIX_PATH=/opt/ros/foxy /usr/bin/cmake --install /home/ubuntu/ros2_ws/bridgeroadinspectiondrone/ros/src/build/imaging
[31.537s] Level 1:colcon.colcon_core.environment:create_environment_scripts_only(imaging)
[31.546s] Level 1:colcon.colcon_core.environment:checking '/home/ubuntu/ros2_ws/bridgeroadinspectiondrone/ros/src/install/imaging' for CMake module files
[31.548s] DEBUG:colcon.colcon_core.event_handler.log_command:Invoked command in '/home/ubuntu/ros2_ws/bridgeroadinspectiondrone/ros/src/build/imaging' returned '0': CMAKE_PREFIX_PATH=/opt/ros/foxy /usr/bin/cmake --install /home/ubuntu/ros2_ws/bridgeroadinspectiondrone/ros/src/build/imaging
[31.550s] Level 1:colcon.colcon_core.environment:checking '/home/ubuntu/ros2_ws/bridgeroadinspectiondrone/ros/src/install/imaging' for CMake config files
[31.552s] Level 1:colcon.colcon_core.shell:create_environment_hook('imaging', 'cmake_prefix_path')
[31.558s] INFO:colcon.colcon_core.shell:Creating environment hook '/home/ubuntu/ros2_ws/bridgeroadinspectiondrone/ros/src/install/imaging/share/imaging/hook/cmake_prefix_path.ps1'
[31.560s] INFO:colcon.colcon_core.shell:Creating environment descriptor '/home/ubuntu/ros2_ws/bridgeroadinspectiondrone/ros/src/install/imaging/share/imaging/hook/cmake_prefix_path.dsv'
[31.562s] INFO:colcon.colcon_core.shell:Creating environment hook '/home/ubuntu/ros2_ws/bridgeroadinspectiondrone/ros/src/install/imaging/share/imaging/hook/cmake_prefix_path.sh'
[31.565s] Level 1:colcon.colcon_core.environment:checking '/home/ubuntu/ros2_ws/bridgeroadinspectiondrone/ros/src/install/imaging/lib'
[31.565s] Level 1:colcon.colcon_core.environment:checking '/home/ubuntu/ros2_ws/bridgeroadinspectiondrone/ros/src/install/imaging/bin'
[31.566s] Level 1:colcon.colcon_core.environment:checking '/home/ubuntu/ros2_ws/bridgeroadinspectiondrone/ros/src/install/imaging/lib/pkgconfig/imaging.pc'
[31.567s] Level 1:colcon.colcon_core.environment:checking '/home/ubuntu/ros2_ws/bridgeroadinspectiondrone/ros/src/install/imaging/lib/python3.8/site-packages'
[31.568s] Level 1:colcon.colcon_core.environment:checking '/home/ubuntu/ros2_ws/bridgeroadinspectiondrone/ros/src/install/imaging/bin'
[31.574s] INFO:colcon.colcon_core.shell:Creating package script '/home/ubuntu/ros2_ws/bridgeroadinspectiondrone/ros/src/install/imaging/share/imaging/package.ps1'
[31.576s] INFO:colcon.colcon_core.shell:Creating package descriptor '/home/ubuntu/ros2_ws/bridgeroadinspectiondrone/ros/src/install/imaging/share/imaging/package.dsv'
[31.578s] INFO:colcon.colcon_core.shell:Creating package script '/home/ubuntu/ros2_ws/bridgeroadinspectiondrone/ros/src/install/imaging/share/imaging/package.sh'
[31.580s] INFO:colcon.colcon_core.shell:Creating package script '/home/ubuntu/ros2_ws/bridgeroadinspectiondrone/ros/src/install/imaging/share/imaging/package.bash'
[31.582s] INFO:colcon.colcon_core.shell:Creating package script '/home/ubuntu/ros2_ws/bridgeroadinspectiondrone/ros/src/install/imaging/share/imaging/package.zsh'
[31.585s] Level 1:colcon.colcon_core.environment:create_file_with_runtime_dependencies(/home/ubuntu/ros2_ws/bridgeroadinspectiondrone/ros/src/install/imaging/share/colcon-core/packages/imaging)
[31.700s] Level 1:colcon.colcon_core.environment:create_environment_scripts_only(imaging)
[31.711s] Level 1:colcon.colcon_core.environment:checking '/home/ubuntu/ros2_ws/bridgeroadinspectiondrone/ros/src/install/imaging' for CMake module files
[31.715s] Level 1:colcon.colcon_core.environment:checking '/home/ubuntu/ros2_ws/bridgeroadinspectiondrone/ros/src/install/imaging' for CMake config files
[31.716s] Level 1:colcon.colcon_core.shell:create_environment_hook('imaging', 'cmake_prefix_path')
[31.723s] INFO:colcon.colcon_core.shell:Creating environment hook '/home/ubuntu/ros2_ws/bridgeroadinspectiondrone/ros/src/install/imaging/share/imaging/hook/cmake_prefix_path.ps1'
[31.725s] INFO:colcon.colcon_core.shell:Creating environment descriptor '/home/ubuntu/ros2_ws/bridgeroadinspectiondrone/ros/src/install/imaging/share/imaging/hook/cmake_prefix_path.dsv'
[31.728s] INFO:colcon.colcon_core.shell:Creating environment hook '/home/ubuntu/ros2_ws/bridgeroadinspectiondrone/ros/src/install/imaging/share/imaging/hook/cmake_prefix_path.sh'
[31.731s] Level 1:colcon.colcon_core.environment:checking '/home/ubuntu/ros2_ws/bridgeroadinspectiondrone/ros/src/install/imaging/lib'
[31.732s] Level 1:colcon.colcon_core.environment:checking '/home/ubuntu/ros2_ws/bridgeroadinspectiondrone/ros/src/install/imaging/bin'
[31.732s] Level 1:colcon.colcon_core.environment:checking '/home/ubuntu/ros2_ws/bridgeroadinspectiondrone/ros/src/install/imaging/lib/pkgconfig/imaging.pc'
[31.733s] Level 1:colcon.colcon_core.environment:checking '/home/ubuntu/ros2_ws/bridgeroadinspectiondrone/ros/src/install/imaging/lib/python3.8/site-packages'
[31.734s] Level 1:colcon.colcon_core.environment:checking '/home/ubuntu/ros2_ws/bridgeroadinspectiondrone/ros/src/install/imaging/bin'
[31.741s] INFO:colcon.colcon_core.shell:Creating package script '/home/ubuntu/ros2_ws/bridgeroadinspectiondrone/ros/src/install/imaging/share/imaging/package.ps1'
[31.743s] INFO:colcon.colcon_core.shell:Creating package descriptor '/home/ubuntu/ros2_ws/bridgeroadinspectiondrone/ros/src/install/imaging/share/imaging/package.dsv'
[31.746s] INFO:colcon.colcon_core.shell:Creating package script '/home/ubuntu/ros2_ws/bridgeroadinspectiondrone/ros/src/install/imaging/share/imaging/package.sh'
[31.749s] INFO:colcon.colcon_core.shell:Creating package script '/home/ubuntu/ros2_ws/bridgeroadinspectiondrone/ros/src/install/imaging/share/imaging/package.bash'
[31.752s] INFO:colcon.colcon_core.shell:Creating package script '/home/ubuntu/ros2_ws/bridgeroadinspectiondrone/ros/src/install/imaging/share/imaging/package.zsh'
[31.755s] Level 1:colcon.colcon_core.environment:create_file_with_runtime_dependencies(/home/ubuntu/ros2_ws/bridgeroadinspectiondrone/ros/src/install/imaging/share/colcon-core/packages/imaging)
[31.757s] DEBUG:colcon.colcon_parallel_executor.executor.parallel:closing loop
[31.759s] DEBUG:colcon.colcon_parallel_executor.executor.parallel:loop closed
[31.759s] DEBUG:colcon.colcon_parallel_executor.executor.parallel:run_until_complete finished with '0'
[31.762s] DEBUG:colcon.colcon_core.event_reactor:joining thread
[31.794s] INFO:colcon.colcon_core.plugin_system:Skipping extension 'colcon_notification.desktop_notification.notify_send': Could not find 'notify-send'
[31.795s] INFO:colcon.colcon_core.plugin_system:Skipping extension 'colcon_notification.desktop_notification.terminal_notifier': Not used on non-Darwin systems
[31.795s] INFO:colcon.colcon_core.plugin_system:Skipping extension 'colcon_notification.desktop_notification.win32': Not used on non-Windows systems
[31.796s] INFO:colcon.colcon_notification.desktop_notification:Sending desktop notification using 'notify2'
[31.800s] DEBUG:colcon.colcon_notification.desktop_notification.notify2:Failed to initialize notify2: org.freedesktop.DBus.Error.ServiceUnknown: The name org.freedesktop.Notifications was not provided by any .service files
[31.801s] DEBUG:colcon.colcon_core.event_reactor:joined thread
[31.807s] INFO:colcon.colcon_core.shell:Creating prefix script '/home/ubuntu/ros2_ws/bridgeroadinspectiondrone/ros/src/install/local_setup.ps1'
[31.811s] INFO:colcon.colcon_core.shell:Creating prefix util module '/home/ubuntu/ros2_ws/bridgeroadinspectiondrone/ros/src/install/_local_setup_util_ps1.py'
[31.816s] INFO:colcon.colcon_core.shell:Creating prefix chain script '/home/ubuntu/ros2_ws/bridgeroadinspectiondrone/ros/src/install/setup.ps1'
[31.822s] INFO:colcon.colcon_core.shell:Creating prefix script '/home/ubuntu/ros2_ws/bridgeroadinspectiondrone/ros/src/install/local_setup.sh'
[31.826s] INFO:colcon.colcon_core.shell:Creating prefix util module '/home/ubuntu/ros2_ws/bridgeroadinspectiondrone/ros/src/install/_local_setup_util_sh.py'
[31.828s] INFO:colcon.colcon_core.shell:Creating prefix chain script '/home/ubuntu/ros2_ws/bridgeroadinspectiondrone/ros/src/install/setup.sh'
[31.835s] INFO:colcon.colcon_core.shell:Creating prefix script '/home/ubuntu/ros2_ws/bridgeroadinspectiondrone/ros/src/install/local_setup.bash'
[31.838s] INFO:colcon.colcon_core.shell:Creating prefix chain script '/home/ubuntu/ros2_ws/bridgeroadinspectiondrone/ros/src/install/setup.bash'
[31.843s] INFO:colcon.colcon_core.shell:Creating prefix script '/home/ubuntu/ros2_ws/bridgeroadinspectiondrone/ros/src/install/local_setup.zsh'
[31.846s] INFO:colcon.colcon_core.shell:Creating prefix chain script '/home/ubuntu/ros2_ws/bridgeroadinspectiondrone/ros/src/install/setup.zsh'
