[0.062s] Invoking command in '/home/ubuntu/ros2_ws/bridgeroadinspectiondrone/ros/src/build/imaging': CMAKE_PREFIX_PATH=/opt/ros/foxy /usr/bin/cmake --build /home/ubuntu/ros2_ws/bridgeroadinspectiondrone/ros/src/build/imaging -- -j4 -l4
[0.183s] -- Found ament_cmake: 0.9.11 (/opt/ros/foxy/share/ament_cmake/cmake)
[0.286s] -- Using PYTHON_EXECUTABLE: /usr/bin/python3
[1.428s] -- Found rclcpp: 2.4.2 (/opt/ros/foxy/share/rclcpp/cmake)
[1.671s] -- Using all available rosidl_typesupport_c: rosidl_typesupport_fastrtps_c;rosidl_typesupport_introspection_c
[1.694s] -- Found rosidl_adapter: 1.3.0 (/opt/ros/foxy/share/rosidl_adapter/cmake)
[2.767s] -- Using all available rosidl_typesupport_cpp: rosidl_typesupport_fastrtps_cpp;rosidl_typesupport_introspection_cpp
[3.005s] -- Found rmw_implementation_cmake: 1.0.3 (/opt/ros/foxy/share/rmw_implementation_cmake/cmake)
[3.012s] -- Using RMW implementation 'rmw_fastrtps_cpp' as default
[3.750s] -- Found cv_bridge: 3.0.7 (/opt/ros/foxy/share/cv_bridge/cmake)
[4.308s] -- Found image_transport: 2.4.0 (/opt/ros/foxy/share/image_transport/cmake)
[4.758s] CMake Error at CMakeLists.txt:26 (find_package):
[4.758s]   By not providing "Findlseek.cmake" in CMAKE_MODULE_PATH this project has
[4.759s]   asked CMake to find a package configuration file provided by "lseek", but
[4.760s]   CMake did not find one.
[4.761s] 
[4.761s]   Could not find a package configuration file provided by "lseek" with any of
[4.762s]   the following names:
[4.762s] 
[4.763s]     lseekConfig.cmake
[4.763s]     lseek-config.cmake
[4.764s] 
[4.764s]   Add the installation prefix of "lseek" to CMAKE_PREFIX_PATH or set
[4.767s]   "lseek_DIR" to a directory containing one of the above files.  If "lseek"
[4.768s]   provides a separate development package or SDK, be sure it has been
[4.770s]   installed.
[4.771s] 
[4.774s] 
[4.777s] -- Configuring incomplete, errors occurred!
[4.780s] See also "/home/ubuntu/ros2_ws/bridgeroadinspectiondrone/ros/src/build/imaging/CMakeFiles/CMakeOutput.log".
[4.785s] See also "/home/ubuntu/ros2_ws/bridgeroadinspectiondrone/ros/src/build/imaging/CMakeFiles/CMakeError.log".
[4.810s] make: *** [Makefile:266: cmake_check_build_system] Error 1
[4.822s] Invoked command in '/home/ubuntu/ros2_ws/bridgeroadinspectiondrone/ros/src/build/imaging' returned '2': CMAKE_PREFIX_PATH=/opt/ros/foxy /usr/bin/cmake --build /home/ubuntu/ros2_ws/bridgeroadinspectiondrone/ros/src/build/imaging -- -j4 -l4
