[5.174s] Invoking command in '/home/ubuntu/ros2_ws/bridgeroadinspectiondrone/ros/src/road_nav': PYTHONPATH=/home/ubuntu/ros2_ws/bridgeroadinspectiondrone/ros/src/install/road_nav/lib/python3.8/site-packages:${PYTHONPATH} /usr/bin/python3 setup.py egg_info --egg-base ../build/road_nav build --build-base /home/ubuntu/ros2_ws/bridgeroadinspectiondrone/ros/src/build/road_nav/build install --prefix /home/ubuntu/ros2_ws/bridgeroadinspectiondrone/ros/src/install/road_nav --record /home/ubuntu/ros2_ws/bridgeroadinspectiondrone/ros/src/build/road_nav/install.log --single-version-externally-managed
[7.293s] running egg_info
[7.300s] writing ../build/road_nav/road_nav.egg-info/PKG-INFO
[7.303s] writing dependency_links to ../build/road_nav/road_nav.egg-info/dependency_links.txt
[7.304s] writing entry points to ../build/road_nav/road_nav.egg-info/entry_points.txt
[7.306s] writing requirements to ../build/road_nav/road_nav.egg-info/requires.txt
[7.307s] writing top-level names to ../build/road_nav/road_nav.egg-info/top_level.txt
[7.509s] reading manifest file '../build/road_nav/road_nav.egg-info/SOURCES.txt'
[7.515s] writing manifest file '../build/road_nav/road_nav.egg-info/SOURCES.txt'
[7.517s] running build
[7.518s] running build_py
[7.520s] copying road_nav/road_nav.py -> /home/ubuntu/ros2_ws/bridgeroadinspectiondrone/ros/src/build/road_nav/build/lib/road_nav
[7.523s] running install
[7.528s] running install_lib
[7.535s] copying /home/ubuntu/ros2_ws/bridgeroadinspectiondrone/ros/src/build/road_nav/build/lib/road_nav/road_nav.py -> /home/ubuntu/ros2_ws/bridgeroadinspectiondrone/ros/src/install/road_nav/lib/python3.8/site-packages/road_nav
[7.541s] byte-compiling /home/ubuntu/ros2_ws/bridgeroadinspectiondrone/ros/src/install/road_nav/lib/python3.8/site-packages/road_nav/road_nav.py to road_nav.cpython-38.pyc
[7.550s] running install_data
[7.554s] running install_egg_info
[7.563s] removing '/home/ubuntu/ros2_ws/bridgeroadinspectiondrone/ros/src/install/road_nav/lib/python3.8/site-packages/road_nav-0.0.0-py3.8.egg-info' (and everything under it)
[7.572s] Copying ../build/road_nav/road_nav.egg-info to /home/ubuntu/ros2_ws/bridgeroadinspectiondrone/ros/src/install/road_nav/lib/python3.8/site-packages/road_nav-0.0.0-py3.8.egg-info
[7.590s] running install_scripts
[7.703s] Installing road_nav script to /home/ubuntu/ros2_ws/bridgeroadinspectiondrone/ros/src/install/road_nav/lib/road_nav
[7.707s] writing list of installed files to '/home/ubuntu/ros2_ws/bridgeroadinspectiondrone/ros/src/build/road_nav/install.log'
[7.920s] Invoked command in '/home/ubuntu/ros2_ws/bridgeroadinspectiondrone/ros/src/road_nav' returned '0': PYTHONPATH=/home/ubuntu/ros2_ws/bridgeroadinspectiondrone/ros/src/install/road_nav/lib/python3.8/site-packages:${PYTHONPATH} /usr/bin/python3 setup.py egg_info --egg-base ../build/road_nav build --build-base /home/ubuntu/ros2_ws/bridgeroadinspectiondrone/ros/src/build/road_nav/build install --prefix /home/ubuntu/ros2_ws/bridgeroadinspectiondrone/ros/src/install/road_nav --record /home/ubuntu/ros2_ws/bridgeroadinspectiondrone/ros/src/build/road_nav/install.log --single-version-externally-managed
