[0.065s] Invoking command in '/home/ubuntu/ros2_ws/bridgeroadinspectiondrone/ros/src/build/imaging': CMAKE_PREFIX_PATH=/opt/ros/foxy /usr/bin/cmake --build /home/ubuntu/ros2_ws/bridgeroadinspectiondrone/ros/src/build/imaging -- -j4 -l4
[0.251s] [35m[1mScanning dependencies of target image_pub[0m
[0.431s] [ 50%] [32mBuilding CXX object CMakeFiles/image_pub.dir/src/image_pub.cpp.o[0m
[23.987s] [100%] [32m[1mLinking CXX executable image_pub[0m
[26.252s] /usr/bin/ld: warning: libopencv_imgproc.so.4.2, needed by /usr/local/lib/libseek.so, may conflict with libopencv_imgproc.so.406
[26.253s] /usr/bin/ld: warning: libopencv_core.so.4.2, needed by /usr/local/lib/libseek.so, may conflict with libopencv_core.so.406
[26.297s] [100%] Built target image_pub
[26.338s] Invoked command in '/home/ubuntu/ros2_ws/bridgeroadinspectiondrone/ros/src/build/imaging' returned '0': CMAKE_PREFIX_PATH=/opt/ros/foxy /usr/bin/cmake --build /home/ubuntu/ros2_ws/bridgeroadinspectiondrone/ros/src/build/imaging -- -j4 -l4
[26.488s] Invoking command in '/home/ubuntu/ros2_ws/bridgeroadinspectiondrone/ros/src/build/imaging': CMAKE_PREFIX_PATH=/opt/ros/foxy /usr/bin/cmake --install /home/ubuntu/ros2_ws/bridgeroadinspectiondrone/ros/src/build/imaging
[26.525s] -- Install configuration: ""
[26.526s] -- Installing: /home/ubuntu/ros2_ws/bridgeroadinspectiondrone/ros/src/install/imaging/lib/imaging/image_pub
[26.533s] -- Set runtime path of "/home/ubuntu/ros2_ws/bridgeroadinspectiondrone/ros/src/install/imaging/lib/imaging/image_pub" to ""
[26.534s] -- Up-to-date: /home/ubuntu/ros2_ws/bridgeroadinspectiondrone/ros/src/install/imaging/share/ament_index/resource_index/package_run_dependencies/imaging
[26.535s] -- Up-to-date: /home/ubuntu/ros2_ws/bridgeroadinspectiondrone/ros/src/install/imaging/share/ament_index/resource_index/parent_prefix_path/imaging
[26.539s] -- Up-to-date: /home/ubuntu/ros2_ws/bridgeroadinspectiondrone/ros/src/install/imaging/share/imaging/environment/ament_prefix_path.sh
[26.540s] -- Up-to-date: /home/ubuntu/ros2_ws/bridgeroadinspectiondrone/ros/src/install/imaging/share/imaging/environment/ament_prefix_path.dsv
[26.540s] -- Up-to-date: /home/ubuntu/ros2_ws/bridgeroadinspectiondrone/ros/src/install/imaging/share/imaging/environment/path.sh
[26.542s] -- Up-to-date: /home/ubuntu/ros2_ws/bridgeroadinspectiondrone/ros/src/install/imaging/share/imaging/environment/path.dsv
[26.543s] -- Up-to-date: /home/ubuntu/ros2_ws/bridgeroadinspectiondrone/ros/src/install/imaging/share/imaging/local_setup.bash
[26.543s] -- Up-to-date: /home/ubuntu/ros2_ws/bridgeroadinspectiondrone/ros/src/install/imaging/share/imaging/local_setup.sh
[26.544s] -- Up-to-date: /home/ubuntu/ros2_ws/bridgeroadinspectiondrone/ros/src/install/imaging/share/imaging/local_setup.zsh
[26.545s] -- Up-to-date: /home/ubuntu/ros2_ws/bridgeroadinspectiondrone/ros/src/install/imaging/share/imaging/local_setup.dsv
[26.546s] -- Installing: /home/ubuntu/ros2_ws/bridgeroadinspectiondrone/ros/src/install/imaging/share/imaging/package.dsv
[26.547s] -- Up-to-date: /home/ubuntu/ros2_ws/bridgeroadinspectiondrone/ros/src/install/imaging/share/ament_index/resource_index/packages/imaging
[26.547s] -- Up-to-date: /home/ubuntu/ros2_ws/bridgeroadinspectiondrone/ros/src/install/imaging/share/imaging/cmake/imagingConfig.cmake
[26.548s] -- Up-to-date: /home/ubuntu/ros2_ws/bridgeroadinspectiondrone/ros/src/install/imaging/share/imaging/cmake/imagingConfig-version.cmake
[26.548s] -- Up-to-date: /home/ubuntu/ros2_ws/bridgeroadinspectiondrone/ros/src/install/imaging/share/imaging/package.xml
[26.553s] Invoked command in '/home/ubuntu/ros2_ws/bridgeroadinspectiondrone/ros/src/build/imaging' returned '0': CMAKE_PREFIX_PATH=/opt/ros/foxy /usr/bin/cmake --install /home/ubuntu/ros2_ws/bridgeroadinspectiondrone/ros/src/build/imaging
