running egg_info
writing ../build/road_nav/road_nav.egg-info/PKG-INFO
writing dependency_links to ../build/road_nav/road_nav.egg-info/dependency_links.txt
writing entry points to ../build/road_nav/road_nav.egg-info/entry_points.txt
writing requirements to ../build/road_nav/road_nav.egg-info/requires.txt
writing top-level names to ../build/road_nav/road_nav.egg-info/top_level.txt
reading manifest file '../build/road_nav/road_nav.egg-info/SOURCES.txt'
writing manifest file '../build/road_nav/road_nav.egg-info/SOURCES.txt'
running build
running build_py
copying road_nav/road_nav.py -> /home/ubuntu/ros2_ws/bridgeroadinspectiondrone/ros/src/build/road_nav/build/lib/road_nav
running install
running install_lib
copying /home/ubuntu/ros2_ws/bridgeroadinspectiondrone/ros/src/build/road_nav/build/lib/road_nav/road_nav.py -> /home/ubuntu/ros2_ws/bridgeroadinspectiondrone/ros/src/install/road_nav/lib/python3.8/site-packages/road_nav
byte-compiling /home/ubuntu/ros2_ws/bridgeroadinspectiondrone/ros/src/install/road_nav/lib/python3.8/site-packages/road_nav/road_nav.py to road_nav.cpython-38.pyc
running install_data
running install_egg_info
removing '/home/ubuntu/ros2_ws/bridgeroadinspectiondrone/ros/src/install/road_nav/lib/python3.8/site-packages/road_nav-0.0.0-py3.8.egg-info' (and everything under it)
Copying ../build/road_nav/road_nav.egg-info to /home/ubuntu/ros2_ws/bridgeroadinspectiondrone/ros/src/install/road_nav/lib/python3.8/site-packages/road_nav-0.0.0-py3.8.egg-info
running install_scripts
Installing road_nav script to /home/ubuntu/ros2_ws/bridgeroadinspectiondrone/ros/src/install/road_nav/lib/road_nav
writing list of installed files to '/home/ubuntu/ros2_ws/bridgeroadinspectiondrone/ros/src/build/road_nav/install.log'
