[3.910s] Invoking command in '/home/ubuntu/ros2_ws/bridgeroadinspectiondrone/ros/src/controls': PYTHONPATH=/home/ubuntu/ros2_ws/bridgeroadinspectiondrone/ros/src/install/controls/lib/python3.8/site-packages:${PYTHONPATH} /usr/bin/python3 setup.py egg_info --egg-base ../build/controls build --build-base /home/ubuntu/ros2_ws/bridgeroadinspectiondrone/ros/src/build/controls/build install --prefix /home/ubuntu/ros2_ws/bridgeroadinspectiondrone/ros/src/install/controls --record /home/ubuntu/ros2_ws/bridgeroadinspectiondrone/ros/src/build/controls/install.log --single-version-externally-managed
[4.889s] running egg_info
[4.891s] creating ../build/controls/controls.egg-info
[4.892s] writing ../build/controls/controls.egg-info/PKG-INFO
[4.894s] writing dependency_links to ../build/controls/controls.egg-info/dependency_links.txt
[4.895s] writing entry points to ../build/controls/controls.egg-info/entry_points.txt
[4.896s] writing requirements to ../build/controls/controls.egg-info/requires.txt
[4.896s] writing top-level names to ../build/controls/controls.egg-info/top_level.txt
[4.902s] writing manifest file '../build/controls/controls.egg-info/SOURCES.txt'
[5.034s] reading manifest file '../build/controls/controls.egg-info/SOURCES.txt'
[5.037s] writing manifest file '../build/controls/controls.egg-info/SOURCES.txt'
[5.037s] running build
[5.038s] running build_py
[5.039s] creating /home/ubuntu/ros2_ws/bridgeroadinspectiondrone/ros/src/build/controls/build
[5.040s] creating /home/ubuntu/ros2_ws/bridgeroadinspectiondrone/ros/src/build/controls/build/lib
[5.040s] creating /home/ubuntu/ros2_ws/bridgeroadinspectiondrone/ros/src/build/controls/build/lib/controls
[5.041s] copying controls/__init__.py -> /home/ubuntu/ros2_ws/bridgeroadinspectiondrone/ros/src/build/controls/build/lib/controls
[5.042s] copying controls/controls.py -> /home/ubuntu/ros2_ws/bridgeroadinspectiondrone/ros/src/build/controls/build/lib/controls
[5.042s] running install
[5.045s] running install_lib
[5.049s] creating /home/ubuntu/ros2_ws/bridgeroadinspectiondrone/ros/src/install/controls/lib/python3.8/site-packages/controls
[5.051s] copying /home/ubuntu/ros2_ws/bridgeroadinspectiondrone/ros/src/build/controls/build/lib/controls/__init__.py -> /home/ubuntu/ros2_ws/bridgeroadinspectiondrone/ros/src/install/controls/lib/python3.8/site-packages/controls
[5.053s] copying /home/ubuntu/ros2_ws/bridgeroadinspectiondrone/ros/src/build/controls/build/lib/controls/controls.py -> /home/ubuntu/ros2_ws/bridgeroadinspectiondrone/ros/src/install/controls/lib/python3.8/site-packages/controls
[5.056s] byte-compiling /home/ubuntu/ros2_ws/bridgeroadinspectiondrone/ros/src/install/controls/lib/python3.8/site-packages/controls/__init__.py to __init__.cpython-38.pyc
[5.060s] byte-compiling /home/ubuntu/ros2_ws/bridgeroadinspectiondrone/ros/src/install/controls/lib/python3.8/site-packages/controls/controls.py to controls.cpython-38.pyc
[5.064s] running install_data
[5.068s] creating /home/ubuntu/ros2_ws/bridgeroadinspectiondrone/ros/src/install/controls/share/ament_index
[5.071s] creating /home/ubuntu/ros2_ws/bridgeroadinspectiondrone/ros/src/install/controls/share/ament_index/resource_index
[5.073s] creating /home/ubuntu/ros2_ws/bridgeroadinspectiondrone/ros/src/install/controls/share/ament_index/resource_index/packages
[5.076s] copying resource/controls -> /home/ubuntu/ros2_ws/bridgeroadinspectiondrone/ros/src/install/controls/share/ament_index/resource_index/packages
[5.077s] copying package.xml -> /home/ubuntu/ros2_ws/bridgeroadinspectiondrone/ros/src/install/controls/share/controls
[5.086s] running install_egg_info
[5.095s] Copying ../build/controls/controls.egg-info to /home/ubuntu/ros2_ws/bridgeroadinspectiondrone/ros/src/install/controls/lib/python3.8/site-packages/controls-0.0.0-py3.8.egg-info
[5.102s] running install_scripts
[5.162s] Installing controls script to /home/ubuntu/ros2_ws/bridgeroadinspectiondrone/ros/src/install/controls/lib/controls
[5.165s] writing list of installed files to '/home/ubuntu/ros2_ws/bridgeroadinspectiondrone/ros/src/build/controls/install.log'
[5.309s] Invoked command in '/home/ubuntu/ros2_ws/bridgeroadinspectiondrone/ros/src/controls' returned '0': PYTHONPATH=/home/ubuntu/ros2_ws/bridgeroadinspectiondrone/ros/src/install/controls/lib/python3.8/site-packages:${PYTHONPATH} /usr/bin/python3 setup.py egg_info --egg-base ../build/controls build --build-base /home/ubuntu/ros2_ws/bridgeroadinspectiondrone/ros/src/build/controls/build install --prefix /home/ubuntu/ros2_ws/bridgeroadinspectiondrone/ros/src/install/controls --record /home/ubuntu/ros2_ws/bridgeroadinspectiondrone/ros/src/build/controls/install.log --single-version-externally-managed
