[35m[1mScanning dependencies of target visible_light[0m
[ 50%] [32mBuilding CXX object CMakeFiles/visible_light.dir/src/visible_light.cpp.o[0m
[01m[K/home/ubuntu/ros2_ws/bridgeroadinspectiondrone/ros/src/imaging/src/visible_light.cpp:[m[K In function ‘[01m[Kint main(int, char**)[m[K’:
[01m[K/home/ubuntu/ros2_ws/bridgeroadinspectiondrone/ros/src/imaging/src/visible_light.cpp:9:12:[m[K [01;35m[Kwarning: [m[Kcast to pointer from integer of different size [[01;35m[K-Wint-to-pointer-cast[m[K]
    9 |   (void *) [01;35m[Kargc[m[K;
      |            [01;35m[K^~~~[m[K
[01m[K/home/ubuntu/ros2_ws/bridgeroadinspectiondrone/ros/src/imaging/src/visible_light.cpp:9:3:[m[K [01;35m[Kwarning: [m[Kstatement has no effect [[01;35m[K-Wunused-value[m[K]
    9 |   [01;35m[K(void *) argc[m[K;
      |   [01;35m[K^~~~~~~~~~~~~[m[K
[01m[K/home/ubuntu/ros2_ws/bridgeroadinspectiondrone/ros/src/imaging/src/visible_light.cpp:10:3:[m[K [01;35m[Kwarning: [m[Kstatement has no effect [[01;35m[K-Wunused-value[m[K]
   10 |   [01;35m[K(void *) argv[m[K;
      |   [01;35m[K^~~~~~~~~~~~~[m[K
[100%] [32m[1mLinking CXX executable visible_light[0m
[100%] Built target visible_light
-- Install configuration: ""
-- Installing: /home/ubuntu/ros2_ws/bridgeroadinspectiondrone/ros/install/imaging/lib/imaging/visible_light
-- Set runtime path of "/home/ubuntu/ros2_ws/bridgeroadinspectiondrone/ros/install/imaging/lib/imaging/visible_light" to ""
-- Up-to-date: /home/ubuntu/ros2_ws/bridgeroadinspectiondrone/ros/install/imaging/share/ament_index/resource_index/package_run_dependencies/imaging
-- Up-to-date: /home/ubuntu/ros2_ws/bridgeroadinspectiondrone/ros/install/imaging/share/ament_index/resource_index/parent_prefix_path/imaging
-- Up-to-date: /home/ubuntu/ros2_ws/bridgeroadinspectiondrone/ros/install/imaging/share/imaging/environment/ament_prefix_path.sh
-- Up-to-date: /home/ubuntu/ros2_ws/bridgeroadinspectiondrone/ros/install/imaging/share/imaging/environment/ament_prefix_path.dsv
-- Up-to-date: /home/ubuntu/ros2_ws/bridgeroadinspectiondrone/ros/install/imaging/share/imaging/environment/path.sh
-- Up-to-date: /home/ubuntu/ros2_ws/bridgeroadinspectiondrone/ros/install/imaging/share/imaging/environment/path.dsv
-- Up-to-date: /home/ubuntu/ros2_ws/bridgeroadinspectiondrone/ros/install/imaging/share/imaging/local_setup.bash
-- Up-to-date: /home/ubuntu/ros2_ws/bridgeroadinspectiondrone/ros/install/imaging/share/imaging/local_setup.sh
-- Up-to-date: /home/ubuntu/ros2_ws/bridgeroadinspectiondrone/ros/install/imaging/share/imaging/local_setup.zsh
-- Up-to-date: /home/ubuntu/ros2_ws/bridgeroadinspectiondrone/ros/install/imaging/share/imaging/local_setup.dsv
-- Installing: /home/ubuntu/ros2_ws/bridgeroadinspectiondrone/ros/install/imaging/share/imaging/package.dsv
-- Up-to-date: /home/ubuntu/ros2_ws/bridgeroadinspectiondrone/ros/install/imaging/share/ament_index/resource_index/packages/imaging
-- Up-to-date: /home/ubuntu/ros2_ws/bridgeroadinspectiondrone/ros/install/imaging/share/imaging/cmake/imagingConfig.cmake
-- Up-to-date: /home/ubuntu/ros2_ws/bridgeroadinspectiondrone/ros/install/imaging/share/imaging/cmake/imagingConfig-version.cmake
-- Up-to-date: /home/ubuntu/ros2_ws/bridgeroadinspectiondrone/ros/install/imaging/share/imaging/package.xml
