[0.062s] Invoking command in '/home/ubuntu/ros2_ws/bridgeroadinspectiondrone/ros/src/build/imaging': CMAKE_PREFIX_PATH=/opt/ros/foxy /usr/bin/cmake --build /home/ubuntu/ros2_ws/bridgeroadinspectiondrone/ros/src/build/imaging -- -j4 -l4
[0.184s] CMake Error at CMakeLists.txt:18 (add_subdirectory):
[0.185s]   add_subdirectory given source "libseek-thermal" which is not an existing
[0.186s]   directory.
[0.186s] 
[0.187s] 
[0.188s] -- Found ament_cmake: 0.9.11 (/opt/ros/foxy/share/ament_cmake/cmake)
[0.288s] -- Using PYTHON_EXECUTABLE: /usr/bin/python3
[1.430s] -- Found rclcpp: 2.4.2 (/opt/ros/foxy/share/rclcpp/cmake)
[1.642s] -- Using all available rosidl_typesupport_c: rosidl_typesupport_fastrtps_c;rosidl_typesupport_introspection_c
[1.661s] -- Found rosidl_adapter: 1.3.0 (/opt/ros/foxy/share/rosidl_adapter/cmake)
[2.671s] -- Using all available rosidl_typesupport_cpp: rosidl_typesupport_fastrtps_cpp;rosidl_typesupport_introspection_cpp
[2.937s] -- Found rmw_implementation_cmake: 1.0.3 (/opt/ros/foxy/share/rmw_implementation_cmake/cmake)
[2.948s] -- Using RMW implementation 'rmw_fastrtps_cpp' as default
[3.713s] -- Found cv_bridge: 3.0.7 (/opt/ros/foxy/share/cv_bridge/cmake)
[4.304s] -- Found image_transport: 2.4.0 (/opt/ros/foxy/share/image_transport/cmake)
[4.787s] CMake Error at CMakeLists.txt:28 (find_package):
[4.788s]   By not providing "Findseek.cmake" in CMAKE_MODULE_PATH this project has
[4.788s]   asked CMake to find a package configuration file provided by "seek", but
[4.789s]   CMake did not find one.
[4.790s] 
[4.792s]   Could not find a package configuration file provided by "seek" with any of
[4.794s]   the following names:
[4.795s] 
[4.818s]     seekConfig.cmake
[4.821s]     seek-config.cmake
[4.827s] 
[4.833s]   Add the installation prefix of "seek" to CMAKE_PREFIX_PATH or set
[4.836s]   "seek_DIR" to a directory containing one of the above files.  If "seek"
[4.838s]   provides a separate development package or SDK, be sure it has been
[4.841s]   installed.
[4.843s] 
[4.846s] 
[4.850s] -- Configuring incomplete, errors occurred!
[4.853s] See also "/home/ubuntu/ros2_ws/bridgeroadinspectiondrone/ros/src/build/imaging/CMakeFiles/CMakeOutput.log".
[4.855s] See also "/home/ubuntu/ros2_ws/bridgeroadinspectiondrone/ros/src/build/imaging/CMakeFiles/CMakeError.log".
[4.858s] make: *** [Makefile:266: cmake_check_build_system] Error 1
[4.865s] Invoked command in '/home/ubuntu/ros2_ws/bridgeroadinspectiondrone/ros/src/build/imaging' returned '2': CMAKE_PREFIX_PATH=/opt/ros/foxy /usr/bin/cmake --build /home/ubuntu/ros2_ws/bridgeroadinspectiondrone/ros/src/build/imaging -- -j4 -l4
