[5.500s] Invoking command in '/home/ubuntu/ros2_ws/bridgeroadinspectiondrone/ros/src/road_nav': PYTHONPATH=/home/ubuntu/ros2_ws/bridgeroadinspectiondrone/ros/src/install/road_nav/lib/python3.8/site-packages:${PYTHONPATH} /usr/bin/python3 setup.py egg_info --egg-base ../build/road_nav build --build-base /home/ubuntu/ros2_ws/bridgeroadinspectiondrone/ros/src/build/road_nav/build install --prefix /home/ubuntu/ros2_ws/bridgeroadinspectiondrone/ros/src/install/road_nav --record /home/ubuntu/ros2_ws/bridgeroadinspectiondrone/ros/src/build/road_nav/install.log --single-version-externally-managed
[7.105s] running egg_info
[7.111s] writing ../build/road_nav/road_nav.egg-info/PKG-INFO
[7.115s] writing dependency_links to ../build/road_nav/road_nav.egg-info/dependency_links.txt
[7.118s] writing entry points to ../build/road_nav/road_nav.egg-info/entry_points.txt
[7.120s] writing requirements to ../build/road_nav/road_nav.egg-info/requires.txt
[7.122s] writing top-level names to ../build/road_nav/road_nav.egg-info/top_level.txt
[7.342s] reading manifest file '../build/road_nav/road_nav.egg-info/SOURCES.txt'
[7.348s] writing manifest file '../build/road_nav/road_nav.egg-info/SOURCES.txt'
[7.350s] running build
[7.351s] running build_py
[7.352s] copying road_nav/road_nav.py -> /home/ubuntu/ros2_ws/bridgeroadinspectiondrone/ros/src/build/road_nav/build/lib/road_nav
[7.355s] running install
[7.359s] running install_lib
[7.365s] copying /home/ubuntu/ros2_ws/bridgeroadinspectiondrone/ros/src/build/road_nav/build/lib/road_nav/road_nav.py -> /home/ubuntu/ros2_ws/bridgeroadinspectiondrone/ros/src/install/road_nav/lib/python3.8/site-packages/road_nav
[7.370s] byte-compiling /home/ubuntu/ros2_ws/bridgeroadinspectiondrone/ros/src/install/road_nav/lib/python3.8/site-packages/road_nav/road_nav.py to road_nav.cpython-38.pyc
[7.377s] running install_data
[7.382s] running install_egg_info
[7.392s] removing '/home/ubuntu/ros2_ws/bridgeroadinspectiondrone/ros/src/install/road_nav/lib/python3.8/site-packages/road_nav-0.0.0-py3.8.egg-info' (and everything under it)
[7.406s] Copying ../build/road_nav/road_nav.egg-info to /home/ubuntu/ros2_ws/bridgeroadinspectiondrone/ros/src/install/road_nav/lib/python3.8/site-packages/road_nav-0.0.0-py3.8.egg-info
[7.438s] running install_scripts
[7.641s] Installing road_nav script to /home/ubuntu/ros2_ws/bridgeroadinspectiondrone/ros/src/install/road_nav/lib/road_nav
[7.656s] writing list of installed files to '/home/ubuntu/ros2_ws/bridgeroadinspectiondrone/ros/src/build/road_nav/install.log'
[7.830s] Invoked command in '/home/ubuntu/ros2_ws/bridgeroadinspectiondrone/ros/src/road_nav' returned '0': PYTHONPATH=/home/ubuntu/ros2_ws/bridgeroadinspectiondrone/ros/src/install/road_nav/lib/python3.8/site-packages:${PYTHONPATH} /usr/bin/python3 setup.py egg_info --egg-base ../build/road_nav build --build-base /home/ubuntu/ros2_ws/bridgeroadinspectiondrone/ros/src/build/road_nav/build install --prefix /home/ubuntu/ros2_ws/bridgeroadinspectiondrone/ros/src/install/road_nav --record /home/ubuntu/ros2_ws/bridgeroadinspectiondrone/ros/src/build/road_nav/install.log --single-version-externally-managed
