[0.073s] Invoking command in '/home/ubuntu/ros2_ws/bridgeroadinspectiondrone/ros/src/build/imaging': CMAKE_PREFIX_PATH=/opt/ros/foxy /usr/bin/cmake --build /home/ubuntu/ros2_ws/bridgeroadinspectiondrone/ros/src/build/imaging -- -j4 -l4
[0.188s] -- Found ament_cmake: 0.9.11 (/opt/ros/foxy/share/ament_cmake/cmake)
[0.290s] -- Using PYTHON_EXECUTABLE: /usr/bin/python3
[1.431s] -- Found rclcpp: 2.4.2 (/opt/ros/foxy/share/rclcpp/cmake)
[1.638s] -- Using all available rosidl_typesupport_c: rosidl_typesupport_fastrtps_c;rosidl_typesupport_introspection_c
[1.657s] -- Found rosidl_adapter: 1.3.0 (/opt/ros/foxy/share/rosidl_adapter/cmake)
[2.632s] -- Using all available rosidl_typesupport_cpp: rosidl_typesupport_fastrtps_cpp;rosidl_typesupport_introspection_cpp
[2.893s] -- Found rmw_implementation_cmake: 1.0.3 (/opt/ros/foxy/share/rmw_implementation_cmake/cmake)
[2.901s] -- Using RMW implementation 'rmw_fastrtps_cpp' as default
[3.677s] -- Found cv_bridge: 3.0.7 (/opt/ros/foxy/share/cv_bridge/cmake)
[4.244s] -- Found image_transport: 2.4.0 (/opt/ros/foxy/share/image_transport/cmake)
[4.713s] CMake Error at CMakeLists.txt:26 (find_package):
[4.715s]   By not providing "Findlibseek-thermal_SOURCE.cmake" in CMAKE_MODULE_PATH
[4.715s]   this project has asked CMake to find a package configuration file provided
[4.716s]   by "libseek-thermal_SOURCE", but CMake did not find one.
[4.716s] 
[4.717s]   Could not find a package configuration file provided by
[4.718s]   "libseek-thermal_SOURCE" with any of the following names:
[4.718s] 
[4.721s]     libseek-thermal_SOURCEConfig.cmake
[4.723s]     libseek-thermal_source-config.cmake
[4.725s] 
[4.727s]   Add the installation prefix of "libseek-thermal_SOURCE" to
[4.729s]   CMAKE_PREFIX_PATH or set "libseek-thermal_SOURCE_DIR" to a directory
[4.731s]   containing one of the above files.  If "libseek-thermal_SOURCE" provides a
[4.733s]   separate development package or SDK, be sure it has been installed.
[4.734s] 
[4.736s] 
[4.744s] -- Configuring incomplete, errors occurred!
[4.746s] See also "/home/ubuntu/ros2_ws/bridgeroadinspectiondrone/ros/src/build/imaging/CMakeFiles/CMakeOutput.log".
[4.749s] See also "/home/ubuntu/ros2_ws/bridgeroadinspectiondrone/ros/src/build/imaging/CMakeFiles/CMakeError.log".
[4.778s] make: *** [Makefile:266: cmake_check_build_system] Error 1
[4.784s] Invoked command in '/home/ubuntu/ros2_ws/bridgeroadinspectiondrone/ros/src/build/imaging' returned '2': CMAKE_PREFIX_PATH=/opt/ros/foxy /usr/bin/cmake --build /home/ubuntu/ros2_ws/bridgeroadinspectiondrone/ros/src/build/imaging -- -j4 -l4
