[5.114s] Invoking command in '/home/ubuntu/ros2_ws/bridgeroadinspectiondrone/ros/src/road_nav': PYTHONPATH=/home/ubuntu/ros2_ws/bridgeroadinspectiondrone/ros/src/install/road_nav/lib/python3.8/site-packages:${PYTHONPATH} /usr/bin/python3 setup.py egg_info --egg-base ../build/road_nav build --build-base /home/ubuntu/ros2_ws/bridgeroadinspectiondrone/ros/src/build/road_nav/build install --prefix /home/ubuntu/ros2_ws/bridgeroadinspectiondrone/ros/src/install/road_nav --record /home/ubuntu/ros2_ws/bridgeroadinspectiondrone/ros/src/build/road_nav/install.log --single-version-externally-managed
[6.818s] running egg_info
[6.823s] writing ../build/road_nav/road_nav.egg-info/PKG-INFO
[6.826s] writing dependency_links to ../build/road_nav/road_nav.egg-info/dependency_links.txt
[6.828s] writing entry points to ../build/road_nav/road_nav.egg-info/entry_points.txt
[6.829s] writing requirements to ../build/road_nav/road_nav.egg-info/requires.txt
[6.829s] writing top-level names to ../build/road_nav/road_nav.egg-info/top_level.txt
[7.008s] reading manifest file '../build/road_nav/road_nav.egg-info/SOURCES.txt'
[7.014s] writing manifest file '../build/road_nav/road_nav.egg-info/SOURCES.txt'
[7.014s] running build
[7.016s] running build_py
[7.017s] running install
[7.022s] running install_lib
[7.030s] running install_data
[7.033s] running install_egg_info
[7.047s] removing '/home/ubuntu/ros2_ws/bridgeroadinspectiondrone/ros/src/install/road_nav/lib/python3.8/site-packages/road_nav-0.0.0-py3.8.egg-info' (and everything under it)
[7.059s] Copying ../build/road_nav/road_nav.egg-info to /home/ubuntu/ros2_ws/bridgeroadinspectiondrone/ros/src/install/road_nav/lib/python3.8/site-packages/road_nav-0.0.0-py3.8.egg-info
[7.059s] running install_scripts
[7.155s] Installing road_nav script to /home/ubuntu/ros2_ws/bridgeroadinspectiondrone/ros/src/install/road_nav/lib/road_nav
[7.157s] writing list of installed files to '/home/ubuntu/ros2_ws/bridgeroadinspectiondrone/ros/src/build/road_nav/install.log'
[7.302s] Invoked command in '/home/ubuntu/ros2_ws/bridgeroadinspectiondrone/ros/src/road_nav' returned '0': PYTHONPATH=/home/ubuntu/ros2_ws/bridgeroadinspectiondrone/ros/src/install/road_nav/lib/python3.8/site-packages:${PYTHONPATH} /usr/bin/python3 setup.py egg_info --egg-base ../build/road_nav build --build-base /home/ubuntu/ros2_ws/bridgeroadinspectiondrone/ros/src/build/road_nav/build install --prefix /home/ubuntu/ros2_ws/bridgeroadinspectiondrone/ros/src/install/road_nav --record /home/ubuntu/ros2_ws/bridgeroadinspectiondrone/ros/src/build/road_nav/install.log --single-version-externally-managed
