[0.061s] Invoking command in '/home/ubuntu/ros2_ws/bridgeroadinspectiondrone/ros/src/build/imaging': CMAKE_PREFIX_PATH=/opt/ros/foxy /usr/bin/cmake --build /home/ubuntu/ros2_ws/bridgeroadinspectiondrone/ros/src/build/imaging -- -j4 -l4
[0.181s] CMake Error at CMakeLists.txt:18 (add_subdirectory):
[0.181s]   add_subdirectory given source
[0.182s]   "/home/ubuntu/ros2_ws/libseek-thermal/build/src/libseek.so" which is not an
[0.183s]   existing directory.
[0.183s] 
[0.184s] 
[0.186s] -- Found ament_cmake: 0.9.11 (/opt/ros/foxy/share/ament_cmake/cmake)
[0.285s] -- Using PYTHON_EXECUTABLE: /usr/bin/python3
[1.401s] -- Found rclcpp: 2.4.2 (/opt/ros/foxy/share/rclcpp/cmake)
[1.618s] -- Using all available rosidl_typesupport_c: rosidl_typesupport_fastrtps_c;rosidl_typesupport_introspection_c
[1.636s] -- Found rosidl_adapter: 1.3.0 (/opt/ros/foxy/share/rosidl_adapter/cmake)
[2.626s] -- Using all available rosidl_typesupport_cpp: rosidl_typesupport_fastrtps_cpp;rosidl_typesupport_introspection_cpp
[2.879s] -- Found rmw_implementation_cmake: 1.0.3 (/opt/ros/foxy/share/rmw_implementation_cmake/cmake)
[2.898s] -- Using RMW implementation 'rmw_fastrtps_cpp' as default
[3.662s] -- Found cv_bridge: 3.0.7 (/opt/ros/foxy/share/cv_bridge/cmake)
[4.267s] -- Found image_transport: 2.4.0 (/opt/ros/foxy/share/image_transport/cmake)
[4.765s] CMake Error at CMakeLists.txt:28 (find_package):
[4.766s]   By not providing "Findseek.cmake" in CMAKE_MODULE_PATH this project has
[4.766s]   asked CMake to find a package configuration file provided by "seek", but
[4.766s]   CMake did not find one.
[4.767s] 
[4.767s]   Could not find a package configuration file provided by "seek" with any of
[4.767s]   the following names:
[4.768s] 
[4.768s]     seekConfig.cmake
[4.768s]     seek-config.cmake
[4.769s] 
[4.769s]   Add the installation prefix of "seek" to CMAKE_PREFIX_PATH or set
[4.769s]   "seek_DIR" to a directory containing one of the above files.  If "seek"
[4.770s]   provides a separate development package or SDK, be sure it has been
[4.770s]   installed.
[4.771s] 
[4.771s] 
[4.780s] -- Configuring incomplete, errors occurred!
[4.780s] See also "/home/ubuntu/ros2_ws/bridgeroadinspectiondrone/ros/src/build/imaging/CMakeFiles/CMakeOutput.log".
[4.781s] See also "/home/ubuntu/ros2_ws/bridgeroadinspectiondrone/ros/src/build/imaging/CMakeFiles/CMakeError.log".
[4.811s] make: *** [Makefile:266: cmake_check_build_system] Error 1
[4.814s] Invoked command in '/home/ubuntu/ros2_ws/bridgeroadinspectiondrone/ros/src/build/imaging' returned '2': CMAKE_PREFIX_PATH=/opt/ros/foxy /usr/bin/cmake --build /home/ubuntu/ros2_ws/bridgeroadinspectiondrone/ros/src/build/imaging -- -j4 -l4
