[0.061s] Invoking command in '/home/ubuntu/ros2_ws/bridgeroadinspectiondrone/ros/build/imaging': CMAKE_PREFIX_PATH=/opt/ros/foxy /usr/bin/cmake --build /home/ubuntu/ros2_ws/bridgeroadinspectiondrone/ros/build/imaging -- -j4 -l4
[0.243s] [35m[1mScanning dependencies of target visible_light[0m
[0.409s] [ 50%] [32mBuilding CXX object CMakeFiles/visible_light.dir/src/visible_light.cpp.o[0m
[14.234s] [100%] [32m[1mLinking CXX executable visible_light[0m
[15.792s] [100%] Built target visible_light
[15.830s] Invoked command in '/home/ubuntu/ros2_ws/bridgeroadinspectiondrone/ros/build/imaging' returned '0': CMAKE_PREFIX_PATH=/opt/ros/foxy /usr/bin/cmake --build /home/ubuntu/ros2_ws/bridgeroadinspectiondrone/ros/build/imaging -- -j4 -l4
[15.992s] Invoking command in '/home/ubuntu/ros2_ws/bridgeroadinspectiondrone/ros/build/imaging': CMAKE_PREFIX_PATH=/opt/ros/foxy /usr/bin/cmake --install /home/ubuntu/ros2_ws/bridgeroadinspectiondrone/ros/build/imaging
[16.024s] -- Install configuration: ""
[16.025s] -- Installing: /home/ubuntu/ros2_ws/bridgeroadinspectiondrone/ros/install/imaging/lib/imaging/visible_light
[16.028s] -- Set runtime path of "/home/ubuntu/ros2_ws/bridgeroadinspectiondrone/ros/install/imaging/lib/imaging/visible_light" to ""
[16.028s] -- Up-to-date: /home/ubuntu/ros2_ws/bridgeroadinspectiondrone/ros/install/imaging/share/ament_index/resource_index/package_run_dependencies/imaging
[16.029s] -- Up-to-date: /home/ubuntu/ros2_ws/bridgeroadinspectiondrone/ros/install/imaging/share/ament_index/resource_index/parent_prefix_path/imaging
[16.029s] -- Up-to-date: /home/ubuntu/ros2_ws/bridgeroadinspectiondrone/ros/install/imaging/share/imaging/environment/ament_prefix_path.sh
[16.030s] -- Up-to-date: /home/ubuntu/ros2_ws/bridgeroadinspectiondrone/ros/install/imaging/share/imaging/environment/ament_prefix_path.dsv
[16.030s] -- Up-to-date: /home/ubuntu/ros2_ws/bridgeroadinspectiondrone/ros/install/imaging/share/imaging/environment/path.sh
[16.031s] -- Up-to-date: /home/ubuntu/ros2_ws/bridgeroadinspectiondrone/ros/install/imaging/share/imaging/environment/path.dsv
[16.031s] -- Up-to-date: /home/ubuntu/ros2_ws/bridgeroadinspectiondrone/ros/install/imaging/share/imaging/local_setup.bash
[16.032s] -- Up-to-date: /home/ubuntu/ros2_ws/bridgeroadinspectiondrone/ros/install/imaging/share/imaging/local_setup.sh
[16.032s] -- Up-to-date: /home/ubuntu/ros2_ws/bridgeroadinspectiondrone/ros/install/imaging/share/imaging/local_setup.zsh
[16.033s] -- Up-to-date: /home/ubuntu/ros2_ws/bridgeroadinspectiondrone/ros/install/imaging/share/imaging/local_setup.dsv
[16.033s] -- Installing: /home/ubuntu/ros2_ws/bridgeroadinspectiondrone/ros/install/imaging/share/imaging/package.dsv
[16.033s] -- Up-to-date: /home/ubuntu/ros2_ws/bridgeroadinspectiondrone/ros/install/imaging/share/ament_index/resource_index/packages/imaging
[16.034s] -- Up-to-date: /home/ubuntu/ros2_ws/bridgeroadinspectiondrone/ros/install/imaging/share/imaging/cmake/imagingConfig.cmake
[16.034s] -- Up-to-date: /home/ubuntu/ros2_ws/bridgeroadinspectiondrone/ros/install/imaging/share/imaging/cmake/imagingConfig-version.cmake
[16.035s] -- Up-to-date: /home/ubuntu/ros2_ws/bridgeroadinspectiondrone/ros/install/imaging/share/imaging/package.xml
[16.041s] Invoked command in '/home/ubuntu/ros2_ws/bridgeroadinspectiondrone/ros/build/imaging' returned '0': CMAKE_PREFIX_PATH=/opt/ros/foxy /usr/bin/cmake --install /home/ubuntu/ros2_ws/bridgeroadinspectiondrone/ros/build/imaging
