[0.059s] Invoking command in '/home/ubuntu/ros2_ws/bridgeroadinspectiondrone/ros/src/build/imaging': CMAKE_PREFIX_PATH=/opt/ros/foxy /usr/bin/cmake /home/ubuntu/ros2_ws/bridgeroadinspectiondrone/ros/src/imaging -DCMAKE_INSTALL_PREFIX=/home/ubuntu/ros2_ws/bridgeroadinspectiondrone/ros/src/install/imaging
[0.124s] -- Found ament_cmake: 0.9.11 (/opt/ros/foxy/share/ament_cmake/cmake)
[0.219s] -- Using PYTHON_EXECUTABLE: /usr/bin/python3
[0.953s] -- Found rclcpp: 2.4.2 (/opt/ros/foxy/share/rclcpp/cmake)
[1.113s] -- Using all available rosidl_typesupport_c: rosidl_typesupport_fastrtps_c;rosidl_typesupport_introspection_c
[1.125s] -- Found rosidl_adapter: 1.3.0 (/opt/ros/foxy/share/rosidl_adapter/cmake)
[1.977s] -- Using all available rosidl_typesupport_cpp: rosidl_typesupport_fastrtps_cpp;rosidl_typesupport_introspection_cpp
[2.155s] -- Found rmw_implementation_cmake: 1.0.3 (/opt/ros/foxy/share/rmw_implementation_cmake/cmake)
[2.160s] -- Using RMW implementation 'rmw_fastrtps_cpp' as default
[2.695s] -- Found cv_bridge: 3.0.6 (/opt/ros/foxy/share/cv_bridge/cmake)
[3.142s] -- Found image_transport: 2.4.0 (/opt/ros/foxy/share/image_transport/cmake)
[3.463s] -- Found ament_lint_auto: 0.9.7 (/opt/ros/foxy/share/ament_lint_auto/cmake)
[3.722s] -- Added test 'copyright' to check source files copyright and LICENSE
[3.727s] -- Added test 'cppcheck' to perform static code analysis on C / C++ code
[3.728s] -- Configured cppcheck include dirs: $<BUILD_INTERFACE:/home/ubuntu/ros2_ws/bridgeroadinspectiondrone/ros/src/imaging/include>
[3.728s] -- Configured cppcheck exclude dirs and/or files: 
[3.733s] -- Added test 'cpplint' to check C / C++ code against the Google style
[3.733s] -- Configured cpplint exclude dirs and/or files: 
[3.736s] -- Added test 'lint_cmake' to check CMake code style
[3.741s] -- Added test 'uncrustify' to check C / C++ code style
[3.742s] -- Configured uncrustify additional arguments: 
[3.743s] -- Added test 'xmllint' to check XML markup files
[3.764s] -- Configuring done
[3.862s] -- Generating done
[3.869s] -- Build files have been written to: /home/ubuntu/ros2_ws/bridgeroadinspectiondrone/ros/src/build/imaging
[3.888s] Invoked command in '/home/ubuntu/ros2_ws/bridgeroadinspectiondrone/ros/src/build/imaging' returned '0': CMAKE_PREFIX_PATH=/opt/ros/foxy /usr/bin/cmake /home/ubuntu/ros2_ws/bridgeroadinspectiondrone/ros/src/imaging -DCMAKE_INSTALL_PREFIX=/home/ubuntu/ros2_ws/bridgeroadinspectiondrone/ros/src/install/imaging
[3.898s] Invoking command in '/home/ubuntu/ros2_ws/bridgeroadinspectiondrone/ros/src/build/imaging': CMAKE_PREFIX_PATH=/opt/ros/foxy /usr/bin/cmake --build /home/ubuntu/ros2_ws/bridgeroadinspectiondrone/ros/src/build/imaging -- -j4 -l4
[4.066s] [35m[1mScanning dependencies of target image_pub[0m
[4.336s] [ 50%] [32mBuilding CXX object CMakeFiles/image_pub.dir/src/image_pub.cpp.o[0m
[14.891s] [01m[K/home/ubuntu/ros2_ws/bridgeroadinspectiondrone/ros/src/imaging/src/image_pub.cpp:72:29:[m[K [01;31m[Kerror: [m[Kexpected identifier before numeric constant
[14.892s]    72 |     cv::VideoCapture vl_cam([01;31m[K10[m[K);
[14.892s]       |                             [01;31m[K^~[m[K
[14.893s] [01m[K/home/ubuntu/ros2_ws/bridgeroadinspectiondrone/ros/src/imaging/src/image_pub.cpp:72:29:[m[K [01;31m[Kerror: [m[Kexpected ‘[01m[K,[m[K’ or ‘[01m[K...[m[K’ before numeric constant
[14.942s] [01m[K/home/ubuntu/ros2_ws/bridgeroadinspectiondrone/ros/src/imaging/src/image_pub.cpp:[m[K In member function ‘[01m[Kvoid ImagePub::timer_callback()[m[K’:
[14.942s] [01m[K/home/ubuntu/ros2_ws/bridgeroadinspectiondrone/ros/src/imaging/src/image_pub.cpp:41:14:[m[K [01;31m[Kerror: [m[Kinvalid use of member function ‘[01m[KLibSeek::SeekThermalPro ImagePub::seek()[m[K’ (did you forget the ‘[01m[K()[m[K’ ?)
[14.943s]    41 |         if (![01;31m[Kseek[m[K.open())
[14.944s]       |              [01;31m[K^~~~[m[K
[14.944s]       |                  [32m[K()[m[K
[14.945s] [01m[K/home/ubuntu/ros2_ws/bridgeroadinspectiondrone/ros/src/imaging/src/image_pub.cpp:41:19:[m[K [01;31m[Kerror: [m[Kexpected ‘[01m[K)[m[K’ before ‘[01m[Kopen[m[K’
[14.945s]    41 |         if [34m[K([m[K!seek.[01;31m[Ko[m[K[32m[Kpen[m[K())
[14.946s]       |            [34m[K~[m[K      [01;31m[K^[m[K[32m[K~~~[m[K
[14.946s]       |                   [32m[K)[m[K
[14.947s] [01m[K/home/ubuntu/ros2_ws/bridgeroadinspectiondrone/ros/src/imaging/src/image_pub.cpp:43:14:[m[K [01;31m[Kerror: [m[Kinvalid use of member function ‘[01m[Kcv::VideoCapture ImagePub::vl_cam(int)[m[K’ (did you forget the ‘[01m[K()[m[K’ ?)
[14.948s]    43 |         if (![01;31m[Kvl_cam[m[K.isOpened())
[14.948s]       |              [01;31m[K^~~~~~[m[K
[14.949s] [01m[K/home/ubuntu/ros2_ws/bridgeroadinspectiondrone/ros/src/imaging/src/image_pub.cpp:43:21:[m[K [01;31m[Kerror: [m[Kexpected ‘[01m[K)[m[K’ before ‘[01m[KisOpened[m[K’
[14.949s]    43 |         if [34m[K([m[K!vl_cam.[01;31m[Ki[m[K[32m[KsOpened[m[K())
[14.950s]       |            [34m[K~[m[K        [01;31m[K^[m[K[32m[K~~~~~~~[m[K
[14.950s]       |                     [32m[K)[m[K
[14.951s] [01m[K/home/ubuntu/ros2_ws/bridgeroadinspectiondrone/ros/src/imaging/src/image_pub.cpp:48:16:[m[K [01;31m[Kerror: [m[Kinvalid use of non-static member function ‘[01m[Kcv::VideoCapture ImagePub::vl_cam(int)[m[K’
[14.951s]    48 |         [01;31m[Kvl_cam >> visible_light_sensor[m[K;
[14.952s]       |         [01;31m[K~~~~~~~^~~~~~~~~~~~~~~~~~~~~~~[m[K
[14.952s] [01m[K/home/ubuntu/ros2_ws/bridgeroadinspectiondrone/ros/src/imaging/src/image_pub.cpp:72:22:[m[K [01;36m[Knote: [m[Kdeclared here
[14.953s]    72 |     cv::VideoCapture [01;36m[Kvl_cam[m[K(10);
[14.953s]       |                      [01;36m[K^~~~~~[m[K
[14.954s] [01m[K/home/ubuntu/ros2_ws/bridgeroadinspectiondrone/ros/src/imaging/src/image_pub.cpp:49:12:[m[K [01;31m[Kerror: [m[Kinvalid use of member function ‘[01m[Kcv::VideoCapture ImagePub::vl_cam(int)[m[K’ (did you forget the ‘[01m[K()[m[K’ ?)
[14.954s]    49 |         if([01;31m[Kvl_cam[m[K.empty())
[14.954s]       |            [01;31m[K^~~~~~[m[K
[14.955s] [01m[K/home/ubuntu/ros2_ws/bridgeroadinspectiondrone/ros/src/imaging/src/image_pub.cpp:49:19:[m[K [01;31m[Kerror: [m[Kexpected ‘[01m[K)[m[K’ before ‘[01m[Kempty[m[K’
[14.955s]    49 |         if[34m[K([m[Kvl_cam.[01;31m[Ke[m[K[32m[Kmpty[m[K())
[14.956s]       |           [34m[K~[m[K       [01;31m[K^[m[K[32m[K~~~~[m[K
[14.956s]       |                   [32m[K)[m[K
[14.991s] [01m[K/home/ubuntu/ros2_ws/bridgeroadinspectiondrone/ros/src/imaging/src/image_pub.cpp:59:14:[m[K [01;31m[Kerror: [m[Kinvalid use of member function ‘[01m[KLibSeek::SeekThermalPro ImagePub::seek()[m[K’ (did you forget the ‘[01m[K()[m[K’ ?)
[14.991s]    59 |         if (![01;31m[Kseek[m[K.read(frame)) {
[14.992s]       |              [01;31m[K^~~~[m[K
[14.992s]       |                  [32m[K()[m[K
[14.993s] [01m[K/home/ubuntu/ros2_ws/bridgeroadinspectiondrone/ros/src/imaging/src/image_pub.cpp:59:19:[m[K [01;31m[Kerror: [m[Kexpected ‘[01m[K)[m[K’ before ‘[01m[Kread[m[K’
[14.993s]    59 |         if [34m[K([m[K!seek.[01;31m[Kr[m[K[32m[Kead[m[K(frame)) {
[14.994s]       |            [34m[K~[m[K      [01;31m[K^[m[K[32m[K~~~[m[K
[14.994s]       |                   [32m[K)[m[K
[20.054s] make[2]: *** [CMakeFiles/image_pub.dir/build.make:63: CMakeFiles/image_pub.dir/src/image_pub.cpp.o] Error 1
[20.055s] make[1]: *** [CMakeFiles/Makefile2:78: CMakeFiles/image_pub.dir/all] Error 2
[20.056s] make: *** [Makefile:141: all] Error 2
[20.061s] Invoked command in '/home/ubuntu/ros2_ws/bridgeroadinspectiondrone/ros/src/build/imaging' returned '2': CMAKE_PREFIX_PATH=/opt/ros/foxy /usr/bin/cmake --build /home/ubuntu/ros2_ws/bridgeroadinspectiondrone/ros/src/build/imaging -- -j4 -l4
