[ 50%] [32mBuilding CXX object CMakeFiles/image_pub.dir/src/image_pub.cpp.o[0m
[01m[K/home/ubuntu/ros2_ws/bridgeroadinspectiondrone/ros/src/imaging/src/image_pub.cpp:73:64:[m[K [01;31m[Kerror: [m[Kcould not convert ‘[01m[K(operator new(178360), (<statement>, ((LibSeek::SeekThermalPro*)<anonymous>)))[m[K’ from ‘[01m[KLibSeek::SeekThermalPro*[m[K’ to ‘[01m[KLibSeek::SeekThermalPro[m[K’
   73 |     LibSeek::SeekThermalPro seek = new LibSeek::SeekThermalPro([01;31m[K)[m[K;
      |                                                                [01;31m[K^[m[K
      |                                                                [01;31m[K|[m[K
      |                                                                [01;31m[KLibSeek::SeekThermalPro*[m[K
[01m[K/home/ubuntu/ros2_ws/bridgeroadinspectiondrone/ros/src/imaging/src/image_pub.cpp:[m[K In member function ‘[01m[Kvoid ImagePub::timer_callback()[m[K’:
[01m[K/home/ubuntu/ros2_ws/bridgeroadinspectiondrone/ros/src/imaging/src/image_pub.cpp:48:16:[m[K [01;31m[Kerror: [m[Kno match for ‘[01m[Koperator>>[m[K’ (operand types are ‘[01m[Kcv::VideoCapture*[m[K’ and ‘[01m[Kcv::Mat[m[K’)
   48 |         [32m[Kvl_cam[m[K [01;31m[K>>[m[K [34m[Kvisible_light_sensor[m[K;
      |         [32m[K~~~~~~[m[K [01;31m[K^~[m[K [34m[K~~~~~~~~~~~~~~~~~~~~[m[K
      |         [32m[K|[m[K         [34m[K|[m[K
      |         [32m[K|[m[K         [34m[Kcv::Mat[m[K
      |         [32m[Kcv::VideoCapture*[m[K
In file included from [01m[K/usr/include/opencv4/opencv2/core.hpp:60[m[K,
                 from [01m[K/usr/include/opencv4/opencv2/opencv.hpp:52[m[K,
                 from [01m[K/home/ubuntu/ros2_ws/bridgeroadinspectiondrone/ros/src/imaging/src/image_pub.cpp:2[m[K:
[01m[K/usr/include/opencv4/opencv2/core/persistence.hpp:1242:19:[m[K [01;36m[Knote: [m[Kcandidate: ‘[01m[Ktemplate<class _Tp> cv::FileNodeIterator& cv::operator>>(cv::FileNodeIterator&, _Tp&)[m[K’
 1242 | FileNodeIterator& [01;36m[Koperator[m[K >> (FileNodeIterator& it, _Tp& value)
      |                   [01;36m[K^~~~~~~~[m[K
[01m[K/usr/include/opencv4/opencv2/core/persistence.hpp:1242:19:[m[K [01;36m[Knote: [m[K  template argument deduction/substitution failed:
[01m[K/home/ubuntu/ros2_ws/bridgeroadinspectiondrone/ros/src/imaging/src/image_pub.cpp:48:9:[m[K [01;36m[Knote: [m[K  cannot convert ‘[01m[K((ImagePub*)this)->ImagePub::vl_cam[m[K’ (type ‘[01m[Kcv::VideoCapture*[m[K’) to type ‘[01m[Kcv::FileNodeIterator&[m[K’
   48 |         [01;36m[Kvl_cam[m[K >> visible_light_sensor;
      |         [01;36m[K^~~~~~[m[K
In file included from [01m[K/usr/include/opencv4/opencv2/core.hpp:60[m[K,
                 from [01m[K/usr/include/opencv4/opencv2/opencv.hpp:52[m[K,
                 from [01m[K/home/ubuntu/ros2_ws/bridgeroadinspectiondrone/ros/src/imaging/src/image_pub.cpp:2[m[K:
[01m[K/usr/include/opencv4/opencv2/core/persistence.hpp:1251:19:[m[K [01;36m[Knote: [m[Kcandidate: ‘[01m[Ktemplate<class _Tp> cv::FileNodeIterator& cv::operator>>(cv::FileNodeIterator&, std::vector<_Tp>&)[m[K’
 1251 | FileNodeIterator& [01;36m[Koperator[m[K >> (FileNodeIterator& it, std::vector<_Tp>& vec)
      |                   [01;36m[K^~~~~~~~[m[K
[01m[K/usr/include/opencv4/opencv2/core/persistence.hpp:1251:19:[m[K [01;36m[Knote: [m[K  template argument deduction/substitution failed:
[01m[K/home/ubuntu/ros2_ws/bridgeroadinspectiondrone/ros/src/imaging/src/image_pub.cpp:48:19:[m[K [01;36m[Knote: [m[K  ‘[01m[Kcv::Mat[m[K’ is not derived from ‘[01m[Kstd::vector<_Tp>[m[K’
   48 |         vl_cam >> [01;36m[Kvisible_light_sensor[m[K;
      |                   [01;36m[K^~~~~~~~~~~~~~~~~~~~[m[K
In file included from [01m[K/usr/include/opencv4/opencv2/core.hpp:60[m[K,
                 from [01m[K/usr/include/opencv4/opencv2/opencv.hpp:52[m[K,
                 from [01m[K/home/ubuntu/ros2_ws/bridgeroadinspectiondrone/ros/src/imaging/src/image_pub.cpp:2[m[K:
[01m[K/usr/include/opencv4/opencv2/core/persistence.hpp:1266:6:[m[K [01;36m[Knote: [m[Kcandidate: ‘[01m[Ktemplate<class _Tp> void cv::operator>>(const cv::FileNode&, _Tp&)[m[K’
 1266 | void [01;36m[Koperator[m[K >> (const FileNode& n, _Tp& value)
      |      [01;36m[K^~~~~~~~[m[K
[01m[K/usr/include/opencv4/opencv2/core/persistence.hpp:1266:6:[m[K [01;36m[Knote: [m[K  template argument deduction/substitution failed:
[01m[K/home/ubuntu/ros2_ws/bridgeroadinspectiondrone/ros/src/imaging/src/image_pub.cpp:48:9:[m[K [01;36m[Knote: [m[K  cannot convert ‘[01m[K((ImagePub*)this)->ImagePub::vl_cam[m[K’ (type ‘[01m[Kcv::VideoCapture*[m[K’) to type ‘[01m[Kconst cv::FileNode&[m[K’
   48 |         [01;36m[Kvl_cam[m[K >> visible_light_sensor;
      |         [01;36m[K^~~~~~[m[K
In file included from [01m[K/usr/include/opencv4/opencv2/core.hpp:60[m[K,
                 from [01m[K/usr/include/opencv4/opencv2/opencv.hpp:52[m[K,
                 from [01m[K/home/ubuntu/ros2_ws/bridgeroadinspectiondrone/ros/src/imaging/src/image_pub.cpp:2[m[K:
[01m[K/usr/include/opencv4/opencv2/core/persistence.hpp:1274:6:[m[K [01;36m[Knote: [m[Kcandidate: ‘[01m[Ktemplate<class _Tp> void cv::operator>>(const cv::FileNode&, std::vector<_Tp>&)[m[K’
 1274 | void [01;36m[Koperator[m[K >> (const FileNode& n, std::vector<_Tp>& vec)
      |      [01;36m[K^~~~~~~~[m[K
[01m[K/usr/include/opencv4/opencv2/core/persistence.hpp:1274:6:[m[K [01;36m[Knote: [m[K  template argument deduction/substitution failed:
[01m[K/home/ubuntu/ros2_ws/bridgeroadinspectiondrone/ros/src/imaging/src/image_pub.cpp:48:19:[m[K [01;36m[Knote: [m[K  ‘[01m[Kcv::Mat[m[K’ is not derived from ‘[01m[Kstd::vector<_Tp>[m[K’
   48 |         vl_cam >> [01;36m[Kvisible_light_sensor[m[K;
      |                   [01;36m[K^~~~~~~~~~~~~~~~~~~~[m[K
In file included from [01m[K/usr/include/opencv4/opencv2/core.hpp:60[m[K,
                 from [01m[K/usr/include/opencv4/opencv2/opencv.hpp:52[m[K,
                 from [01m[K/home/ubuntu/ros2_ws/bridgeroadinspectiondrone/ros/src/imaging/src/image_pub.cpp:2[m[K:
[01m[K/usr/include/opencv4/opencv2/core/persistence.hpp:1284:6:[m[K [01;36m[Knote: [m[Kcandidate: ‘[01m[Kvoid cv::operator>>(const cv::FileNode&, cv::KeyPoint&)[m[K’
 1284 | void [01;36m[Koperator[m[K >> (const FileNode& n, KeyPoint& kpt)
      |      [01;36m[K^~~~~~~~[m[K
[01m[K/usr/include/opencv4/opencv2/core/persistence.hpp:1284:35:[m[K [01;36m[Knote: [m[K  no known conversion for argument 1 from ‘[01m[Kcv::VideoCapture*[m[K’ to ‘[01m[Kconst cv::FileNode&[m[K’
 1284 | void operator >> ([01;36m[Kconst FileNode& n[m[K, KeyPoint& kpt)
      |                   [01;36m[K~~~~~~~~~~~~~~~~^[m[K
[01m[K/usr/include/opencv4/opencv2/core/persistence.hpp:1292:6:[m[K [01;36m[Knote: [m[Kcandidate: ‘[01m[Kvoid cv::operator>>(const cv::FileNode&, std::vector<cv::KeyPoint>&)[m[K’
 1292 | void [01;36m[Koperator[m[K >> (const FileNode& n, std::vector<KeyPoint>& vec)
      |      [01;36m[K^~~~~~~~[m[K
[01m[K/usr/include/opencv4/opencv2/core/persistence.hpp:1292:35:[m[K [01;36m[Knote: [m[K  no known conversion for argument 1 from ‘[01m[Kcv::VideoCapture*[m[K’ to ‘[01m[Kconst cv::FileNode&[m[K’
 1292 | void operator >> ([01;36m[Kconst FileNode& n[m[K, std::vector<KeyPoint>& vec)
      |                   [01;36m[K~~~~~~~~~~~~~~~~^[m[K
[01m[K/usr/include/opencv4/opencv2/core/persistence.hpp:1297:6:[m[K [01;36m[Knote: [m[Kcandidate: ‘[01m[Kvoid cv::operator>>(const cv::FileNode&, std::vector<cv::DMatch>&)[m[K’
 1297 | void [01;36m[Koperator[m[K >> (const FileNode& n, std::vector<DMatch>& vec)
      |      [01;36m[K^~~~~~~~[m[K
[01m[K/usr/include/opencv4/opencv2/core/persistence.hpp:1297:35:[m[K [01;36m[Knote: [m[K  no known conversion for argument 1 from ‘[01m[Kcv::VideoCapture*[m[K’ to ‘[01m[Kconst cv::FileNode&[m[K’
 1297 | void operator >> ([01;36m[Kconst FileNode& n[m[K, std::vector<DMatch>& vec)
      |                   [01;36m[K~~~~~~~~~~~~~~~~^[m[K
[01m[K/usr/include/opencv4/opencv2/core/persistence.hpp:1307:6:[m[K [01;36m[Knote: [m[Kcandidate: ‘[01m[Kvoid cv::operator>>(const cv::FileNode&, cv::DMatch&)[m[K’
 1307 | void [01;36m[Koperator[m[K >> (const FileNode& n, DMatch& m)
      |      [01;36m[K^~~~~~~~[m[K
[01m[K/usr/include/opencv4/opencv2/core/persistence.hpp:1307:35:[m[K [01;36m[Knote: [m[K  no known conversion for argument 1 from ‘[01m[Kcv::VideoCapture*[m[K’ to ‘[01m[Kconst cv::FileNode&[m[K’
 1307 | void operator >> ([01;36m[Kconst FileNode& n[m[K, DMatch& m)
      |                   [01;36m[K~~~~~~~~~~~~~~~~^[m[K
[01m[K/home/ubuntu/ros2_ws/bridgeroadinspectiondrone/ros/src/imaging/src/image_pub.cpp:49:19:[m[K [01;31m[Kerror: [m[Krequest for member ‘[01m[Kempty[m[K’ in ‘[01m[K((ImagePub*)this)->ImagePub::vl_cam[m[K’, which is of pointer type ‘[01m[Kcv::VideoCapture*[m[K’ (maybe you meant to use ‘[01m[K->[m[K’ ?)
   49 |         if(vl_cam.[01;31m[Kempty[m[K())
      |                   [01;31m[K^~~~~[m[K
make[2]: *** [CMakeFiles/image_pub.dir/build.make:63: CMakeFiles/image_pub.dir/src/image_pub.cpp.o] Error 1
make[1]: *** [CMakeFiles/Makefile2:78: CMakeFiles/image_pub.dir/all] Error 2
make: *** [Makefile:141: all] Error 2
