[0.065s] Invoking command in '/home/ubuntu/ros2_ws/bridgeroadinspectiondrone/ros/src/build/imaging': CMAKE_PREFIX_PATH=/opt/ros/foxy /usr/bin/cmake --build /home/ubuntu/ros2_ws/bridgeroadinspectiondrone/ros/src/build/imaging -- -j4 -l4
[0.188s] CMake Error at CMakeLists.txt:18 (add_subdirectory):
[0.188s]   add_subdirectory not given a binary directory but the given source
[0.189s]   directory "/home/ubuntu/ros2_ws/libseek-thermal/build/src" is not a
[0.189s]   subdirectory of
[0.190s]   "/home/ubuntu/ros2_ws/bridgeroadinspectiondrone/ros/src/imaging".  When
[0.190s]   specifying an out-of-tree source a binary directory must be explicitly
[0.191s]   specified.
[0.192s] 
[0.192s] 
[0.193s] -- Found ament_cmake: 0.9.11 (/opt/ros/foxy/share/ament_cmake/cmake)
[0.290s] -- Using PYTHON_EXECUTABLE: /usr/bin/python3
[1.416s] -- Found rclcpp: 2.4.2 (/opt/ros/foxy/share/rclcpp/cmake)
[1.626s] -- Using all available rosidl_typesupport_c: rosidl_typesupport_fastrtps_c;rosidl_typesupport_introspection_c
[1.643s] -- Found rosidl_adapter: 1.3.0 (/opt/ros/foxy/share/rosidl_adapter/cmake)
[2.608s] -- Using all available rosidl_typesupport_cpp: rosidl_typesupport_fastrtps_cpp;rosidl_typesupport_introspection_cpp
[2.851s] -- Found rmw_implementation_cmake: 1.0.3 (/opt/ros/foxy/share/rmw_implementation_cmake/cmake)
[2.860s] -- Using RMW implementation 'rmw_fastrtps_cpp' as default
[3.715s] -- Found cv_bridge: 3.0.7 (/opt/ros/foxy/share/cv_bridge/cmake)
[4.316s] -- Found image_transport: 2.4.0 (/opt/ros/foxy/share/image_transport/cmake)
[4.783s] CMake Error at CMakeLists.txt:28 (find_package):
[4.784s]   By not providing "Findseek.cmake" in CMAKE_MODULE_PATH this project has
[4.784s]   asked CMake to find a package configuration file provided by "seek", but
[4.785s]   CMake did not find one.
[4.785s] 
[4.785s]   Could not find a package configuration file provided by "seek" with any of
[4.786s]   the following names:
[4.786s] 
[4.787s]     seekConfig.cmake
[4.787s]     seek-config.cmake
[4.788s] 
[4.788s]   Add the installation prefix of "seek" to CMAKE_PREFIX_PATH or set
[4.789s]   "seek_DIR" to a directory containing one of the above files.  If "seek"
[4.789s]   provides a separate development package or SDK, be sure it has been
[4.789s]   installed.
[4.790s] 
[4.790s] 
[4.798s] -- Configuring incomplete, errors occurred!
[4.798s] See also "/home/ubuntu/ros2_ws/bridgeroadinspectiondrone/ros/src/build/imaging/CMakeFiles/CMakeOutput.log".
[4.799s] See also "/home/ubuntu/ros2_ws/bridgeroadinspectiondrone/ros/src/build/imaging/CMakeFiles/CMakeError.log".
[4.825s] make: *** [Makefile:266: cmake_check_build_system] Error 1
[4.831s] Invoked command in '/home/ubuntu/ros2_ws/bridgeroadinspectiondrone/ros/src/build/imaging' returned '2': CMAKE_PREFIX_PATH=/opt/ros/foxy /usr/bin/cmake --build /home/ubuntu/ros2_ws/bridgeroadinspectiondrone/ros/src/build/imaging -- -j4 -l4
