[5.738s] Invoking command in '/home/ubuntu/ros2_ws/bridgeroadinspectiondrone/ros/src/road_nav': PYTHONPATH=/home/ubuntu/ros2_ws/bridgeroadinspectiondrone/ros/src/install/road_nav/lib/python3.8/site-packages:${PYTHONPATH} /usr/bin/python3 setup.py egg_info --egg-base ../build/road_nav build --build-base /home/ubuntu/ros2_ws/bridgeroadinspectiondrone/ros/src/build/road_nav/build install --prefix /home/ubuntu/ros2_ws/bridgeroadinspectiondrone/ros/src/install/road_nav --record /home/ubuntu/ros2_ws/bridgeroadinspectiondrone/ros/src/build/road_nav/install.log --single-version-externally-managed
[7.921s] running egg_info
[7.924s] writing ../build/road_nav/road_nav.egg-info/PKG-INFO
[7.928s] writing dependency_links to ../build/road_nav/road_nav.egg-info/dependency_links.txt
[7.930s] writing entry points to ../build/road_nav/road_nav.egg-info/entry_points.txt
[7.932s] writing requirements to ../build/road_nav/road_nav.egg-info/requires.txt
[7.934s] writing top-level names to ../build/road_nav/road_nav.egg-info/top_level.txt
[8.161s] reading manifest file '../build/road_nav/road_nav.egg-info/SOURCES.txt'
[8.168s] writing manifest file '../build/road_nav/road_nav.egg-info/SOURCES.txt'
[8.171s] running build
[8.172s] running build_py
[8.176s] copying road_nav/road_nav.py -> /home/ubuntu/ros2_ws/bridgeroadinspectiondrone/ros/src/build/road_nav/build/lib/road_nav
[8.180s] running install
[8.187s] running install_lib
[8.201s] copying /home/ubuntu/ros2_ws/bridgeroadinspectiondrone/ros/src/build/road_nav/build/lib/road_nav/road_nav.py -> /home/ubuntu/ros2_ws/bridgeroadinspectiondrone/ros/src/install/road_nav/lib/python3.8/site-packages/road_nav
[8.209s] byte-compiling /home/ubuntu/ros2_ws/bridgeroadinspectiondrone/ros/src/install/road_nav/lib/python3.8/site-packages/road_nav/road_nav.py to road_nav.cpython-38.pyc
[8.221s] running install_data
[8.226s] running install_egg_info
[8.238s] removing '/home/ubuntu/ros2_ws/bridgeroadinspectiondrone/ros/src/install/road_nav/lib/python3.8/site-packages/road_nav-0.0.0-py3.8.egg-info' (and everything under it)
[8.261s] Copying ../build/road_nav/road_nav.egg-info to /home/ubuntu/ros2_ws/bridgeroadinspectiondrone/ros/src/install/road_nav/lib/python3.8/site-packages/road_nav-0.0.0-py3.8.egg-info
[8.274s] running install_scripts
[8.416s] Installing road_nav script to /home/ubuntu/ros2_ws/bridgeroadinspectiondrone/ros/src/install/road_nav/lib/road_nav
[8.422s] writing list of installed files to '/home/ubuntu/ros2_ws/bridgeroadinspectiondrone/ros/src/build/road_nav/install.log'
[8.626s] Invoked command in '/home/ubuntu/ros2_ws/bridgeroadinspectiondrone/ros/src/road_nav' returned '0': PYTHONPATH=/home/ubuntu/ros2_ws/bridgeroadinspectiondrone/ros/src/install/road_nav/lib/python3.8/site-packages:${PYTHONPATH} /usr/bin/python3 setup.py egg_info --egg-base ../build/road_nav build --build-base /home/ubuntu/ros2_ws/bridgeroadinspectiondrone/ros/src/build/road_nav/build install --prefix /home/ubuntu/ros2_ws/bridgeroadinspectiondrone/ros/src/install/road_nav --record /home/ubuntu/ros2_ws/bridgeroadinspectiondrone/ros/src/build/road_nav/install.log --single-version-externally-managed
