[0.063s] Invoking command in '/home/ubuntu/ros2_ws/bridgeroadinspectiondrone/ros/src/build/imaging': CMAKE_PREFIX_PATH=/opt/ros/foxy /usr/bin/cmake --build /home/ubuntu/ros2_ws/bridgeroadinspectiondrone/ros/src/build/imaging -- -j4 -l4
[0.176s] -- Found ament_cmake: 0.9.11 (/opt/ros/foxy/share/ament_cmake/cmake)
[0.271s] -- Using PYTHON_EXECUTABLE: /usr/bin/python3
[1.010s] -- Found rclcpp: 2.4.2 (/opt/ros/foxy/share/rclcpp/cmake)
[1.171s] -- Using all available rosidl_typesupport_c: rosidl_typesupport_fastrtps_c;rosidl_typesupport_introspection_c
[1.183s] -- Found rosidl_adapter: 1.3.0 (/opt/ros/foxy/share/rosidl_adapter/cmake)
[2.036s] -- Using all available rosidl_typesupport_cpp: rosidl_typesupport_fastrtps_cpp;rosidl_typesupport_introspection_cpp
[2.211s] -- Found rmw_implementation_cmake: 1.0.3 (/opt/ros/foxy/share/rmw_implementation_cmake/cmake)
[2.216s] -- Using RMW implementation 'rmw_fastrtps_cpp' as default
[2.759s] -- Found cv_bridge: 3.0.6 (/opt/ros/foxy/share/cv_bridge/cmake)
[3.201s] -- Found image_transport: 2.4.0 (/opt/ros/foxy/share/image_transport/cmake)
[3.588s] CMake Error at CMakeLists.txt:26 (find_package):
[3.588s]   By not providing "Findseek.cmake" in CMAKE_MODULE_PATH this project has
[3.588s]   asked CMake to find a package configuration file provided by "seek", but
[3.589s]   CMake did not find one.
[3.589s] 
[3.589s]   Could not find a package configuration file provided by "seek" with any of
[3.590s]   the following names:
[3.590s] 
[3.590s]     seekConfig.cmake
[3.591s]     seek-config.cmake
[3.591s] 
[3.591s]   Add the installation prefix of "seek" to CMAKE_PREFIX_PATH or set
[3.591s]   "seek_DIR" to a directory containing one of the above files.  If "seek"
[3.592s]   provides a separate development package or SDK, be sure it has been
[3.592s]   installed.
[3.592s] 
[3.593s] 
[3.602s] -- Configuring incomplete, errors occurred!
[3.602s] See also "/home/ubuntu/ros2_ws/bridgeroadinspectiondrone/ros/src/build/imaging/CMakeFiles/CMakeOutput.log".
[3.603s] See also "/home/ubuntu/ros2_ws/bridgeroadinspectiondrone/ros/src/build/imaging/CMakeFiles/CMakeError.log".
[3.628s] make: *** [Makefile:266: cmake_check_build_system] Error 1
[3.634s] Invoked command in '/home/ubuntu/ros2_ws/bridgeroadinspectiondrone/ros/src/build/imaging' returned '2': CMAKE_PREFIX_PATH=/opt/ros/foxy /usr/bin/cmake --build /home/ubuntu/ros2_ws/bridgeroadinspectiondrone/ros/src/build/imaging -- -j4 -l4
