[1.271s] Invoking command in '/home/ubuntu/ros2_ws/bridgeroadinspectiondrone/ros/src/build/imaging': CMAKE_PREFIX_PATH=/opt/ros/foxy /usr/bin/cmake /home/ubuntu/ros2_ws/bridgeroadinspectiondrone/ros/src/imaging -DCMAKE_INSTALL_PREFIX=/home/ubuntu/ros2_ws/bridgeroadinspectiondrone/ros/src/install/imaging
[1.318s] -- Found ament_cmake: 0.9.11 (/opt/ros/foxy/share/ament_cmake/cmake)
[1.409s] -- Using PYTHON_EXECUTABLE: /usr/bin/python3
[2.238s] -- Found rclcpp: 2.4.2 (/opt/ros/foxy/share/rclcpp/cmake)
[2.400s] -- Using all available rosidl_typesupport_c: rosidl_typesupport_fastrtps_c;rosidl_typesupport_introspection_c
[2.412s] -- Found rosidl_adapter: 1.3.0 (/opt/ros/foxy/share/rosidl_adapter/cmake)
[3.272s] -- Using all available rosidl_typesupport_cpp: rosidl_typesupport_fastrtps_cpp;rosidl_typesupport_introspection_cpp
[3.449s] -- Found rmw_implementation_cmake: 1.0.3 (/opt/ros/foxy/share/rmw_implementation_cmake/cmake)
[3.455s] -- Using RMW implementation 'rmw_fastrtps_cpp' as default
[5.769s] -- Found cv_bridge: 3.0.6 (/opt/ros/foxy/share/cv_bridge/cmake)
[5.773s] -- Found image_transport: 2.4.0 (/opt/ros/foxy/share/image_transport/cmake)
[5.777s] -- Found ament_lint_auto: 0.9.7 (/opt/ros/foxy/share/ament_lint_auto/cmake)
[6.716s] -- Added test 'copyright' to check source files copyright and LICENSE
[6.722s] -- Added test 'cppcheck' to perform static code analysis on C / C++ code
[6.723s] -- Configured cppcheck include dirs: $<BUILD_INTERFACE:/home/ubuntu/ros2_ws/bridgeroadinspectiondrone/ros/src/imaging/include>
[6.724s] -- Configured cppcheck exclude dirs and/or files: 
[6.729s] -- Added test 'cpplint' to check C / C++ code against the Google style
[6.730s] -- Configured cpplint exclude dirs and/or files: 
[6.733s] -- Added test 'lint_cmake' to check CMake code style
[6.738s] -- Added test 'uncrustify' to check C / C++ code style
[6.739s] -- Configured uncrustify additional arguments: 
[6.740s] -- Added test 'xmllint' to check XML markup files
[6.760s] -- Configuring done
[6.778s] CMake Error at CMakeLists.txt:30 (target_include_directories):
[6.778s]   Error evaluating generator expression:
[6.779s] 
[6.780s]     $</home/ubuntu/ros2_ws/libseek-thermal/src/seek>
[6.780s] 
[6.781s]   Expression did not evaluate to a known generator expression
[6.782s] 
[6.782s] 
[11.615s] CMake Error at CMakeLists.txt:30 (target_include_directories):
[11.615s]   Error evaluating generator expression:
[11.616s] 
[11.616s]     $</home/ubuntu/ros2_ws/libseek-thermal/src/seek>
[11.616s] 
[11.617s]   Expression did not evaluate to a known generator expression
[11.617s] 
[11.618s] 
[11.626s] -- Generating done
[11.631s] CMake Generate step failed.  Build files cannot be regenerated correctly.
[11.658s] Invoked command in '/home/ubuntu/ros2_ws/bridgeroadinspectiondrone/ros/src/build/imaging' returned '1': CMAKE_PREFIX_PATH=/opt/ros/foxy /usr/bin/cmake /home/ubuntu/ros2_ws/bridgeroadinspectiondrone/ros/src/imaging -DCMAKE_INSTALL_PREFIX=/home/ubuntu/ros2_ws/bridgeroadinspectiondrone/ros/src/install/imaging
