[0.064s] Invoking command in '/home/ubuntu/ros2_ws/bridgeroadinspectiondrone/ros/src/build/imaging': CMAKE_PREFIX_PATH=/opt/ros/foxy /usr/bin/cmake --build /home/ubuntu/ros2_ws/bridgeroadinspectiondrone/ros/src/build/imaging -- -j4 -l4
[0.186s] -- Found ament_cmake: 0.9.11 (/opt/ros/foxy/share/ament_cmake/cmake)
[0.285s] -- Using PYTHON_EXECUTABLE: /usr/bin/python3
[1.389s] -- Found rclcpp: 2.4.2 (/opt/ros/foxy/share/rclcpp/cmake)
[1.641s] -- Using all available rosidl_typesupport_c: rosidl_typesupport_fastrtps_c;rosidl_typesupport_introspection_c
[1.658s] -- Found rosidl_adapter: 1.3.0 (/opt/ros/foxy/share/rosidl_adapter/cmake)
[2.588s] -- Using all available rosidl_typesupport_cpp: rosidl_typesupport_fastrtps_cpp;rosidl_typesupport_introspection_cpp
[2.804s] -- Found rmw_implementation_cmake: 1.0.3 (/opt/ros/foxy/share/rmw_implementation_cmake/cmake)
[2.811s] -- Using RMW implementation 'rmw_fastrtps_cpp' as default
[3.465s] -- Found cv_bridge: 3.0.7 (/opt/ros/foxy/share/cv_bridge/cmake)
[3.992s] -- Found image_transport: 2.4.0 (/opt/ros/foxy/share/image_transport/cmake)
[4.413s] CMake Error at CMakeLists.txt:28 (find_package):
[4.413s]   By not providing "Findseek.cmake" in CMAKE_MODULE_PATH this project has
[4.414s]   asked CMake to find a package configuration file provided by "seek", but
[4.414s]   CMake did not find one.
[4.414s] 
[4.415s]   Could not find a package configuration file provided by "seek" with any of
[4.415s]   the following names:
[4.415s] 
[4.416s]     seekConfig.cmake
[4.416s]     seek-config.cmake
[4.417s] 
[4.417s]   Add the installation prefix of "seek" to CMAKE_PREFIX_PATH or set
[4.417s]   "seek_DIR" to a directory containing one of the above files.  If "seek"
[4.418s]   provides a separate development package or SDK, be sure it has been
[4.418s]   installed.
[4.418s] 
[4.419s] 
[4.427s] -- Configuring incomplete, errors occurred!
[4.428s] See also "/home/ubuntu/ros2_ws/bridgeroadinspectiondrone/ros/src/build/imaging/CMakeFiles/CMakeOutput.log".
[4.428s] See also "/home/ubuntu/ros2_ws/bridgeroadinspectiondrone/ros/src/build/imaging/CMakeFiles/CMakeError.log".
[4.455s] make: *** [Makefile:266: cmake_check_build_system] Error 1
[4.461s] Invoked command in '/home/ubuntu/ros2_ws/bridgeroadinspectiondrone/ros/src/build/imaging' returned '2': CMAKE_PREFIX_PATH=/opt/ros/foxy /usr/bin/cmake --build /home/ubuntu/ros2_ws/bridgeroadinspectiondrone/ros/src/build/imaging -- -j4 -l4
