[0.066s] Invoking command in '/home/ubuntu/ros2_ws/bridgeroadinspectiondrone/ros/src/build/imaging': CMAKE_PREFIX_PATH=/opt/ros/foxy /usr/bin/cmake --build /home/ubuntu/ros2_ws/bridgeroadinspectiondrone/ros/src/build/imaging -- -j4 -l4
[0.188s] -- Found ament_cmake: 0.9.11 (/opt/ros/foxy/share/ament_cmake/cmake)
[0.291s] -- Using PYTHON_EXECUTABLE: /usr/bin/python3
[1.458s] -- Found rclcpp: 2.4.2 (/opt/ros/foxy/share/rclcpp/cmake)
[1.678s] -- Using all available rosidl_typesupport_c: rosidl_typesupport_fastrtps_c;rosidl_typesupport_introspection_c
[1.701s] -- Found rosidl_adapter: 1.3.0 (/opt/ros/foxy/share/rosidl_adapter/cmake)
[2.707s] -- Using all available rosidl_typesupport_cpp: rosidl_typesupport_fastrtps_cpp;rosidl_typesupport_introspection_cpp
[2.969s] -- Found rmw_implementation_cmake: 1.0.3 (/opt/ros/foxy/share/rmw_implementation_cmake/cmake)
[2.976s] -- Using RMW implementation 'rmw_fastrtps_cpp' as default
[3.801s] -- Found cv_bridge: 3.0.7 (/opt/ros/foxy/share/cv_bridge/cmake)
[4.433s] -- Found image_transport: 2.4.0 (/opt/ros/foxy/share/image_transport/cmake)
[4.914s] CMake Error at CMakeLists.txt:26 (find_package):
[4.915s]   By not providing "Findlseek.cmake" in CMAKE_MODULE_PATH this project has
[4.916s]   asked CMake to find a package configuration file provided by "lseek", but
[4.917s]   CMake did not find one.
[4.917s] 
[4.918s]   Could not find a package configuration file provided by "lseek" with any of
[4.918s]   the following names:
[4.919s] 
[4.920s]     lseekConfig.cmake
[4.920s]     lseek-config.cmake
[4.921s] 
[4.921s]   Add the installation prefix of "lseek" to CMAKE_PREFIX_PATH or set
[4.922s]   "lseek_DIR" to a directory containing one of the above files.  If "lseek"
[4.923s]   provides a separate development package or SDK, be sure it has been
[4.923s]   installed.
[4.926s] 
[4.927s] 
[4.931s] -- Configuring incomplete, errors occurred!
[4.933s] See also "/home/ubuntu/ros2_ws/bridgeroadinspectiondrone/ros/src/build/imaging/CMakeFiles/CMakeOutput.log".
[4.951s] See also "/home/ubuntu/ros2_ws/bridgeroadinspectiondrone/ros/src/build/imaging/CMakeFiles/CMakeError.log".
[4.966s] make: *** [Makefile:266: cmake_check_build_system] Error 1
[4.974s] Invoked command in '/home/ubuntu/ros2_ws/bridgeroadinspectiondrone/ros/src/build/imaging' returned '2': CMAKE_PREFIX_PATH=/opt/ros/foxy /usr/bin/cmake --build /home/ubuntu/ros2_ws/bridgeroadinspectiondrone/ros/src/build/imaging -- -j4 -l4
