running egg_info
creating ../build/model_defect/model_defect.egg-info
writing ../build/model_defect/model_defect.egg-info/PKG-INFO
writing dependency_links to ../build/model_defect/model_defect.egg-info/dependency_links.txt
writing entry points to ../build/model_defect/model_defect.egg-info/entry_points.txt
writing requirements to ../build/model_defect/model_defect.egg-info/requires.txt
writing top-level names to ../build/model_defect/model_defect.egg-info/top_level.txt
writing manifest file '../build/model_defect/model_defect.egg-info/SOURCES.txt'
reading manifest file '../build/model_defect/model_defect.egg-info/SOURCES.txt'
writing manifest file '../build/model_defect/model_defect.egg-info/SOURCES.txt'
running build
running build_py
creating /home/ubuntu/ros2_ws/bridgeroadinspectiondrone/ros/src/build/model_defect/build
creating /home/ubuntu/ros2_ws/bridgeroadinspectiondrone/ros/src/build/model_defect/build/lib
creating /home/ubuntu/ros2_ws/bridgeroadinspectiondrone/ros/src/build/model_defect/build/lib/model_defect
copying model_defect/__init__.py -> /home/ubuntu/ros2_ws/bridgeroadinspectiondrone/ros/src/build/model_defect/build/lib/model_defect
copying model_defect/model_defect_detect.py -> /home/ubuntu/ros2_ws/bridgeroadinspectiondrone/ros/src/build/model_defect/build/lib/model_defect
running install
running install_lib
creating /home/ubuntu/ros2_ws/bridgeroadinspectiondrone/ros/src/install/model_defect/lib/python3.8/site-packages/model_defect
copying /home/ubuntu/ros2_ws/bridgeroadinspectiondrone/ros/src/build/model_defect/build/lib/model_defect/__init__.py -> /home/ubuntu/ros2_ws/bridgeroadinspectiondrone/ros/src/install/model_defect/lib/python3.8/site-packages/model_defect
copying /home/ubuntu/ros2_ws/bridgeroadinspectiondrone/ros/src/build/model_defect/build/lib/model_defect/model_defect_detect.py -> /home/ubuntu/ros2_ws/bridgeroadinspectiondrone/ros/src/install/model_defect/lib/python3.8/site-packages/model_defect
byte-compiling /home/ubuntu/ros2_ws/bridgeroadinspectiondrone/ros/src/install/model_defect/lib/python3.8/site-packages/model_defect/__init__.py to __init__.cpython-38.pyc
byte-compiling /home/ubuntu/ros2_ws/bridgeroadinspectiondrone/ros/src/install/model_defect/lib/python3.8/site-packages/model_defect/model_defect_detect.py to model_defect_detect.cpython-38.pyc
running install_data
creating /home/ubuntu/ros2_ws/bridgeroadinspectiondrone/ros/src/install/model_defect/share/ament_index
creating /home/ubuntu/ros2_ws/bridgeroadinspectiondrone/ros/src/install/model_defect/share/ament_index/resource_index
creating /home/ubuntu/ros2_ws/bridgeroadinspectiondrone/ros/src/install/model_defect/share/ament_index/resource_index/packages
copying resource/model_defect -> /home/ubuntu/ros2_ws/bridgeroadinspectiondrone/ros/src/install/model_defect/share/ament_index/resource_index/packages
copying package.xml -> /home/ubuntu/ros2_ws/bridgeroadinspectiondrone/ros/src/install/model_defect/share/model_defect
running install_egg_info
Copying ../build/model_defect/model_defect.egg-info to /home/ubuntu/ros2_ws/bridgeroadinspectiondrone/ros/src/install/model_defect/lib/python3.8/site-packages/model_defect-0.0.0-py3.8.egg-info
running install_scripts
Installing model_defect_detect script to /home/ubuntu/ros2_ws/bridgeroadinspectiondrone/ros/src/install/model_defect/lib/model_defect
writing list of installed files to '/home/ubuntu/ros2_ws/bridgeroadinspectiondrone/ros/src/build/model_defect/install.log'
