[9.110s] Invoking command in '/home/ubuntu/ros2_ws/bridgeroadinspectiondrone/ros/src/model_defect': PYTHONPATH=/home/ubuntu/ros2_ws/bridgeroadinspectiondrone/ros/src/install/model_defect/lib/python3.8/site-packages:${PYTHONPATH} /usr/bin/python3 setup.py egg_info --egg-base ../build/model_defect build --build-base /home/ubuntu/ros2_ws/bridgeroadinspectiondrone/ros/src/build/model_defect/build install --prefix /home/ubuntu/ros2_ws/bridgeroadinspectiondrone/ros/src/install/model_defect --record /home/ubuntu/ros2_ws/bridgeroadinspectiondrone/ros/src/build/model_defect/install.log --single-version-externally-managed
[11.498s] running egg_info
[11.509s] creating ../build/model_defect/model_defect.egg-info
[11.510s] writing ../build/model_defect/model_defect.egg-info/PKG-INFO
[11.512s] writing dependency_links to ../build/model_defect/model_defect.egg-info/dependency_links.txt
[11.513s] writing entry points to ../build/model_defect/model_defect.egg-info/entry_points.txt
[11.514s] writing requirements to ../build/model_defect/model_defect.egg-info/requires.txt
[11.515s] writing top-level names to ../build/model_defect/model_defect.egg-info/top_level.txt
[11.530s] writing manifest file '../build/model_defect/model_defect.egg-info/SOURCES.txt'
[11.808s] reading manifest file '../build/model_defect/model_defect.egg-info/SOURCES.txt'
[11.817s] writing manifest file '../build/model_defect/model_defect.egg-info/SOURCES.txt'
[11.818s] running build
[11.819s] running build_py
[11.820s] creating /home/ubuntu/ros2_ws/bridgeroadinspectiondrone/ros/src/build/model_defect/build
[11.821s] creating /home/ubuntu/ros2_ws/bridgeroadinspectiondrone/ros/src/build/model_defect/build/lib
[11.823s] creating /home/ubuntu/ros2_ws/bridgeroadinspectiondrone/ros/src/build/model_defect/build/lib/model_defect
[11.824s] copying model_defect/__init__.py -> /home/ubuntu/ros2_ws/bridgeroadinspectiondrone/ros/src/build/model_defect/build/lib/model_defect
[11.830s] copying model_defect/model_defect_detect.py -> /home/ubuntu/ros2_ws/bridgeroadinspectiondrone/ros/src/build/model_defect/build/lib/model_defect
[11.832s] running install
[11.836s] running install_lib
[11.841s] creating /home/ubuntu/ros2_ws/bridgeroadinspectiondrone/ros/src/install/model_defect/lib/python3.8/site-packages/model_defect
[11.843s] copying /home/ubuntu/ros2_ws/bridgeroadinspectiondrone/ros/src/build/model_defect/build/lib/model_defect/__init__.py -> /home/ubuntu/ros2_ws/bridgeroadinspectiondrone/ros/src/install/model_defect/lib/python3.8/site-packages/model_defect
[11.845s] copying /home/ubuntu/ros2_ws/bridgeroadinspectiondrone/ros/src/build/model_defect/build/lib/model_defect/model_defect_detect.py -> /home/ubuntu/ros2_ws/bridgeroadinspectiondrone/ros/src/install/model_defect/lib/python3.8/site-packages/model_defect
[11.849s] byte-compiling /home/ubuntu/ros2_ws/bridgeroadinspectiondrone/ros/src/install/model_defect/lib/python3.8/site-packages/model_defect/__init__.py to __init__.cpython-38.pyc
[11.887s] byte-compiling /home/ubuntu/ros2_ws/bridgeroadinspectiondrone/ros/src/install/model_defect/lib/python3.8/site-packages/model_defect/model_defect_detect.py to model_defect_detect.cpython-38.pyc
[11.889s] running install_data
[11.892s] creating /home/ubuntu/ros2_ws/bridgeroadinspectiondrone/ros/src/install/model_defect/share/ament_index
[11.892s] creating /home/ubuntu/ros2_ws/bridgeroadinspectiondrone/ros/src/install/model_defect/share/ament_index/resource_index
[11.893s] creating /home/ubuntu/ros2_ws/bridgeroadinspectiondrone/ros/src/install/model_defect/share/ament_index/resource_index/packages
[11.894s] copying resource/model_defect -> /home/ubuntu/ros2_ws/bridgeroadinspectiondrone/ros/src/install/model_defect/share/ament_index/resource_index/packages
[11.895s] copying package.xml -> /home/ubuntu/ros2_ws/bridgeroadinspectiondrone/ros/src/install/model_defect/share/model_defect
[11.897s] running install_egg_info
[11.904s] Copying ../build/model_defect/model_defect.egg-info to /home/ubuntu/ros2_ws/bridgeroadinspectiondrone/ros/src/install/model_defect/lib/python3.8/site-packages/model_defect-0.0.0-py3.8.egg-info
[11.929s] running install_scripts
[12.033s] Installing model_defect_detect script to /home/ubuntu/ros2_ws/bridgeroadinspectiondrone/ros/src/install/model_defect/lib/model_defect
[12.039s] writing list of installed files to '/home/ubuntu/ros2_ws/bridgeroadinspectiondrone/ros/src/build/model_defect/install.log'
[12.233s] Invoked command in '/home/ubuntu/ros2_ws/bridgeroadinspectiondrone/ros/src/model_defect' returned '0': PYTHONPATH=/home/ubuntu/ros2_ws/bridgeroadinspectiondrone/ros/src/install/model_defect/lib/python3.8/site-packages:${PYTHONPATH} /usr/bin/python3 setup.py egg_info --egg-base ../build/model_defect build --build-base /home/ubuntu/ros2_ws/bridgeroadinspectiondrone/ros/src/build/model_defect/build install --prefix /home/ubuntu/ros2_ws/bridgeroadinspectiondrone/ros/src/install/model_defect --record /home/ubuntu/ros2_ws/bridgeroadinspectiondrone/ros/src/build/model_defect/install.log --single-version-externally-managed
