[10.485s] Invoking command in '/home/ubuntu/ros2_ws/bridgeroadinspectiondrone/ros/src/controls': PYTHONPATH=/home/ubuntu/ros2_ws/bridgeroadinspectiondrone/ros/src/install/controls/lib/python3.8/site-packages:${PYTHONPATH} /usr/bin/python3 setup.py egg_info --egg-base ../build/controls build --build-base /home/ubuntu/ros2_ws/bridgeroadinspectiondrone/ros/src/build/controls/build install --prefix /home/ubuntu/ros2_ws/bridgeroadinspectiondrone/ros/src/install/controls --record /home/ubuntu/ros2_ws/bridgeroadinspectiondrone/ros/src/build/controls/install.log --single-version-externally-managed
[13.226s] running egg_info
[13.241s] writing ../build/controls/controls.egg-info/PKG-INFO
[13.243s] writing dependency_links to ../build/controls/controls.egg-info/dependency_links.txt
[13.246s] writing entry points to ../build/controls/controls.egg-info/entry_points.txt
[13.247s] writing requirements to ../build/controls/controls.egg-info/requires.txt
[13.249s] writing top-level names to ../build/controls/controls.egg-info/top_level.txt
[13.597s] reading manifest file '../build/controls/controls.egg-info/SOURCES.txt'
[13.609s] writing manifest file '../build/controls/controls.egg-info/SOURCES.txt'
[13.610s] running build
[13.611s] running build_py
[13.612s] running install
[13.617s] running install_lib
[13.631s] running install_data
[13.637s] running install_egg_info
[13.653s] removing '/home/ubuntu/ros2_ws/bridgeroadinspectiondrone/ros/src/install/controls/lib/python3.8/site-packages/controls-0.0.0-py3.8.egg-info' (and everything under it)
[13.666s] Copying ../build/controls/controls.egg-info to /home/ubuntu/ros2_ws/bridgeroadinspectiondrone/ros/src/install/controls/lib/python3.8/site-packages/controls-0.0.0-py3.8.egg-info
[13.686s] running install_scripts
[13.789s] Installing controls script to /home/ubuntu/ros2_ws/bridgeroadinspectiondrone/ros/src/install/controls/lib/controls
[13.790s] writing list of installed files to '/home/ubuntu/ros2_ws/bridgeroadinspectiondrone/ros/src/build/controls/install.log'
[13.951s] Invoked command in '/home/ubuntu/ros2_ws/bridgeroadinspectiondrone/ros/src/controls' returned '0': PYTHONPATH=/home/ubuntu/ros2_ws/bridgeroadinspectiondrone/ros/src/install/controls/lib/python3.8/site-packages:${PYTHONPATH} /usr/bin/python3 setup.py egg_info --egg-base ../build/controls build --build-base /home/ubuntu/ros2_ws/bridgeroadinspectiondrone/ros/src/build/controls/build install --prefix /home/ubuntu/ros2_ws/bridgeroadinspectiondrone/ros/src/install/controls --record /home/ubuntu/ros2_ws/bridgeroadinspectiondrone/ros/src/build/controls/install.log --single-version-externally-managed
