[0.060s] Invoking command in '/home/ubuntu/ros2_ws/bridgeroadinspectiondrone/ros/src/build/imaging': CMAKE_PREFIX_PATH=/opt/ros/foxy /usr/bin/cmake --build /home/ubuntu/ros2_ws/bridgeroadinspectiondrone/ros/src/build/imaging -- -j4 -l4
[0.243s] [35m[1mScanning dependencies of target image_pub[0m
[0.429s] [ 50%] [32mBuilding CXX object CMakeFiles/image_pub.dir/src/image_pub.cpp.o[0m
[11.105s] [01m[K/home/ubuntu/ros2_ws/bridgeroadinspectiondrone/ros/src/imaging/src/image_pub.cpp:73:64:[m[K [01;31m[Kerror: [m[Kcould not convert ‘[01m[K(operator new(178360), (<statement>, ((LibSeek::SeekThermalPro*)<anonymous>)))[m[K’ from ‘[01m[KLibSeek::SeekThermalPro*[m[K’ to ‘[01m[KLibSeek::SeekThermalPro[m[K’
[11.106s]    73 |     LibSeek::SeekThermalPro seek = new LibSeek::SeekThermalPro([01;31m[K)[m[K;
[11.107s]       |                                                                [01;31m[K^[m[K
[11.107s]       |                                                                [01;31m[K|[m[K
[11.108s]       |                                                                [01;31m[KLibSeek::SeekThermalPro*[m[K
[11.157s] [01m[K/home/ubuntu/ros2_ws/bridgeroadinspectiondrone/ros/src/imaging/src/image_pub.cpp:[m[K In member function ‘[01m[Kvoid ImagePub::timer_callback()[m[K’:
[11.158s] [01m[K/home/ubuntu/ros2_ws/bridgeroadinspectiondrone/ros/src/imaging/src/image_pub.cpp:48:16:[m[K [01;31m[Kerror: [m[Kno match for ‘[01m[Koperator>>[m[K’ (operand types are ‘[01m[Kcv::VideoCapture*[m[K’ and ‘[01m[Kcv::Mat[m[K’)
[11.159s]    48 |         [32m[Kvl_cam[m[K [01;31m[K>>[m[K [34m[Kvisible_light_sensor[m[K;
[11.159s]       |         [32m[K~~~~~~[m[K [01;31m[K^~[m[K [34m[K~~~~~~~~~~~~~~~~~~~~[m[K
[11.159s]       |         [32m[K|[m[K         [34m[K|[m[K
[11.160s]       |         [32m[K|[m[K         [34m[Kcv::Mat[m[K
[11.160s]       |         [32m[Kcv::VideoCapture*[m[K
[11.161s] In file included from [01m[K/usr/include/opencv4/opencv2/core.hpp:60[m[K,
[11.161s]                  from [01m[K/usr/include/opencv4/opencv2/opencv.hpp:52[m[K,
[11.162s]                  from [01m[K/home/ubuntu/ros2_ws/bridgeroadinspectiondrone/ros/src/imaging/src/image_pub.cpp:2[m[K:
[11.162s] [01m[K/usr/include/opencv4/opencv2/core/persistence.hpp:1242:19:[m[K [01;36m[Knote: [m[Kcandidate: ‘[01m[Ktemplate<class _Tp> cv::FileNodeIterator& cv::operator>>(cv::FileNodeIterator&, _Tp&)[m[K’
[11.163s]  1242 | FileNodeIterator& [01;36m[Koperator[m[K >> (FileNodeIterator& it, _Tp& value)
[11.163s]       |                   [01;36m[K^~~~~~~~[m[K
[11.164s] [01m[K/usr/include/opencv4/opencv2/core/persistence.hpp:1242:19:[m[K [01;36m[Knote: [m[K  template argument deduction/substitution failed:
[11.164s] [01m[K/home/ubuntu/ros2_ws/bridgeroadinspectiondrone/ros/src/imaging/src/image_pub.cpp:48:9:[m[K [01;36m[Knote: [m[K  cannot convert ‘[01m[K((ImagePub*)this)->ImagePub::vl_cam[m[K’ (type ‘[01m[Kcv::VideoCapture*[m[K’) to type ‘[01m[Kcv::FileNodeIterator&[m[K’
[11.165s]    48 |         [01;36m[Kvl_cam[m[K >> visible_light_sensor;
[11.165s]       |         [01;36m[K^~~~~~[m[K
[11.165s] In file included from [01m[K/usr/include/opencv4/opencv2/core.hpp:60[m[K,
[11.166s]                  from [01m[K/usr/include/opencv4/opencv2/opencv.hpp:52[m[K,
[11.167s]                  from [01m[K/home/ubuntu/ros2_ws/bridgeroadinspectiondrone/ros/src/imaging/src/image_pub.cpp:2[m[K:
[11.167s] [01m[K/usr/include/opencv4/opencv2/core/persistence.hpp:1251:19:[m[K [01;36m[Knote: [m[Kcandidate: ‘[01m[Ktemplate<class _Tp> cv::FileNodeIterator& cv::operator>>(cv::FileNodeIterator&, std::vector<_Tp>&)[m[K’
[11.167s]  1251 | FileNodeIterator& [01;36m[Koperator[m[K >> (FileNodeIterator& it, std::vector<_Tp>& vec)
[11.168s]       |                   [01;36m[K^~~~~~~~[m[K
[11.168s] [01m[K/usr/include/opencv4/opencv2/core/persistence.hpp:1251:19:[m[K [01;36m[Knote: [m[K  template argument deduction/substitution failed:
[11.169s] [01m[K/home/ubuntu/ros2_ws/bridgeroadinspectiondrone/ros/src/imaging/src/image_pub.cpp:48:19:[m[K [01;36m[Knote: [m[K  ‘[01m[Kcv::Mat[m[K’ is not derived from ‘[01m[Kstd::vector<_Tp>[m[K’
[11.169s]    48 |         vl_cam >> [01;36m[Kvisible_light_sensor[m[K;
[11.170s]       |                   [01;36m[K^~~~~~~~~~~~~~~~~~~~[m[K
[11.170s] In file included from [01m[K/usr/include/opencv4/opencv2/core.hpp:60[m[K,
[11.171s]                  from [01m[K/usr/include/opencv4/opencv2/opencv.hpp:52[m[K,
[11.171s]                  from [01m[K/home/ubuntu/ros2_ws/bridgeroadinspectiondrone/ros/src/imaging/src/image_pub.cpp:2[m[K:
[11.172s] [01m[K/usr/include/opencv4/opencv2/core/persistence.hpp:1266:6:[m[K [01;36m[Knote: [m[Kcandidate: ‘[01m[Ktemplate<class _Tp> void cv::operator>>(const cv::FileNode&, _Tp&)[m[K’
[11.172s]  1266 | void [01;36m[Koperator[m[K >> (const FileNode& n, _Tp& value)
[11.173s]       |      [01;36m[K^~~~~~~~[m[K
[11.173s] [01m[K/usr/include/opencv4/opencv2/core/persistence.hpp:1266:6:[m[K [01;36m[Knote: [m[K  template argument deduction/substitution failed:
[11.174s] [01m[K/home/ubuntu/ros2_ws/bridgeroadinspectiondrone/ros/src/imaging/src/image_pub.cpp:48:9:[m[K [01;36m[Knote: [m[K  cannot convert ‘[01m[K((ImagePub*)this)->ImagePub::vl_cam[m[K’ (type ‘[01m[Kcv::VideoCapture*[m[K’) to type ‘[01m[Kconst cv::FileNode&[m[K’
[11.174s]    48 |         [01;36m[Kvl_cam[m[K >> visible_light_sensor;
[11.175s]       |         [01;36m[K^~~~~~[m[K
[11.175s] In file included from [01m[K/usr/include/opencv4/opencv2/core.hpp:60[m[K,
[11.175s]                  from [01m[K/usr/include/opencv4/opencv2/opencv.hpp:52[m[K,
[11.176s]                  from [01m[K/home/ubuntu/ros2_ws/bridgeroadinspectiondrone/ros/src/imaging/src/image_pub.cpp:2[m[K:
[11.176s] [01m[K/usr/include/opencv4/opencv2/core/persistence.hpp:1274:6:[m[K [01;36m[Knote: [m[Kcandidate: ‘[01m[Ktemplate<class _Tp> void cv::operator>>(const cv::FileNode&, std::vector<_Tp>&)[m[K’
[11.177s]  1274 | void [01;36m[Koperator[m[K >> (const FileNode& n, std::vector<_Tp>& vec)
[11.177s]       |      [01;36m[K^~~~~~~~[m[K
[11.178s] [01m[K/usr/include/opencv4/opencv2/core/persistence.hpp:1274:6:[m[K [01;36m[Knote: [m[K  template argument deduction/substitution failed:
[11.178s] [01m[K/home/ubuntu/ros2_ws/bridgeroadinspectiondrone/ros/src/imaging/src/image_pub.cpp:48:19:[m[K [01;36m[Knote: [m[K  ‘[01m[Kcv::Mat[m[K’ is not derived from ‘[01m[Kstd::vector<_Tp>[m[K’
[11.179s]    48 |         vl_cam >> [01;36m[Kvisible_light_sensor[m[K;
[11.179s]       |                   [01;36m[K^~~~~~~~~~~~~~~~~~~~[m[K
[11.180s] In file included from [01m[K/usr/include/opencv4/opencv2/core.hpp:60[m[K,
[11.180s]                  from [01m[K/usr/include/opencv4/opencv2/opencv.hpp:52[m[K,
[11.181s]                  from [01m[K/home/ubuntu/ros2_ws/bridgeroadinspectiondrone/ros/src/imaging/src/image_pub.cpp:2[m[K:
[11.181s] [01m[K/usr/include/opencv4/opencv2/core/persistence.hpp:1284:6:[m[K [01;36m[Knote: [m[Kcandidate: ‘[01m[Kvoid cv::operator>>(const cv::FileNode&, cv::KeyPoint&)[m[K’
[11.181s]  1284 | void [01;36m[Koperator[m[K >> (const FileNode& n, KeyPoint& kpt)
[11.182s]       |      [01;36m[K^~~~~~~~[m[K
[11.182s] [01m[K/usr/include/opencv4/opencv2/core/persistence.hpp:1284:35:[m[K [01;36m[Knote: [m[K  no known conversion for argument 1 from ‘[01m[Kcv::VideoCapture*[m[K’ to ‘[01m[Kconst cv::FileNode&[m[K’
[11.183s]  1284 | void operator >> ([01;36m[Kconst FileNode& n[m[K, KeyPoint& kpt)
[11.183s]       |                   [01;36m[K~~~~~~~~~~~~~~~~^[m[K
[11.184s] [01m[K/usr/include/opencv4/opencv2/core/persistence.hpp:1292:6:[m[K [01;36m[Knote: [m[Kcandidate: ‘[01m[Kvoid cv::operator>>(const cv::FileNode&, std::vector<cv::KeyPoint>&)[m[K’
[11.184s]  1292 | void [01;36m[Koperator[m[K >> (const FileNode& n, std::vector<KeyPoint>& vec)
[11.185s]       |      [01;36m[K^~~~~~~~[m[K
[11.185s] [01m[K/usr/include/opencv4/opencv2/core/persistence.hpp:1292:35:[m[K [01;36m[Knote: [m[K  no known conversion for argument 1 from ‘[01m[Kcv::VideoCapture*[m[K’ to ‘[01m[Kconst cv::FileNode&[m[K’
[11.185s]  1292 | void operator >> ([01;36m[Kconst FileNode& n[m[K, std::vector<KeyPoint>& vec)
[11.186s]       |                   [01;36m[K~~~~~~~~~~~~~~~~^[m[K
[11.186s] [01m[K/usr/include/opencv4/opencv2/core/persistence.hpp:1297:6:[m[K [01;36m[Knote: [m[Kcandidate: ‘[01m[Kvoid cv::operator>>(const cv::FileNode&, std::vector<cv::DMatch>&)[m[K’
[11.187s]  1297 | void [01;36m[Koperator[m[K >> (const FileNode& n, std::vector<DMatch>& vec)
[11.188s]       |      [01;36m[K^~~~~~~~[m[K
[11.188s] [01m[K/usr/include/opencv4/opencv2/core/persistence.hpp:1297:35:[m[K [01;36m[Knote: [m[K  no known conversion for argument 1 from ‘[01m[Kcv::VideoCapture*[m[K’ to ‘[01m[Kconst cv::FileNode&[m[K’
[11.189s]  1297 | void operator >> ([01;36m[Kconst FileNode& n[m[K, std::vector<DMatch>& vec)
[11.189s]       |                   [01;36m[K~~~~~~~~~~~~~~~~^[m[K
[11.190s] [01m[K/usr/include/opencv4/opencv2/core/persistence.hpp:1307:6:[m[K [01;36m[Knote: [m[Kcandidate: ‘[01m[Kvoid cv::operator>>(const cv::FileNode&, cv::DMatch&)[m[K’
[11.191s]  1307 | void [01;36m[Koperator[m[K >> (const FileNode& n, DMatch& m)
[11.191s]       |      [01;36m[K^~~~~~~~[m[K
[11.192s] [01m[K/usr/include/opencv4/opencv2/core/persistence.hpp:1307:35:[m[K [01;36m[Knote: [m[K  no known conversion for argument 1 from ‘[01m[Kcv::VideoCapture*[m[K’ to ‘[01m[Kconst cv::FileNode&[m[K’
[11.192s]  1307 | void operator >> ([01;36m[Kconst FileNode& n[m[K, DMatch& m)
[11.192s]       |                   [01;36m[K~~~~~~~~~~~~~~~~^[m[K
[11.193s] [01m[K/home/ubuntu/ros2_ws/bridgeroadinspectiondrone/ros/src/imaging/src/image_pub.cpp:49:19:[m[K [01;31m[Kerror: [m[Krequest for member ‘[01m[Kempty[m[K’ in ‘[01m[K((ImagePub*)this)->ImagePub::vl_cam[m[K’, which is of pointer type ‘[01m[Kcv::VideoCapture*[m[K’ (maybe you meant to use ‘[01m[K->[m[K’ ?)
[11.193s]    49 |         if(vl_cam.[01;31m[Kempty[m[K())
[11.194s]       |                   [01;31m[K^~~~~[m[K
[16.281s] make[2]: *** [CMakeFiles/image_pub.dir/build.make:63: CMakeFiles/image_pub.dir/src/image_pub.cpp.o] Error 1
[16.282s] make[1]: *** [CMakeFiles/Makefile2:78: CMakeFiles/image_pub.dir/all] Error 2
[16.283s] make: *** [Makefile:141: all] Error 2
[16.289s] Invoked command in '/home/ubuntu/ros2_ws/bridgeroadinspectiondrone/ros/src/build/imaging' returned '2': CMAKE_PREFIX_PATH=/opt/ros/foxy /usr/bin/cmake --build /home/ubuntu/ros2_ws/bridgeroadinspectiondrone/ros/src/build/imaging -- -j4 -l4
