[0.613s] DEBUG:colcon:Command line arguments: ['/usr/bin/colcon', 'build', '--packages-select', 'imaging']
[0.614s] DEBUG:colcon:Parsed command line arguments: Namespace(allow_overriding=[], ament_cmake_args=None, base_paths=['.'], build_base='build', catkin_cmake_args=None, catkin_skip_building_tests=False, cmake_args=None, cmake_clean_cache=False, cmake_clean_first=False, cmake_force_configure=False, cmake_target=None, cmake_target_skip_unavailable=False, continue_on_error=False, event_handlers=None, executor='parallel', ignore_user_meta=False, install_base='install', log_base=None, log_level=None, main=<bound method BuildVerb.main of <colcon_core.verb.build.BuildVerb object at 0xffff81b1a1f0>>, merge_install=False, metas=['./colcon.meta'], packages_above=None, packages_above_and_dependencies=None, packages_above_depth=None, packages_end=None, packages_ignore=None, packages_ignore_regex=None, packages_select=['imaging'], packages_select_build_failed=False, packages_select_by_dep=None, packages_select_regex=None, packages_select_test_failures=False, packages_skip=None, packages_skip_build_finished=False, packages_skip_by_dep=None, packages_skip_regex=None, packages_skip_test_passed=False, packages_skip_up_to=None, packages_start=None, packages_up_to=None, packages_up_to_regex=None, parallel_workers=4, paths=None, symlink_install=False, test_result_base=None, verb_extension=<colcon_core.verb.build.BuildVerb object at 0xffff81b1a1f0>, verb_name='build', verb_parser=<colcon_defaults.argument_parser.defaults.DefaultArgumentsDecorator object at 0xffff81b1a6a0>)
[0.711s] Level 1:colcon.colcon_core.package_discovery:discover_packages(colcon_meta) check parameters
[0.711s] Level 1:colcon.colcon_core.package_discovery:discover_packages(recursive) check parameters
[0.711s] Level 1:colcon.colcon_core.package_discovery:discover_packages(ignore) check parameters
[0.712s] Level 1:colcon.colcon_core.package_discovery:discover_packages(path) check parameters
[0.712s] Level 1:colcon.colcon_core.package_discovery:discover_packages(colcon_meta) discover
[0.712s] Level 1:colcon.colcon_core.package_discovery:discover_packages(recursive) discover
[0.712s] INFO:colcon.colcon_core.package_discovery:Crawling recursively for packages in '/home/ubuntu/ros2_ws/bridgeroadinspectiondrone/ros/src'
[0.713s] Level 1:colcon.colcon_core.package_identification:_identify(.) by extensions ['ignore', 'ignore_ament_install']
[0.713s] Level 1:colcon.colcon_core.package_identification:_identify(.) by extension 'ignore'
[0.713s] Level 1:colcon.colcon_core.package_identification:_identify(.) by extension 'ignore_ament_install'
[0.713s] Level 1:colcon.colcon_core.package_identification:_identify(.) by extensions ['colcon_pkg']
[0.714s] Level 1:colcon.colcon_core.package_identification:_identify(.) by extension 'colcon_pkg'
[0.714s] Level 1:colcon.colcon_core.package_identification:_identify(.) by extensions ['colcon_meta']
[0.714s] Level 1:colcon.colcon_core.package_identification:_identify(.) by extension 'colcon_meta'
[0.714s] Level 1:colcon.colcon_core.package_identification:_identify(.) by extensions ['ros']
[0.714s] Level 1:colcon.colcon_core.package_identification:_identify(.) by extension 'ros'
[0.754s] Level 1:colcon.colcon_core.package_identification:_identify(.) by extensions ['cmake', 'python']
[0.754s] Level 1:colcon.colcon_core.package_identification:_identify(.) by extension 'cmake'
[0.754s] Level 1:colcon.colcon_core.package_identification:_identify(.) by extension 'python'
[0.754s] Level 1:colcon.colcon_core.package_identification:_identify(.) by extensions ['python_setup_py']
[0.754s] Level 1:colcon.colcon_core.package_identification:_identify(.) by extension 'python_setup_py'
[0.755s] Level 1:colcon.colcon_core.package_identification:_identify(build) by extensions ['ignore', 'ignore_ament_install']
[0.755s] Level 1:colcon.colcon_core.package_identification:_identify(build) by extension 'ignore'
[0.756s] Level 1:colcon.colcon_core.package_identification:_identify(build) ignored
[0.756s] Level 1:colcon.colcon_core.package_identification:_identify(controls) by extensions ['ignore', 'ignore_ament_install']
[0.757s] Level 1:colcon.colcon_core.package_identification:_identify(controls) by extension 'ignore'
[0.757s] Level 1:colcon.colcon_core.package_identification:_identify(controls) by extension 'ignore_ament_install'
[0.757s] Level 1:colcon.colcon_core.package_identification:_identify(controls) by extensions ['colcon_pkg']
[0.758s] Level 1:colcon.colcon_core.package_identification:_identify(controls) by extension 'colcon_pkg'
[0.758s] Level 1:colcon.colcon_core.package_identification:_identify(controls) by extensions ['colcon_meta']
[0.758s] Level 1:colcon.colcon_core.package_identification:_identify(controls) by extension 'colcon_meta'
[0.758s] Level 1:colcon.colcon_core.package_identification:_identify(controls) by extensions ['ros']
[0.759s] Level 1:colcon.colcon_core.package_identification:_identify(controls) by extension 'ros'
[0.770s] DEBUG:colcon.colcon_core.package_identification:Package 'controls' with type 'ros.ament_python' and name 'controls'
[0.771s] Level 1:colcon.colcon_core.package_identification:_identify(imaging) by extensions ['ignore', 'ignore_ament_install']
[0.771s] Level 1:colcon.colcon_core.package_identification:_identify(imaging) by extension 'ignore'
[0.771s] Level 1:colcon.colcon_core.package_identification:_identify(imaging) by extension 'ignore_ament_install'
[0.771s] Level 1:colcon.colcon_core.package_identification:_identify(imaging) by extensions ['colcon_pkg']
[0.771s] Level 1:colcon.colcon_core.package_identification:_identify(imaging) by extension 'colcon_pkg'
[0.772s] Level 1:colcon.colcon_core.package_identification:_identify(imaging) by extensions ['colcon_meta']
[0.772s] Level 1:colcon.colcon_core.package_identification:_identify(imaging) by extension 'colcon_meta'
[0.772s] Level 1:colcon.colcon_core.package_identification:_identify(imaging) by extensions ['ros']
[0.772s] Level 1:colcon.colcon_core.package_identification:_identify(imaging) by extension 'ros'
[0.781s] DEBUG:colcon.colcon_core.package_identification:Found ROS schema reference in package manifest in 'imaging'
[0.781s] WARNING:colcon.colcon_core.package_identification:Failed to parse ROS package manifest in 'imaging': Error(s) in package 'imaging/package.xml':
Error(s):
- The "depend" tag must not contain the following children: libseek-thermal
[0.782s] Level 1:colcon.colcon_core.package_identification:_identify(imaging) by extensions ['cmake', 'python']
[0.782s] Level 1:colcon.colcon_core.package_identification:_identify(imaging) by extension 'cmake'
[0.788s] Level 1:colcon.colcon_core.package_identification:_identify(imaging) by extension 'python'
[0.788s] DEBUG:colcon.colcon_core.package_identification:Package 'imaging' with type 'cmake' and name 'imaging'
[0.789s] Level 1:colcon.colcon_core.package_identification:_identify(install) by extensions ['ignore', 'ignore_ament_install']
[0.789s] Level 1:colcon.colcon_core.package_identification:_identify(install) by extension 'ignore'
[0.789s] Level 1:colcon.colcon_core.package_identification:_identify(install) ignored
[0.790s] Level 1:colcon.colcon_core.package_identification:_identify(log) by extensions ['ignore', 'ignore_ament_install']
[0.791s] Level 1:colcon.colcon_core.package_identification:_identify(log) by extension 'ignore'
[0.791s] Level 1:colcon.colcon_core.package_identification:_identify(log) ignored
[0.791s] Level 1:colcon.colcon_core.package_identification:_identify(model_defect) by extensions ['ignore', 'ignore_ament_install']
[0.791s] Level 1:colcon.colcon_core.package_identification:_identify(model_defect) by extension 'ignore'
[0.792s] Level 1:colcon.colcon_core.package_identification:_identify(model_defect) by extension 'ignore_ament_install'
[0.792s] Level 1:colcon.colcon_core.package_identification:_identify(model_defect) by extensions ['colcon_pkg']
[0.792s] Level 1:colcon.colcon_core.package_identification:_identify(model_defect) by extension 'colcon_pkg'
[0.792s] Level 1:colcon.colcon_core.package_identification:_identify(model_defect) by extensions ['colcon_meta']
[0.792s] Level 1:colcon.colcon_core.package_identification:_identify(model_defect) by extension 'colcon_meta'
[0.793s] Level 1:colcon.colcon_core.package_identification:_identify(model_defect) by extensions ['ros']
[0.793s] Level 1:colcon.colcon_core.package_identification:_identify(model_defect) by extension 'ros'
[0.797s] DEBUG:colcon.colcon_core.package_identification:Package 'model_defect' with type 'ros.ament_python' and name 'model_defect'
[0.797s] Level 1:colcon.colcon_core.package_identification:_identify(offboard_testing) by extensions ['ignore', 'ignore_ament_install']
[0.798s] Level 1:colcon.colcon_core.package_identification:_identify(offboard_testing) by extension 'ignore'
[0.798s] Level 1:colcon.colcon_core.package_identification:_identify(offboard_testing) by extension 'ignore_ament_install'
[0.798s] Level 1:colcon.colcon_core.package_identification:_identify(offboard_testing) by extensions ['colcon_pkg']
[0.798s] Level 1:colcon.colcon_core.package_identification:_identify(offboard_testing) by extension 'colcon_pkg'
[0.799s] Level 1:colcon.colcon_core.package_identification:_identify(offboard_testing) by extensions ['colcon_meta']
[0.799s] Level 1:colcon.colcon_core.package_identification:_identify(offboard_testing) by extension 'colcon_meta'
[0.799s] Level 1:colcon.colcon_core.package_identification:_identify(offboard_testing) by extensions ['ros']
[0.799s] Level 1:colcon.colcon_core.package_identification:_identify(offboard_testing) by extension 'ros'
[0.803s] DEBUG:colcon.colcon_core.package_identification:Package 'offboard_testing' with type 'ros.ament_python' and name 'offboard_testing'
[0.803s] Level 1:colcon.colcon_core.package_identification:_identify(road_nav) by extensions ['ignore', 'ignore_ament_install']
[0.804s] Level 1:colcon.colcon_core.package_identification:_identify(road_nav) by extension 'ignore'
[0.804s] Level 1:colcon.colcon_core.package_identification:_identify(road_nav) by extension 'ignore_ament_install'
[0.804s] Level 1:colcon.colcon_core.package_identification:_identify(road_nav) by extensions ['colcon_pkg']
[0.805s] Level 1:colcon.colcon_core.package_identification:_identify(road_nav) by extension 'colcon_pkg'
[0.805s] Level 1:colcon.colcon_core.package_identification:_identify(road_nav) by extensions ['colcon_meta']
[0.805s] Level 1:colcon.colcon_core.package_identification:_identify(road_nav) by extension 'colcon_meta'
[0.805s] Level 1:colcon.colcon_core.package_identification:_identify(road_nav) by extensions ['ros']
[0.805s] Level 1:colcon.colcon_core.package_identification:_identify(road_nav) by extension 'ros'
[0.842s] DEBUG:colcon.colcon_core.package_identification:Package 'road_nav' with type 'ros.ament_python' and name 'road_nav'
[0.842s] Level 1:colcon.colcon_core.package_discovery:discover_packages(recursive) using defaults
[0.842s] Level 1:colcon.colcon_core.package_discovery:discover_packages(ignore) discover
[0.842s] Level 1:colcon.colcon_core.package_discovery:discover_packages(ignore) using defaults
[0.843s] Level 1:colcon.colcon_core.package_discovery:discover_packages(path) discover
[0.843s] Level 1:colcon.colcon_core.package_discovery:discover_packages(path) using defaults
[0.913s] INFO:colcon.colcon_core.package_selection:Skipping not selected package 'controls' in 'controls'
[0.913s] INFO:colcon.colcon_core.package_selection:Skipping not selected package 'model_defect' in 'model_defect'
[0.913s] INFO:colcon.colcon_core.package_selection:Skipping not selected package 'offboard_testing' in 'offboard_testing'
[0.913s] INFO:colcon.colcon_core.package_selection:Skipping not selected package 'road_nav' in 'road_nav'
[0.916s] Level 1:colcon.colcon_core.package_discovery:discover_packages(prefix_path) check parameters
[0.916s] Level 1:colcon.colcon_core.package_discovery:discover_packages(prefix_path) discover
[0.933s] DEBUG:colcon.colcon_installed_package_information.package_discovery:Found 269 installed packages in /opt/ros/foxy
[0.939s] Level 1:colcon.colcon_core.package_discovery:discover_packages(prefix_path) using defaults
[1.260s] Level 5:colcon.colcon_core.verb:set package 'imaging' build argument 'cmake_args' from command line to 'None'
[1.260s] Level 5:colcon.colcon_core.verb:set package 'imaging' build argument 'cmake_target' from command line to 'None'
[1.261s] Level 5:colcon.colcon_core.verb:set package 'imaging' build argument 'cmake_target_skip_unavailable' from command line to 'False'
[1.261s] Level 5:colcon.colcon_core.verb:set package 'imaging' build argument 'cmake_clean_cache' from command line to 'False'
[1.261s] Level 5:colcon.colcon_core.verb:set package 'imaging' build argument 'cmake_clean_first' from command line to 'False'
[1.261s] Level 5:colcon.colcon_core.verb:set package 'imaging' build argument 'cmake_force_configure' from command line to 'False'
[1.261s] Level 5:colcon.colcon_core.verb:set package 'imaging' build argument 'ament_cmake_args' from command line to 'None'
[1.261s] Level 5:colcon.colcon_core.verb:set package 'imaging' build argument 'catkin_cmake_args' from command line to 'None'
[1.261s] Level 5:colcon.colcon_core.verb:set package 'imaging' build argument 'catkin_skip_building_tests' from command line to 'False'
[1.261s] DEBUG:colcon.colcon_core.verb:Building package 'imaging' with the following arguments: {'ament_cmake_args': None, 'build_base': '/home/ubuntu/ros2_ws/bridgeroadinspectiondrone/ros/src/build/imaging', 'catkin_cmake_args': None, 'catkin_skip_building_tests': False, 'cmake_args': None, 'cmake_clean_cache': False, 'cmake_clean_first': False, 'cmake_force_configure': False, 'cmake_target': None, 'cmake_target_skip_unavailable': False, 'install_base': '/home/ubuntu/ros2_ws/bridgeroadinspectiondrone/ros/src/install/imaging', 'merge_install': False, 'path': '/home/ubuntu/ros2_ws/bridgeroadinspectiondrone/ros/src/imaging', 'symlink_install': False, 'test_result_base': None}
[1.264s] INFO:colcon.colcon_core.executor:Executing jobs using 'parallel' executor
[1.283s] DEBUG:colcon.colcon_parallel_executor.executor.parallel:run_until_complete
[1.284s] INFO:colcon.colcon_cmake.task.cmake.build:Building CMake package in '/home/ubuntu/ros2_ws/bridgeroadinspectiondrone/ros/src/imaging'
[1.305s] INFO:colcon.colcon_core.plugin_system:Skipping extension 'colcon_core.shell.bat': Not used on non-Windows systems
[1.306s] INFO:colcon.colcon_core.shell:Skip shell extension 'powershell' for command environment: Not usable outside of PowerShell
[1.307s] DEBUG:colcon.colcon_core.shell:Skip shell extension 'dsv' for command environment
[1.356s] DEBUG:colcon.colcon_core.event_handler.log_command:Invoking command in '/home/ubuntu/ros2_ws/bridgeroadinspectiondrone/ros/src/build/imaging': /usr/bin/cmake --build /home/ubuntu/ros2_ws/bridgeroadinspectiondrone/ros/src/build/imaging -- -j4 -l4
[5.938s] DEBUG:colcon.colcon_core.event_handler.log_command:Invoked command in '/home/ubuntu/ros2_ws/bridgeroadinspectiondrone/ros/src/build/imaging' returned '2': /usr/bin/cmake --build /home/ubuntu/ros2_ws/bridgeroadinspectiondrone/ros/src/build/imaging -- -j4 -l4
[5.948s] DEBUG:colcon.colcon_parallel_executor.executor.parallel:closing loop
[5.949s] DEBUG:colcon.colcon_parallel_executor.executor.parallel:loop closed
[5.949s] DEBUG:colcon.colcon_parallel_executor.executor.parallel:run_until_complete finished with '2'
[5.949s] DEBUG:colcon.colcon_core.event_reactor:joining thread
[5.979s] INFO:colcon.colcon_core.plugin_system:Skipping extension 'colcon_notification.desktop_notification.notify_send': Could not find 'notify-send'
[5.980s] INFO:colcon.colcon_core.plugin_system:Skipping extension 'colcon_notification.desktop_notification.terminal_notifier': Not used on non-Darwin systems
[5.980s] INFO:colcon.colcon_core.plugin_system:Skipping extension 'colcon_notification.desktop_notification.win32': Not used on non-Windows systems
[5.980s] INFO:colcon.colcon_notification.desktop_notification:Sending desktop notification using 'notify2'
[5.984s] DEBUG:colcon.colcon_notification.desktop_notification.notify2:Failed to initialize notify2: org.freedesktop.DBus.Error.ServiceUnknown: The name org.freedesktop.Notifications was not provided by any .service files
[5.984s] DEBUG:colcon.colcon_core.event_reactor:joined thread
[5.991s] INFO:colcon.colcon_core.shell:Creating prefix script '/home/ubuntu/ros2_ws/bridgeroadinspectiondrone/ros/src/install/local_setup.ps1'
[5.995s] INFO:colcon.colcon_core.shell:Creating prefix util module '/home/ubuntu/ros2_ws/bridgeroadinspectiondrone/ros/src/install/_local_setup_util_ps1.py'
[6.000s] INFO:colcon.colcon_core.shell:Creating prefix chain script '/home/ubuntu/ros2_ws/bridgeroadinspectiondrone/ros/src/install/setup.ps1'
[6.006s] INFO:colcon.colcon_core.shell:Creating prefix script '/home/ubuntu/ros2_ws/bridgeroadinspectiondrone/ros/src/install/local_setup.sh'
[6.012s] INFO:colcon.colcon_core.shell:Creating prefix util module '/home/ubuntu/ros2_ws/bridgeroadinspectiondrone/ros/src/install/_local_setup_util_sh.py'
[6.014s] INFO:colcon.colcon_core.shell:Creating prefix chain script '/home/ubuntu/ros2_ws/bridgeroadinspectiondrone/ros/src/install/setup.sh'
[6.021s] INFO:colcon.colcon_core.shell:Creating prefix script '/home/ubuntu/ros2_ws/bridgeroadinspectiondrone/ros/src/install/local_setup.bash'
[6.023s] INFO:colcon.colcon_core.shell:Creating prefix chain script '/home/ubuntu/ros2_ws/bridgeroadinspectiondrone/ros/src/install/setup.bash'
[6.029s] INFO:colcon.colcon_core.shell:Creating prefix script '/home/ubuntu/ros2_ws/bridgeroadinspectiondrone/ros/src/install/local_setup.zsh'
[6.032s] INFO:colcon.colcon_core.shell:Creating prefix chain script '/home/ubuntu/ros2_ws/bridgeroadinspectiondrone/ros/src/install/setup.zsh'
