[10.212s] Invoking command in '/home/ubuntu/ros2_ws/bridgeroadinspectiondrone/ros/src/road_nav': PYTHONPATH=/home/ubuntu/ros2_ws/bridgeroadinspectiondrone/ros/src/install/road_nav/lib/python3.8/site-packages: /usr/bin/python3 setup.py egg_info --egg-base ../build/road_nav build --build-base /home/ubuntu/ros2_ws/bridgeroadinspectiondrone/ros/src/build/road_nav/build install --prefix /home/ubuntu/ros2_ws/bridgeroadinspectiondrone/ros/src/install/road_nav --record /home/ubuntu/ros2_ws/bridgeroadinspectiondrone/ros/src/build/road_nav/install.log --single-version-externally-managed
[20.045s] running egg_info
[20.048s] writing ../build/road_nav/road_nav.egg-info/PKG-INFO
[20.069s] writing dependency_links to ../build/road_nav/road_nav.egg-info/dependency_links.txt
[20.072s] writing entry points to ../build/road_nav/road_nav.egg-info/entry_points.txt
[20.087s] writing requirements to ../build/road_nav/road_nav.egg-info/requires.txt
[20.092s] writing top-level names to ../build/road_nav/road_nav.egg-info/top_level.txt
[21.341s] reading manifest file '../build/road_nav/road_nav.egg-info/SOURCES.txt'
[21.372s] writing manifest file '../build/road_nav/road_nav.egg-info/SOURCES.txt'
[21.379s] running build
[21.382s] running build_py
[21.390s] running install
[21.400s] running install_lib
[21.422s] running install_data
[21.431s] running install_egg_info
[21.469s] removing '/home/ubuntu/ros2_ws/bridgeroadinspectiondrone/ros/src/install/road_nav/lib/python3.8/site-packages/road_nav-0.0.0-py3.8.egg-info' (and everything under it)
[21.517s] Copying ../build/road_nav/road_nav.egg-info to /home/ubuntu/ros2_ws/bridgeroadinspectiondrone/ros/src/install/road_nav/lib/python3.8/site-packages/road_nav-0.0.0-py3.8.egg-info
[21.569s] running install_scripts
[21.787s] Installing road_nav script to /home/ubuntu/ros2_ws/bridgeroadinspectiondrone/ros/src/install/road_nav/lib/road_nav
[21.792s] writing list of installed files to '/home/ubuntu/ros2_ws/bridgeroadinspectiondrone/ros/src/build/road_nav/install.log'
[21.993s] Invoked command in '/home/ubuntu/ros2_ws/bridgeroadinspectiondrone/ros/src/road_nav' returned '0': PYTHONPATH=/home/ubuntu/ros2_ws/bridgeroadinspectiondrone/ros/src/install/road_nav/lib/python3.8/site-packages: /usr/bin/python3 setup.py egg_info --egg-base ../build/road_nav build --build-base /home/ubuntu/ros2_ws/bridgeroadinspectiondrone/ros/src/build/road_nav/build install --prefix /home/ubuntu/ros2_ws/bridgeroadinspectiondrone/ros/src/install/road_nav --record /home/ubuntu/ros2_ws/bridgeroadinspectiondrone/ros/src/build/road_nav/install.log --single-version-externally-managed
