[0.065s] Invoking command in '/home/ubuntu/ros2_ws/bridgeroadinspectiondrone/ros/src/build/imaging': CMAKE_PREFIX_PATH=/opt/ros/foxy /usr/bin/cmake /home/ubuntu/ros2_ws/bridgeroadinspectiondrone/ros/src/imaging -DCMAKE_INSTALL_PREFIX=/home/ubuntu/ros2_ws/bridgeroadinspectiondrone/ros/src/install/imaging
[0.664s] -- The C compiler identification is GNU 9.4.0
[1.065s] -- The CXX compiler identification is GNU 9.4.0
[1.102s] -- Check for working C compiler: /usr/bin/cc
[1.442s] -- Check for working C compiler: /usr/bin/cc -- works
[1.448s] -- Detecting C compiler ABI info
[1.740s] -- Detecting C compiler ABI info - done
[1.777s] -- Detecting C compile features
[1.779s] -- Detecting C compile features - done
[1.791s] -- Check for working CXX compiler: /usr/bin/c++
[2.112s] -- Check for working CXX compiler: /usr/bin/c++ -- works
[2.117s] -- Detecting CXX compiler ABI info
[2.460s] -- Detecting CXX compiler ABI info - done
[2.497s] -- Detecting CXX compile features
[2.499s] -- Detecting CXX compile features - done
[2.532s] -- Found ament_cmake: 0.9.11 (/opt/ros/foxy/share/ament_cmake/cmake)
[2.678s] -- Found PythonInterp: /usr/bin/python3 (found suitable version "3.8.10", minimum required is "3") 
[2.679s] -- Using PYTHON_EXECUTABLE: /usr/bin/python3
[3.709s] -- Found rclcpp: 2.4.2 (/opt/ros/foxy/share/rclcpp/cmake)
[4.084s] -- Using all available rosidl_typesupport_c: rosidl_typesupport_fastrtps_c;rosidl_typesupport_introspection_c
[4.148s] -- Found rosidl_adapter: 1.3.0 (/opt/ros/foxy/share/rosidl_adapter/cmake)
[4.737s] -- Found OpenSSL: /usr/lib/aarch64-linux-gnu/libcrypto.so (found version "1.1.1f")  
[4.986s] -- Found FastRTPS: /opt/ros/foxy/include  
[5.570s] -- Using all available rosidl_typesupport_cpp: rosidl_typesupport_fastrtps_cpp;rosidl_typesupport_introspection_cpp
[5.898s] -- Found rmw_implementation_cmake: 1.0.3 (/opt/ros/foxy/share/rmw_implementation_cmake/cmake)
[5.907s] -- Using RMW implementation 'rmw_fastrtps_cpp' as default
[5.915s] -- Looking for pthread.h
[6.361s] -- Looking for pthread.h - found
[6.363s] -- Performing Test CMAKE_HAVE_LIBC_PTHREAD
[6.677s] -- Performing Test CMAKE_HAVE_LIBC_PTHREAD - Failed
[6.678s] -- Looking for pthread_create in pthreads
[6.929s] -- Looking for pthread_create in pthreads - not found
[6.930s] -- Looking for pthread_create in pthread
[7.240s] -- Looking for pthread_create in pthread - found
[7.244s] -- Found Threads: TRUE  
[8.048s] -- Found OpenCV: /usr (found version "4.2.0") 
[8.064s] -- Found cv_bridge: 3.0.6 (/opt/ros/foxy/share/cv_bridge/cmake)
[8.636s] -- Found image_transport: 2.4.0 (/opt/ros/foxy/share/image_transport/cmake)
[9.094s] CMake Error at CMakeLists.txt:44 (install):
[9.094s]   install TARGETS given target "visible_light" which does not exist.
[9.095s] 
[9.095s] 
[9.110s] -- Found ament_lint_auto: 0.9.7 (/opt/ros/foxy/share/ament_lint_auto/cmake)
[9.574s] -- Added test 'copyright' to check source files copyright and LICENSE
[9.582s] -- Added test 'cppcheck' to perform static code analysis on C / C++ code
[9.583s] -- Configured cppcheck include dirs: $<BUILD_INTERFACE:/home/ubuntu/ros2_ws/bridgeroadinspectiondrone/ros/src/imaging/include>
[9.584s] -- Configured cppcheck exclude dirs and/or files: 
[9.590s] -- Added test 'cpplint' to check C / C++ code against the Google style
[9.591s] -- Configured cpplint exclude dirs and/or files: 
[9.596s] -- Added test 'lint_cmake' to check CMake code style
[9.604s] -- Added test 'uncrustify' to check C / C++ code style
[9.605s] -- Configured uncrustify additional arguments: 
[9.608s] -- Added test 'xmllint' to check XML markup files
[9.635s] -- Configuring incomplete, errors occurred!
[9.636s] See also "/home/ubuntu/ros2_ws/bridgeroadinspectiondrone/ros/src/build/imaging/CMakeFiles/CMakeOutput.log".
[9.636s] See also "/home/ubuntu/ros2_ws/bridgeroadinspectiondrone/ros/src/build/imaging/CMakeFiles/CMakeError.log".
[9.672s] Invoked command in '/home/ubuntu/ros2_ws/bridgeroadinspectiondrone/ros/src/build/imaging' returned '1': CMAKE_PREFIX_PATH=/opt/ros/foxy /usr/bin/cmake /home/ubuntu/ros2_ws/bridgeroadinspectiondrone/ros/src/imaging -DCMAKE_INSTALL_PREFIX=/home/ubuntu/ros2_ws/bridgeroadinspectiondrone/ros/src/install/imaging
