[0.615s] DEBUG:colcon:Command line arguments: ['/usr/bin/colcon', 'build', '--packages-select', 'imaging']
[0.615s] DEBUG:colcon:Parsed command line arguments: Namespace(allow_overriding=[], ament_cmake_args=None, base_paths=['.'], build_base='build', catkin_cmake_args=None, catkin_skip_building_tests=False, cmake_args=None, cmake_clean_cache=False, cmake_clean_first=False, cmake_force_configure=False, cmake_target=None, cmake_target_skip_unavailable=False, continue_on_error=False, event_handlers=None, executor='parallel', ignore_user_meta=False, install_base='install', log_base=None, log_level=None, main=<bound method BuildVerb.main of <colcon_core.verb.build.BuildVerb object at 0xffffab9dd430>>, merge_install=False, metas=['./colcon.meta'], packages_above=None, packages_above_and_dependencies=None, packages_above_depth=None, packages_end=None, packages_ignore=None, packages_ignore_regex=None, packages_select=['imaging'], packages_select_build_failed=False, packages_select_by_dep=None, packages_select_regex=None, packages_select_test_failures=False, packages_skip=None, packages_skip_build_finished=False, packages_skip_by_dep=None, packages_skip_regex=None, packages_skip_test_passed=False, packages_skip_up_to=None, packages_start=None, packages_up_to=None, packages_up_to_regex=None, parallel_workers=4, paths=None, symlink_install=False, test_result_base=None, verb_extension=<colcon_core.verb.build.BuildVerb object at 0xffffab9dd430>, verb_name='build', verb_parser=<colcon_defaults.argument_parser.defaults.DefaultArgumentsDecorator object at 0xffffab9dd8e0>)
[0.713s] Level 1:colcon.colcon_core.package_discovery:discover_packages(colcon_meta) check parameters
[0.714s] Level 1:colcon.colcon_core.package_discovery:discover_packages(recursive) check parameters
[0.714s] Level 1:colcon.colcon_core.package_discovery:discover_packages(ignore) check parameters
[0.714s] Level 1:colcon.colcon_core.package_discovery:discover_packages(path) check parameters
[0.714s] Level 1:colcon.colcon_core.package_discovery:discover_packages(colcon_meta) discover
[0.714s] Level 1:colcon.colcon_core.package_discovery:discover_packages(recursive) discover
[0.714s] INFO:colcon.colcon_core.package_discovery:Crawling recursively for packages in '/home/ubuntu/ros2_ws/bridgeroadinspectiondrone/ros/src'
[0.715s] Level 1:colcon.colcon_core.package_identification:_identify(.) by extensions ['ignore', 'ignore_ament_install']
[0.715s] Level 1:colcon.colcon_core.package_identification:_identify(.) by extension 'ignore'
[0.716s] Level 1:colcon.colcon_core.package_identification:_identify(.) by extension 'ignore_ament_install'
[0.716s] Level 1:colcon.colcon_core.package_identification:_identify(.) by extensions ['colcon_pkg']
[0.716s] Level 1:colcon.colcon_core.package_identification:_identify(.) by extension 'colcon_pkg'
[0.716s] Level 1:colcon.colcon_core.package_identification:_identify(.) by extensions ['colcon_meta']
[0.716s] Level 1:colcon.colcon_core.package_identification:_identify(.) by extension 'colcon_meta'
[0.716s] Level 1:colcon.colcon_core.package_identification:_identify(.) by extensions ['ros']
[0.716s] Level 1:colcon.colcon_core.package_identification:_identify(.) by extension 'ros'
[0.757s] Level 1:colcon.colcon_core.package_identification:_identify(.) by extensions ['cmake', 'python']
[0.757s] Level 1:colcon.colcon_core.package_identification:_identify(.) by extension 'cmake'
[0.757s] Level 1:colcon.colcon_core.package_identification:_identify(.) by extension 'python'
[0.757s] Level 1:colcon.colcon_core.package_identification:_identify(.) by extensions ['python_setup_py']
[0.757s] Level 1:colcon.colcon_core.package_identification:_identify(.) by extension 'python_setup_py'
[0.758s] Level 1:colcon.colcon_core.package_identification:_identify(build) by extensions ['ignore', 'ignore_ament_install']
[0.758s] Level 1:colcon.colcon_core.package_identification:_identify(build) by extension 'ignore'
[0.759s] Level 1:colcon.colcon_core.package_identification:_identify(build) ignored
[0.759s] Level 1:colcon.colcon_core.package_identification:_identify(controls) by extensions ['ignore', 'ignore_ament_install']
[0.760s] Level 1:colcon.colcon_core.package_identification:_identify(controls) by extension 'ignore'
[0.760s] Level 1:colcon.colcon_core.package_identification:_identify(controls) by extension 'ignore_ament_install'
[0.760s] Level 1:colcon.colcon_core.package_identification:_identify(controls) by extensions ['colcon_pkg']
[0.760s] Level 1:colcon.colcon_core.package_identification:_identify(controls) by extension 'colcon_pkg'
[0.760s] Level 1:colcon.colcon_core.package_identification:_identify(controls) by extensions ['colcon_meta']
[0.760s] Level 1:colcon.colcon_core.package_identification:_identify(controls) by extension 'colcon_meta'
[0.761s] Level 1:colcon.colcon_core.package_identification:_identify(controls) by extensions ['ros']
[0.761s] Level 1:colcon.colcon_core.package_identification:_identify(controls) by extension 'ros'
[0.771s] DEBUG:colcon.colcon_core.package_identification:Package 'controls' with type 'ros.ament_python' and name 'controls'
[0.772s] Level 1:colcon.colcon_core.package_identification:_identify(imaging) by extensions ['ignore', 'ignore_ament_install']
[0.772s] Level 1:colcon.colcon_core.package_identification:_identify(imaging) by extension 'ignore'
[0.773s] Level 1:colcon.colcon_core.package_identification:_identify(imaging) by extension 'ignore_ament_install'
[0.773s] Level 1:colcon.colcon_core.package_identification:_identify(imaging) by extensions ['colcon_pkg']
[0.774s] Level 1:colcon.colcon_core.package_identification:_identify(imaging) by extension 'colcon_pkg'
[0.774s] Level 1:colcon.colcon_core.package_identification:_identify(imaging) by extensions ['colcon_meta']
[0.774s] Level 1:colcon.colcon_core.package_identification:_identify(imaging) by extension 'colcon_meta'
[0.774s] Level 1:colcon.colcon_core.package_identification:_identify(imaging) by extensions ['ros']
[0.775s] Level 1:colcon.colcon_core.package_identification:_identify(imaging) by extension 'ros'
[0.779s] DEBUG:colcon.colcon_core.package_identification:Package 'imaging' with type 'ros.ament_cmake' and name 'imaging'
[0.779s] Level 1:colcon.colcon_core.package_identification:_identify(install) by extensions ['ignore', 'ignore_ament_install']
[0.780s] Level 1:colcon.colcon_core.package_identification:_identify(install) by extension 'ignore'
[0.780s] Level 1:colcon.colcon_core.package_identification:_identify(install) ignored
[0.781s] Level 1:colcon.colcon_core.package_identification:_identify(log) by extensions ['ignore', 'ignore_ament_install']
[0.781s] Level 1:colcon.colcon_core.package_identification:_identify(log) by extension 'ignore'
[0.782s] Level 1:colcon.colcon_core.package_identification:_identify(log) ignored
[0.782s] Level 1:colcon.colcon_core.package_identification:_identify(model_defect) by extensions ['ignore', 'ignore_ament_install']
[0.783s] Level 1:colcon.colcon_core.package_identification:_identify(model_defect) by extension 'ignore'
[0.783s] Level 1:colcon.colcon_core.package_identification:_identify(model_defect) by extension 'ignore_ament_install'
[0.783s] Level 1:colcon.colcon_core.package_identification:_identify(model_defect) by extensions ['colcon_pkg']
[0.783s] Level 1:colcon.colcon_core.package_identification:_identify(model_defect) by extension 'colcon_pkg'
[0.784s] Level 1:colcon.colcon_core.package_identification:_identify(model_defect) by extensions ['colcon_meta']
[0.784s] Level 1:colcon.colcon_core.package_identification:_identify(model_defect) by extension 'colcon_meta'
[0.784s] Level 1:colcon.colcon_core.package_identification:_identify(model_defect) by extensions ['ros']
[0.784s] Level 1:colcon.colcon_core.package_identification:_identify(model_defect) by extension 'ros'
[0.792s] DEBUG:colcon.colcon_core.package_identification:Package 'model_defect' with type 'ros.ament_python' and name 'model_defect'
[0.793s] Level 1:colcon.colcon_core.package_identification:_identify(offboard_testing) by extensions ['ignore', 'ignore_ament_install']
[0.793s] Level 1:colcon.colcon_core.package_identification:_identify(offboard_testing) by extension 'ignore'
[0.793s] Level 1:colcon.colcon_core.package_identification:_identify(offboard_testing) by extension 'ignore_ament_install'
[0.794s] Level 1:colcon.colcon_core.package_identification:_identify(offboard_testing) by extensions ['colcon_pkg']
[0.794s] Level 1:colcon.colcon_core.package_identification:_identify(offboard_testing) by extension 'colcon_pkg'
[0.794s] Level 1:colcon.colcon_core.package_identification:_identify(offboard_testing) by extensions ['colcon_meta']
[0.794s] Level 1:colcon.colcon_core.package_identification:_identify(offboard_testing) by extension 'colcon_meta'
[0.794s] Level 1:colcon.colcon_core.package_identification:_identify(offboard_testing) by extensions ['ros']
[0.794s] Level 1:colcon.colcon_core.package_identification:_identify(offboard_testing) by extension 'ros'
[0.798s] DEBUG:colcon.colcon_core.package_identification:Package 'offboard_testing' with type 'ros.ament_python' and name 'offboard_testing'
[0.799s] Level 1:colcon.colcon_core.package_identification:_identify(road_nav) by extensions ['ignore', 'ignore_ament_install']
[0.799s] Level 1:colcon.colcon_core.package_identification:_identify(road_nav) by extension 'ignore'
[0.799s] Level 1:colcon.colcon_core.package_identification:_identify(road_nav) by extension 'ignore_ament_install'
[0.800s] Level 1:colcon.colcon_core.package_identification:_identify(road_nav) by extensions ['colcon_pkg']
[0.800s] Level 1:colcon.colcon_core.package_identification:_identify(road_nav) by extension 'colcon_pkg'
[0.800s] Level 1:colcon.colcon_core.package_identification:_identify(road_nav) by extensions ['colcon_meta']
[0.800s] Level 1:colcon.colcon_core.package_identification:_identify(road_nav) by extension 'colcon_meta'
[0.800s] Level 1:colcon.colcon_core.package_identification:_identify(road_nav) by extensions ['ros']
[0.800s] Level 1:colcon.colcon_core.package_identification:_identify(road_nav) by extension 'ros'
[0.804s] DEBUG:colcon.colcon_core.package_identification:Package 'road_nav' with type 'ros.ament_python' and name 'road_nav'
[0.804s] Level 1:colcon.colcon_core.package_discovery:discover_packages(recursive) using defaults
[0.804s] Level 1:colcon.colcon_core.package_discovery:discover_packages(ignore) discover
[0.804s] Level 1:colcon.colcon_core.package_discovery:discover_packages(ignore) using defaults
[0.804s] Level 1:colcon.colcon_core.package_discovery:discover_packages(path) discover
[0.805s] Level 1:colcon.colcon_core.package_discovery:discover_packages(path) using defaults
[0.908s] INFO:colcon.colcon_core.package_selection:Skipping not selected package 'controls' in 'controls'
[0.909s] INFO:colcon.colcon_core.package_selection:Skipping not selected package 'model_defect' in 'model_defect'
[0.909s] INFO:colcon.colcon_core.package_selection:Skipping not selected package 'offboard_testing' in 'offboard_testing'
[0.909s] INFO:colcon.colcon_core.package_selection:Skipping not selected package 'road_nav' in 'road_nav'
[0.912s] Level 1:colcon.colcon_core.package_discovery:discover_packages(prefix_path) check parameters
[0.912s] Level 1:colcon.colcon_core.package_discovery:discover_packages(prefix_path) discover
[0.928s] DEBUG:colcon.colcon_installed_package_information.package_discovery:Found 269 installed packages in /opt/ros/foxy
[0.935s] Level 1:colcon.colcon_core.package_discovery:discover_packages(prefix_path) using defaults
[1.256s] Level 5:colcon.colcon_core.verb:set package 'imaging' build argument 'cmake_args' from command line to 'None'
[1.256s] Level 5:colcon.colcon_core.verb:set package 'imaging' build argument 'cmake_target' from command line to 'None'
[1.257s] Level 5:colcon.colcon_core.verb:set package 'imaging' build argument 'cmake_target_skip_unavailable' from command line to 'False'
[1.257s] Level 5:colcon.colcon_core.verb:set package 'imaging' build argument 'cmake_clean_cache' from command line to 'False'
[1.257s] Level 5:colcon.colcon_core.verb:set package 'imaging' build argument 'cmake_clean_first' from command line to 'False'
[1.257s] Level 5:colcon.colcon_core.verb:set package 'imaging' build argument 'cmake_force_configure' from command line to 'False'
[1.257s] Level 5:colcon.colcon_core.verb:set package 'imaging' build argument 'ament_cmake_args' from command line to 'None'
[1.257s] Level 5:colcon.colcon_core.verb:set package 'imaging' build argument 'catkin_cmake_args' from command line to 'None'
[1.257s] Level 5:colcon.colcon_core.verb:set package 'imaging' build argument 'catkin_skip_building_tests' from command line to 'False'
[1.258s] DEBUG:colcon.colcon_core.verb:Building package 'imaging' with the following arguments: {'ament_cmake_args': None, 'build_base': '/home/ubuntu/ros2_ws/bridgeroadinspectiondrone/ros/src/build/imaging', 'catkin_cmake_args': None, 'catkin_skip_building_tests': False, 'cmake_args': None, 'cmake_clean_cache': False, 'cmake_clean_first': False, 'cmake_force_configure': False, 'cmake_target': None, 'cmake_target_skip_unavailable': False, 'install_base': '/home/ubuntu/ros2_ws/bridgeroadinspectiondrone/ros/src/install/imaging', 'merge_install': False, 'path': '/home/ubuntu/ros2_ws/bridgeroadinspectiondrone/ros/src/imaging', 'symlink_install': False, 'test_result_base': None}
[1.261s] INFO:colcon.colcon_core.executor:Executing jobs using 'parallel' executor
[1.280s] DEBUG:colcon.colcon_parallel_executor.executor.parallel:run_until_complete
[1.281s] INFO:colcon.colcon_ros.task.ament_cmake.build:Building ROS package in '/home/ubuntu/ros2_ws/bridgeroadinspectiondrone/ros/src/imaging' with build type 'ament_cmake'
[1.282s] INFO:colcon.colcon_cmake.task.cmake.build:Building CMake package in '/home/ubuntu/ros2_ws/bridgeroadinspectiondrone/ros/src/imaging'
[1.304s] INFO:colcon.colcon_core.plugin_system:Skipping extension 'colcon_core.shell.bat': Not used on non-Windows systems
[1.305s] INFO:colcon.colcon_core.shell:Skip shell extension 'powershell' for command environment: Not usable outside of PowerShell
[1.306s] DEBUG:colcon.colcon_core.shell:Skip shell extension 'dsv' for command environment
[1.348s] DEBUG:colcon.colcon_core.event_handler.log_command:Invoking command in '/home/ubuntu/ros2_ws/bridgeroadinspectiondrone/ros/src/build/imaging': CMAKE_PREFIX_PATH=/opt/ros/foxy /usr/bin/cmake --build /home/ubuntu/ros2_ws/bridgeroadinspectiondrone/ros/src/build/imaging -- -j4 -l4
[6.486s] DEBUG:colcon.colcon_core.event_handler.log_command:Invoked command in '/home/ubuntu/ros2_ws/bridgeroadinspectiondrone/ros/src/build/imaging' returned '2': CMAKE_PREFIX_PATH=/opt/ros/foxy /usr/bin/cmake --build /home/ubuntu/ros2_ws/bridgeroadinspectiondrone/ros/src/build/imaging -- -j4 -l4
[6.650s] Level 1:colcon.colcon_core.environment:create_environment_scripts_only(imaging)
[6.701s] Level 1:colcon.colcon_core.environment:checking '/home/ubuntu/ros2_ws/bridgeroadinspectiondrone/ros/src/install/imaging' for CMake module files
[6.704s] Level 1:colcon.colcon_core.environment:checking '/home/ubuntu/ros2_ws/bridgeroadinspectiondrone/ros/src/install/imaging' for CMake config files
[6.708s] Level 1:colcon.colcon_core.shell:create_environment_hook('imaging', 'cmake_prefix_path')
[6.717s] INFO:colcon.colcon_core.shell:Creating environment hook '/home/ubuntu/ros2_ws/bridgeroadinspectiondrone/ros/src/install/imaging/share/imaging/hook/cmake_prefix_path.ps1'
[6.722s] INFO:colcon.colcon_core.shell:Creating environment descriptor '/home/ubuntu/ros2_ws/bridgeroadinspectiondrone/ros/src/install/imaging/share/imaging/hook/cmake_prefix_path.dsv'
[6.726s] INFO:colcon.colcon_core.shell:Creating environment hook '/home/ubuntu/ros2_ws/bridgeroadinspectiondrone/ros/src/install/imaging/share/imaging/hook/cmake_prefix_path.sh'
[6.732s] Level 1:colcon.colcon_core.environment:checking '/home/ubuntu/ros2_ws/bridgeroadinspectiondrone/ros/src/install/imaging/lib'
[6.734s] Level 1:colcon.colcon_core.environment:checking '/home/ubuntu/ros2_ws/bridgeroadinspectiondrone/ros/src/install/imaging/bin'
[6.735s] Level 1:colcon.colcon_core.environment:checking '/home/ubuntu/ros2_ws/bridgeroadinspectiondrone/ros/src/install/imaging/lib/pkgconfig/imaging.pc'
[6.736s] Level 1:colcon.colcon_core.environment:checking '/home/ubuntu/ros2_ws/bridgeroadinspectiondrone/ros/src/install/imaging/lib/python3.8/site-packages'
[6.738s] Level 1:colcon.colcon_core.environment:checking '/home/ubuntu/ros2_ws/bridgeroadinspectiondrone/ros/src/install/imaging/bin'
[6.748s] INFO:colcon.colcon_core.shell:Creating package script '/home/ubuntu/ros2_ws/bridgeroadinspectiondrone/ros/src/install/imaging/share/imaging/package.ps1'
[6.753s] INFO:colcon.colcon_core.shell:Creating package descriptor '/home/ubuntu/ros2_ws/bridgeroadinspectiondrone/ros/src/install/imaging/share/imaging/package.dsv'
[6.758s] INFO:colcon.colcon_core.shell:Creating package script '/home/ubuntu/ros2_ws/bridgeroadinspectiondrone/ros/src/install/imaging/share/imaging/package.sh'
[6.764s] INFO:colcon.colcon_core.shell:Creating package script '/home/ubuntu/ros2_ws/bridgeroadinspectiondrone/ros/src/install/imaging/share/imaging/package.bash'
[6.769s] INFO:colcon.colcon_core.shell:Creating package script '/home/ubuntu/ros2_ws/bridgeroadinspectiondrone/ros/src/install/imaging/share/imaging/package.zsh'
[6.773s] Level 1:colcon.colcon_core.environment:create_file_with_runtime_dependencies(/home/ubuntu/ros2_ws/bridgeroadinspectiondrone/ros/src/install/imaging/share/colcon-core/packages/imaging)
[6.776s] DEBUG:colcon.colcon_parallel_executor.executor.parallel:closing loop
[6.778s] DEBUG:colcon.colcon_parallel_executor.executor.parallel:loop closed
[6.781s] DEBUG:colcon.colcon_parallel_executor.executor.parallel:run_until_complete finished with '2'
[6.782s] DEBUG:colcon.colcon_core.event_reactor:joining thread
[6.821s] INFO:colcon.colcon_core.plugin_system:Skipping extension 'colcon_notification.desktop_notification.notify_send': Could not find 'notify-send'
[6.821s] INFO:colcon.colcon_core.plugin_system:Skipping extension 'colcon_notification.desktop_notification.terminal_notifier': Not used on non-Darwin systems
[6.822s] INFO:colcon.colcon_core.plugin_system:Skipping extension 'colcon_notification.desktop_notification.win32': Not used on non-Windows systems
[6.822s] INFO:colcon.colcon_notification.desktop_notification:Sending desktop notification using 'notify2'
[6.825s] DEBUG:colcon.colcon_notification.desktop_notification.notify2:Failed to initialize notify2: org.freedesktop.DBus.Error.ServiceUnknown: The name org.freedesktop.Notifications was not provided by any .service files
[6.825s] DEBUG:colcon.colcon_core.event_reactor:joined thread
[6.831s] INFO:colcon.colcon_core.shell:Creating prefix script '/home/ubuntu/ros2_ws/bridgeroadinspectiondrone/ros/src/install/local_setup.ps1'
[6.835s] INFO:colcon.colcon_core.shell:Creating prefix util module '/home/ubuntu/ros2_ws/bridgeroadinspectiondrone/ros/src/install/_local_setup_util_ps1.py'
[6.840s] INFO:colcon.colcon_core.shell:Creating prefix chain script '/home/ubuntu/ros2_ws/bridgeroadinspectiondrone/ros/src/install/setup.ps1'
[6.845s] INFO:colcon.colcon_core.shell:Creating prefix script '/home/ubuntu/ros2_ws/bridgeroadinspectiondrone/ros/src/install/local_setup.sh'
[6.847s] INFO:colcon.colcon_core.shell:Creating prefix util module '/home/ubuntu/ros2_ws/bridgeroadinspectiondrone/ros/src/install/_local_setup_util_sh.py'
[6.849s] INFO:colcon.colcon_core.shell:Creating prefix chain script '/home/ubuntu/ros2_ws/bridgeroadinspectiondrone/ros/src/install/setup.sh'
[6.854s] INFO:colcon.colcon_core.shell:Creating prefix script '/home/ubuntu/ros2_ws/bridgeroadinspectiondrone/ros/src/install/local_setup.bash'
[6.857s] INFO:colcon.colcon_core.shell:Creating prefix chain script '/home/ubuntu/ros2_ws/bridgeroadinspectiondrone/ros/src/install/setup.bash'
[6.862s] INFO:colcon.colcon_core.shell:Creating prefix script '/home/ubuntu/ros2_ws/bridgeroadinspectiondrone/ros/src/install/local_setup.zsh'
[6.864s] INFO:colcon.colcon_core.shell:Creating prefix chain script '/home/ubuntu/ros2_ws/bridgeroadinspectiondrone/ros/src/install/setup.zsh'
