[0.062s] Invoking command in '/home/ubuntu/ros2_ws/bridgeroadinspectiondrone/ros/src/build/imaging': CMAKE_PREFIX_PATH=/opt/ros/foxy /usr/bin/cmake --build /home/ubuntu/ros2_ws/bridgeroadinspectiondrone/ros/src/build/imaging -- -j4 -l4
[0.181s] -- Found ament_cmake: 0.9.11 (/opt/ros/foxy/share/ament_cmake/cmake)
[0.275s] -- Using PYTHON_EXECUTABLE: /usr/bin/python3
[1.005s] -- Found rclcpp: 2.4.2 (/opt/ros/foxy/share/rclcpp/cmake)
[1.163s] -- Using all available rosidl_typesupport_c: rosidl_typesupport_fastrtps_c;rosidl_typesupport_introspection_c
[1.175s] -- Found rosidl_adapter: 1.3.0 (/opt/ros/foxy/share/rosidl_adapter/cmake)
[2.029s] -- Using all available rosidl_typesupport_cpp: rosidl_typesupport_fastrtps_cpp;rosidl_typesupport_introspection_cpp
[2.203s] -- Found rmw_implementation_cmake: 1.0.3 (/opt/ros/foxy/share/rmw_implementation_cmake/cmake)
[2.208s] -- Using RMW implementation 'rmw_fastrtps_cpp' as default
[2.742s] -- Found cv_bridge: 3.0.6 (/opt/ros/foxy/share/cv_bridge/cmake)
[3.184s] -- Found image_transport: 2.4.0 (/opt/ros/foxy/share/image_transport/cmake)
[3.569s] CMake Error at CMakeLists.txt:26 (find_package):
[3.570s]   By not providing "Findlibseek-thermal.cmake" in CMAKE_MODULE_PATH this
[3.571s]   project has asked CMake to find a package configuration file provided by
[3.572s]   "libseek-thermal", but CMake did not find one.
[3.572s] 
[3.573s]   Could not find a package configuration file provided by "libseek-thermal"
[3.573s]   with any of the following names:
[3.574s] 
[3.574s]     libseek-thermalConfig.cmake
[3.574s]     libseek-thermal-config.cmake
[3.575s] 
[3.575s]   Add the installation prefix of "libseek-thermal" to CMAKE_PREFIX_PATH or
[3.576s]   set "libseek-thermal_DIR" to a directory containing one of the above files.
[3.576s]   If "libseek-thermal" provides a separate development package or SDK, be
[3.576s]   sure it has been installed.
[3.577s] 
[3.577s] 
[3.583s] -- Configuring incomplete, errors occurred!
[3.583s] See also "/home/ubuntu/ros2_ws/bridgeroadinspectiondrone/ros/src/build/imaging/CMakeFiles/CMakeOutput.log".
[3.584s] See also "/home/ubuntu/ros2_ws/bridgeroadinspectiondrone/ros/src/build/imaging/CMakeFiles/CMakeError.log".
[3.609s] make: *** [Makefile:266: cmake_check_build_system] Error 1
[3.614s] Invoked command in '/home/ubuntu/ros2_ws/bridgeroadinspectiondrone/ros/src/build/imaging' returned '2': CMAKE_PREFIX_PATH=/opt/ros/foxy /usr/bin/cmake --build /home/ubuntu/ros2_ws/bridgeroadinspectiondrone/ros/src/build/imaging -- -j4 -l4
