[0.063s] Invoking command in '/home/ubuntu/ros2_ws/bridgeroadinspectiondrone/ros/src/build/imaging': CMAKE_PREFIX_PATH=/opt/ros/foxy /usr/bin/cmake --build /home/ubuntu/ros2_ws/bridgeroadinspectiondrone/ros/src/build/imaging -- -j4 -l4
[0.186s] -- Found ament_cmake: 0.9.11 (/opt/ros/foxy/share/ament_cmake/cmake)
[0.286s] -- Using PYTHON_EXECUTABLE: /usr/bin/python3
[1.406s] -- Found rclcpp: 2.4.2 (/opt/ros/foxy/share/rclcpp/cmake)
[1.772s] -- Using all available rosidl_typesupport_c: rosidl_typesupport_fastrtps_c;rosidl_typesupport_introspection_c
[1.792s] -- Found rosidl_adapter: 1.3.0 (/opt/ros/foxy/share/rosidl_adapter/cmake)
[2.758s] -- Using all available rosidl_typesupport_cpp: rosidl_typesupport_fastrtps_cpp;rosidl_typesupport_introspection_cpp
[3.010s] -- Found rmw_implementation_cmake: 1.0.3 (/opt/ros/foxy/share/rmw_implementation_cmake/cmake)
[3.017s] -- Using RMW implementation 'rmw_fastrtps_cpp' as default
[3.870s] -- Found cv_bridge: 3.0.7 (/opt/ros/foxy/share/cv_bridge/cmake)
[4.533s] -- Found image_transport: 2.4.0 (/opt/ros/foxy/share/image_transport/cmake)
[4.969s] CMake Error at CMakeLists.txt:26 (find_package):
[4.970s]   By not providing "Findlibseek-thermal.cmake" in CMAKE_MODULE_PATH this
[4.971s]   project has asked CMake to find a package configuration file provided by
[4.972s]   "libseek-thermal", but CMake did not find one.
[4.972s] 
[4.973s]   Could not find a package configuration file provided by "libseek-thermal"
[4.974s]   with any of the following names:
[4.976s] 
[4.978s]     libseek-thermalConfig.cmake
[4.979s]     libseek-thermal-config.cmake
[4.981s] 
[4.983s]   Add the installation prefix of "libseek-thermal" to CMAKE_PREFIX_PATH or
[4.986s]   set "libseek-thermal_DIR" to a directory containing one of the above files.
[5.003s]   If "libseek-thermal" provides a separate development package or SDK, be
[5.012s]   sure it has been installed.
[5.015s] 
[5.019s] 
[5.020s] -- Configuring incomplete, errors occurred!
[5.020s] See also "/home/ubuntu/ros2_ws/bridgeroadinspectiondrone/ros/src/build/imaging/CMakeFiles/CMakeOutput.log".
[5.021s] See also "/home/ubuntu/ros2_ws/bridgeroadinspectiondrone/ros/src/build/imaging/CMakeFiles/CMakeError.log".
[5.022s] make: *** [Makefile:266: cmake_check_build_system] Error 1
[5.026s] Invoked command in '/home/ubuntu/ros2_ws/bridgeroadinspectiondrone/ros/src/build/imaging' returned '2': CMAKE_PREFIX_PATH=/opt/ros/foxy /usr/bin/cmake --build /home/ubuntu/ros2_ws/bridgeroadinspectiondrone/ros/src/build/imaging -- -j4 -l4
