[0.618s] DEBUG:colcon:Command line arguments: ['/usr/bin/colcon', 'build', '--packages-select', 'imaging']
[0.618s] DEBUG:colcon:Parsed command line arguments: Namespace(allow_overriding=[], ament_cmake_args=None, base_paths=['.'], build_base='build', catkin_cmake_args=None, catkin_skip_building_tests=False, cmake_args=None, cmake_clean_cache=False, cmake_clean_first=False, cmake_force_configure=False, cmake_target=None, cmake_target_skip_unavailable=False, continue_on_error=False, event_handlers=None, executor='parallel', ignore_user_meta=False, install_base='install', log_base=None, log_level=None, main=<bound method BuildVerb.main of <colcon_core.verb.build.BuildVerb object at 0xffff8ae6c340>>, merge_install=False, metas=['./colcon.meta'], packages_above=None, packages_above_and_dependencies=None, packages_above_depth=None, packages_end=None, packages_ignore=None, packages_ignore_regex=None, packages_select=['imaging'], packages_select_build_failed=False, packages_select_by_dep=None, packages_select_regex=None, packages_select_test_failures=False, packages_skip=None, packages_skip_build_finished=False, packages_skip_by_dep=None, packages_skip_regex=None, packages_skip_test_passed=False, packages_skip_up_to=None, packages_start=None, packages_up_to=None, packages_up_to_regex=None, parallel_workers=4, paths=None, symlink_install=False, test_result_base=None, verb_extension=<colcon_core.verb.build.BuildVerb object at 0xffff8ae6c340>, verb_name='build', verb_parser=<colcon_defaults.argument_parser.defaults.DefaultArgumentsDecorator object at 0xffff8ae6c7f0>)
[0.719s] Level 1:colcon.colcon_core.package_discovery:discover_packages(colcon_meta) check parameters
[0.720s] Level 1:colcon.colcon_core.package_discovery:discover_packages(recursive) check parameters
[0.720s] Level 1:colcon.colcon_core.package_discovery:discover_packages(ignore) check parameters
[0.720s] Level 1:colcon.colcon_core.package_discovery:discover_packages(path) check parameters
[0.720s] Level 1:colcon.colcon_core.package_discovery:discover_packages(colcon_meta) discover
[0.720s] Level 1:colcon.colcon_core.package_discovery:discover_packages(recursive) discover
[0.721s] INFO:colcon.colcon_core.package_discovery:Crawling recursively for packages in '/home/ubuntu/ros2_ws/bridgeroadinspectiondrone/ros/src'
[0.721s] Level 1:colcon.colcon_core.package_identification:_identify(.) by extensions ['ignore', 'ignore_ament_install']
[0.722s] Level 1:colcon.colcon_core.package_identification:_identify(.) by extension 'ignore'
[0.722s] Level 1:colcon.colcon_core.package_identification:_identify(.) by extension 'ignore_ament_install'
[0.722s] Level 1:colcon.colcon_core.package_identification:_identify(.) by extensions ['colcon_pkg']
[0.722s] Level 1:colcon.colcon_core.package_identification:_identify(.) by extension 'colcon_pkg'
[0.722s] Level 1:colcon.colcon_core.package_identification:_identify(.) by extensions ['colcon_meta']
[0.722s] Level 1:colcon.colcon_core.package_identification:_identify(.) by extension 'colcon_meta'
[0.723s] Level 1:colcon.colcon_core.package_identification:_identify(.) by extensions ['ros']
[0.723s] Level 1:colcon.colcon_core.package_identification:_identify(.) by extension 'ros'
[0.762s] Level 1:colcon.colcon_core.package_identification:_identify(.) by extensions ['cmake', 'python']
[0.762s] Level 1:colcon.colcon_core.package_identification:_identify(.) by extension 'cmake'
[0.762s] Level 1:colcon.colcon_core.package_identification:_identify(.) by extension 'python'
[0.762s] Level 1:colcon.colcon_core.package_identification:_identify(.) by extensions ['python_setup_py']
[0.763s] Level 1:colcon.colcon_core.package_identification:_identify(.) by extension 'python_setup_py'
[0.763s] Level 1:colcon.colcon_core.package_identification:_identify(build) by extensions ['ignore', 'ignore_ament_install']
[0.763s] Level 1:colcon.colcon_core.package_identification:_identify(build) by extension 'ignore'
[0.764s] Level 1:colcon.colcon_core.package_identification:_identify(build) ignored
[0.764s] Level 1:colcon.colcon_core.package_identification:_identify(controls) by extensions ['ignore', 'ignore_ament_install']
[0.765s] Level 1:colcon.colcon_core.package_identification:_identify(controls) by extension 'ignore'
[0.765s] Level 1:colcon.colcon_core.package_identification:_identify(controls) by extension 'ignore_ament_install'
[0.765s] Level 1:colcon.colcon_core.package_identification:_identify(controls) by extensions ['colcon_pkg']
[0.765s] Level 1:colcon.colcon_core.package_identification:_identify(controls) by extension 'colcon_pkg'
[0.765s] Level 1:colcon.colcon_core.package_identification:_identify(controls) by extensions ['colcon_meta']
[0.766s] Level 1:colcon.colcon_core.package_identification:_identify(controls) by extension 'colcon_meta'
[0.766s] Level 1:colcon.colcon_core.package_identification:_identify(controls) by extensions ['ros']
[0.766s] Level 1:colcon.colcon_core.package_identification:_identify(controls) by extension 'ros'
[0.776s] DEBUG:colcon.colcon_core.package_identification:Package 'controls' with type 'ros.ament_python' and name 'controls'
[0.777s] Level 1:colcon.colcon_core.package_identification:_identify(imaging) by extensions ['ignore', 'ignore_ament_install']
[0.778s] Level 1:colcon.colcon_core.package_identification:_identify(imaging) by extension 'ignore'
[0.778s] Level 1:colcon.colcon_core.package_identification:_identify(imaging) by extension 'ignore_ament_install'
[0.779s] Level 1:colcon.colcon_core.package_identification:_identify(imaging) by extensions ['colcon_pkg']
[0.779s] Level 1:colcon.colcon_core.package_identification:_identify(imaging) by extension 'colcon_pkg'
[0.779s] Level 1:colcon.colcon_core.package_identification:_identify(imaging) by extensions ['colcon_meta']
[0.779s] Level 1:colcon.colcon_core.package_identification:_identify(imaging) by extension 'colcon_meta'
[0.780s] Level 1:colcon.colcon_core.package_identification:_identify(imaging) by extensions ['ros']
[0.780s] Level 1:colcon.colcon_core.package_identification:_identify(imaging) by extension 'ros'
[0.784s] DEBUG:colcon.colcon_core.package_identification:Package 'imaging' with type 'ros.ament_cmake' and name 'imaging'
[0.784s] Level 1:colcon.colcon_core.package_identification:_identify(install) by extensions ['ignore', 'ignore_ament_install']
[0.785s] Level 1:colcon.colcon_core.package_identification:_identify(install) by extension 'ignore'
[0.785s] Level 1:colcon.colcon_core.package_identification:_identify(install) ignored
[0.786s] Level 1:colcon.colcon_core.package_identification:_identify(log) by extensions ['ignore', 'ignore_ament_install']
[0.786s] Level 1:colcon.colcon_core.package_identification:_identify(log) by extension 'ignore'
[0.786s] Level 1:colcon.colcon_core.package_identification:_identify(log) ignored
[0.787s] Level 1:colcon.colcon_core.package_identification:_identify(model_defect) by extensions ['ignore', 'ignore_ament_install']
[0.787s] Level 1:colcon.colcon_core.package_identification:_identify(model_defect) by extension 'ignore'
[0.788s] Level 1:colcon.colcon_core.package_identification:_identify(model_defect) by extension 'ignore_ament_install'
[0.788s] Level 1:colcon.colcon_core.package_identification:_identify(model_defect) by extensions ['colcon_pkg']
[0.788s] Level 1:colcon.colcon_core.package_identification:_identify(model_defect) by extension 'colcon_pkg'
[0.788s] Level 1:colcon.colcon_core.package_identification:_identify(model_defect) by extensions ['colcon_meta']
[0.788s] Level 1:colcon.colcon_core.package_identification:_identify(model_defect) by extension 'colcon_meta'
[0.788s] Level 1:colcon.colcon_core.package_identification:_identify(model_defect) by extensions ['ros']
[0.789s] Level 1:colcon.colcon_core.package_identification:_identify(model_defect) by extension 'ros'
[0.796s] DEBUG:colcon.colcon_core.package_identification:Package 'model_defect' with type 'ros.ament_python' and name 'model_defect'
[0.797s] Level 1:colcon.colcon_core.package_identification:_identify(offboard_testing) by extensions ['ignore', 'ignore_ament_install']
[0.798s] Level 1:colcon.colcon_core.package_identification:_identify(offboard_testing) by extension 'ignore'
[0.798s] Level 1:colcon.colcon_core.package_identification:_identify(offboard_testing) by extension 'ignore_ament_install'
[0.798s] Level 1:colcon.colcon_core.package_identification:_identify(offboard_testing) by extensions ['colcon_pkg']
[0.798s] Level 1:colcon.colcon_core.package_identification:_identify(offboard_testing) by extension 'colcon_pkg'
[0.798s] Level 1:colcon.colcon_core.package_identification:_identify(offboard_testing) by extensions ['colcon_meta']
[0.798s] Level 1:colcon.colcon_core.package_identification:_identify(offboard_testing) by extension 'colcon_meta'
[0.799s] Level 1:colcon.colcon_core.package_identification:_identify(offboard_testing) by extensions ['ros']
[0.799s] Level 1:colcon.colcon_core.package_identification:_identify(offboard_testing) by extension 'ros'
[0.802s] DEBUG:colcon.colcon_core.package_identification:Package 'offboard_testing' with type 'ros.ament_python' and name 'offboard_testing'
[0.803s] Level 1:colcon.colcon_core.package_identification:_identify(road_nav) by extensions ['ignore', 'ignore_ament_install']
[0.803s] Level 1:colcon.colcon_core.package_identification:_identify(road_nav) by extension 'ignore'
[0.804s] Level 1:colcon.colcon_core.package_identification:_identify(road_nav) by extension 'ignore_ament_install'
[0.804s] Level 1:colcon.colcon_core.package_identification:_identify(road_nav) by extensions ['colcon_pkg']
[0.804s] Level 1:colcon.colcon_core.package_identification:_identify(road_nav) by extension 'colcon_pkg'
[0.804s] Level 1:colcon.colcon_core.package_identification:_identify(road_nav) by extensions ['colcon_meta']
[0.804s] Level 1:colcon.colcon_core.package_identification:_identify(road_nav) by extension 'colcon_meta'
[0.805s] Level 1:colcon.colcon_core.package_identification:_identify(road_nav) by extensions ['ros']
[0.805s] Level 1:colcon.colcon_core.package_identification:_identify(road_nav) by extension 'ros'
[0.808s] DEBUG:colcon.colcon_core.package_identification:Package 'road_nav' with type 'ros.ament_python' and name 'road_nav'
[0.808s] Level 1:colcon.colcon_core.package_discovery:discover_packages(recursive) using defaults
[0.809s] Level 1:colcon.colcon_core.package_discovery:discover_packages(ignore) discover
[0.809s] Level 1:colcon.colcon_core.package_discovery:discover_packages(ignore) using defaults
[0.809s] Level 1:colcon.colcon_core.package_discovery:discover_packages(path) discover
[0.809s] Level 1:colcon.colcon_core.package_discovery:discover_packages(path) using defaults
[0.913s] INFO:colcon.colcon_core.package_selection:Skipping not selected package 'controls' in 'controls'
[0.913s] INFO:colcon.colcon_core.package_selection:Skipping not selected package 'model_defect' in 'model_defect'
[0.913s] INFO:colcon.colcon_core.package_selection:Skipping not selected package 'offboard_testing' in 'offboard_testing'
[0.913s] INFO:colcon.colcon_core.package_selection:Skipping not selected package 'road_nav' in 'road_nav'
[0.916s] Level 1:colcon.colcon_core.package_discovery:discover_packages(prefix_path) check parameters
[0.916s] Level 1:colcon.colcon_core.package_discovery:discover_packages(prefix_path) discover
[0.933s] DEBUG:colcon.colcon_installed_package_information.package_discovery:Found 269 installed packages in /opt/ros/foxy
[0.940s] Level 1:colcon.colcon_core.package_discovery:discover_packages(prefix_path) using defaults
[1.260s] Level 5:colcon.colcon_core.verb:set package 'imaging' build argument 'cmake_args' from command line to 'None'
[1.261s] Level 5:colcon.colcon_core.verb:set package 'imaging' build argument 'cmake_target' from command line to 'None'
[1.261s] Level 5:colcon.colcon_core.verb:set package 'imaging' build argument 'cmake_target_skip_unavailable' from command line to 'False'
[1.261s] Level 5:colcon.colcon_core.verb:set package 'imaging' build argument 'cmake_clean_cache' from command line to 'False'
[1.262s] Level 5:colcon.colcon_core.verb:set package 'imaging' build argument 'cmake_clean_first' from command line to 'False'
[1.262s] Level 5:colcon.colcon_core.verb:set package 'imaging' build argument 'cmake_force_configure' from command line to 'False'
[1.262s] Level 5:colcon.colcon_core.verb:set package 'imaging' build argument 'ament_cmake_args' from command line to 'None'
[1.262s] Level 5:colcon.colcon_core.verb:set package 'imaging' build argument 'catkin_cmake_args' from command line to 'None'
[1.263s] Level 5:colcon.colcon_core.verb:set package 'imaging' build argument 'catkin_skip_building_tests' from command line to 'False'
[1.263s] DEBUG:colcon.colcon_core.verb:Building package 'imaging' with the following arguments: {'ament_cmake_args': None, 'build_base': '/home/ubuntu/ros2_ws/bridgeroadinspectiondrone/ros/src/build/imaging', 'catkin_cmake_args': None, 'catkin_skip_building_tests': False, 'cmake_args': None, 'cmake_clean_cache': False, 'cmake_clean_first': False, 'cmake_force_configure': False, 'cmake_target': None, 'cmake_target_skip_unavailable': False, 'install_base': '/home/ubuntu/ros2_ws/bridgeroadinspectiondrone/ros/src/install/imaging', 'merge_install': False, 'path': '/home/ubuntu/ros2_ws/bridgeroadinspectiondrone/ros/src/imaging', 'symlink_install': False, 'test_result_base': None}
[1.267s] INFO:colcon.colcon_core.executor:Executing jobs using 'parallel' executor
[1.290s] DEBUG:colcon.colcon_parallel_executor.executor.parallel:run_until_complete
[1.291s] INFO:colcon.colcon_ros.task.ament_cmake.build:Building ROS package in '/home/ubuntu/ros2_ws/bridgeroadinspectiondrone/ros/src/imaging' with build type 'ament_cmake'
[1.292s] INFO:colcon.colcon_cmake.task.cmake.build:Building CMake package in '/home/ubuntu/ros2_ws/bridgeroadinspectiondrone/ros/src/imaging'
[1.321s] INFO:colcon.colcon_core.plugin_system:Skipping extension 'colcon_core.shell.bat': Not used on non-Windows systems
[1.322s] INFO:colcon.colcon_core.shell:Skip shell extension 'powershell' for command environment: Not usable outside of PowerShell
[1.323s] DEBUG:colcon.colcon_core.shell:Skip shell extension 'dsv' for command environment
[1.369s] DEBUG:colcon.colcon_core.event_handler.log_command:Invoking command in '/home/ubuntu/ros2_ws/bridgeroadinspectiondrone/ros/src/build/imaging': CMAKE_PREFIX_PATH=/opt/ros/foxy /usr/bin/cmake --build /home/ubuntu/ros2_ws/bridgeroadinspectiondrone/ros/src/build/imaging -- -j4 -l4
[27.098s] DEBUG:colcon.colcon_core.event_handler.log_command:Invoked command in '/home/ubuntu/ros2_ws/bridgeroadinspectiondrone/ros/src/build/imaging' returned '2': CMAKE_PREFIX_PATH=/opt/ros/foxy /usr/bin/cmake --build /home/ubuntu/ros2_ws/bridgeroadinspectiondrone/ros/src/build/imaging -- -j4 -l4
[27.223s] Level 1:colcon.colcon_core.environment:create_environment_scripts_only(imaging)
[27.246s] Level 1:colcon.colcon_core.environment:checking '/home/ubuntu/ros2_ws/bridgeroadinspectiondrone/ros/src/install/imaging' for CMake module files
[27.249s] Level 1:colcon.colcon_core.environment:checking '/home/ubuntu/ros2_ws/bridgeroadinspectiondrone/ros/src/install/imaging' for CMake config files
[27.251s] Level 1:colcon.colcon_core.shell:create_environment_hook('imaging', 'cmake_prefix_path')
[27.257s] INFO:colcon.colcon_core.shell:Creating environment hook '/home/ubuntu/ros2_ws/bridgeroadinspectiondrone/ros/src/install/imaging/share/imaging/hook/cmake_prefix_path.ps1'
[27.260s] INFO:colcon.colcon_core.shell:Creating environment descriptor '/home/ubuntu/ros2_ws/bridgeroadinspectiondrone/ros/src/install/imaging/share/imaging/hook/cmake_prefix_path.dsv'
[27.262s] INFO:colcon.colcon_core.shell:Creating environment hook '/home/ubuntu/ros2_ws/bridgeroadinspectiondrone/ros/src/install/imaging/share/imaging/hook/cmake_prefix_path.sh'
[27.266s] Level 1:colcon.colcon_core.environment:checking '/home/ubuntu/ros2_ws/bridgeroadinspectiondrone/ros/src/install/imaging/lib'
[27.267s] Level 1:colcon.colcon_core.environment:checking '/home/ubuntu/ros2_ws/bridgeroadinspectiondrone/ros/src/install/imaging/bin'
[27.267s] Level 1:colcon.colcon_core.environment:checking '/home/ubuntu/ros2_ws/bridgeroadinspectiondrone/ros/src/install/imaging/lib/pkgconfig/imaging.pc'
[27.268s] Level 1:colcon.colcon_core.environment:checking '/home/ubuntu/ros2_ws/bridgeroadinspectiondrone/ros/src/install/imaging/lib/python3.8/site-packages'
[27.269s] Level 1:colcon.colcon_core.environment:checking '/home/ubuntu/ros2_ws/bridgeroadinspectiondrone/ros/src/install/imaging/bin'
[27.274s] INFO:colcon.colcon_core.shell:Creating package script '/home/ubuntu/ros2_ws/bridgeroadinspectiondrone/ros/src/install/imaging/share/imaging/package.ps1'
[27.277s] INFO:colcon.colcon_core.shell:Creating package descriptor '/home/ubuntu/ros2_ws/bridgeroadinspectiondrone/ros/src/install/imaging/share/imaging/package.dsv'
[27.280s] INFO:colcon.colcon_core.shell:Creating package script '/home/ubuntu/ros2_ws/bridgeroadinspectiondrone/ros/src/install/imaging/share/imaging/package.sh'
[27.283s] INFO:colcon.colcon_core.shell:Creating package script '/home/ubuntu/ros2_ws/bridgeroadinspectiondrone/ros/src/install/imaging/share/imaging/package.bash'
[27.286s] INFO:colcon.colcon_core.shell:Creating package script '/home/ubuntu/ros2_ws/bridgeroadinspectiondrone/ros/src/install/imaging/share/imaging/package.zsh'
[27.290s] Level 1:colcon.colcon_core.environment:create_file_with_runtime_dependencies(/home/ubuntu/ros2_ws/bridgeroadinspectiondrone/ros/src/install/imaging/share/colcon-core/packages/imaging)
[27.291s] DEBUG:colcon.colcon_parallel_executor.executor.parallel:closing loop
[27.292s] DEBUG:colcon.colcon_parallel_executor.executor.parallel:loop closed
[27.294s] DEBUG:colcon.colcon_parallel_executor.executor.parallel:run_until_complete finished with '2'
[27.295s] DEBUG:colcon.colcon_core.event_reactor:joining thread
[27.324s] INFO:colcon.colcon_core.plugin_system:Skipping extension 'colcon_notification.desktop_notification.notify_send': Could not find 'notify-send'
[27.324s] INFO:colcon.colcon_core.plugin_system:Skipping extension 'colcon_notification.desktop_notification.terminal_notifier': Not used on non-Darwin systems
[27.324s] INFO:colcon.colcon_core.plugin_system:Skipping extension 'colcon_notification.desktop_notification.win32': Not used on non-Windows systems
[27.325s] INFO:colcon.colcon_notification.desktop_notification:Sending desktop notification using 'notify2'
[27.329s] DEBUG:colcon.colcon_notification.desktop_notification.notify2:Failed to initialize notify2: org.freedesktop.DBus.Error.ServiceUnknown: The name org.freedesktop.Notifications was not provided by any .service files
[27.329s] DEBUG:colcon.colcon_core.event_reactor:joined thread
[27.335s] INFO:colcon.colcon_core.shell:Creating prefix script '/home/ubuntu/ros2_ws/bridgeroadinspectiondrone/ros/src/install/local_setup.ps1'
[27.338s] INFO:colcon.colcon_core.shell:Creating prefix util module '/home/ubuntu/ros2_ws/bridgeroadinspectiondrone/ros/src/install/_local_setup_util_ps1.py'
[27.344s] INFO:colcon.colcon_core.shell:Creating prefix chain script '/home/ubuntu/ros2_ws/bridgeroadinspectiondrone/ros/src/install/setup.ps1'
[27.349s] INFO:colcon.colcon_core.shell:Creating prefix script '/home/ubuntu/ros2_ws/bridgeroadinspectiondrone/ros/src/install/local_setup.sh'
[27.352s] INFO:colcon.colcon_core.shell:Creating prefix util module '/home/ubuntu/ros2_ws/bridgeroadinspectiondrone/ros/src/install/_local_setup_util_sh.py'
[27.354s] INFO:colcon.colcon_core.shell:Creating prefix chain script '/home/ubuntu/ros2_ws/bridgeroadinspectiondrone/ros/src/install/setup.sh'
[27.360s] INFO:colcon.colcon_core.shell:Creating prefix script '/home/ubuntu/ros2_ws/bridgeroadinspectiondrone/ros/src/install/local_setup.bash'
[27.363s] INFO:colcon.colcon_core.shell:Creating prefix chain script '/home/ubuntu/ros2_ws/bridgeroadinspectiondrone/ros/src/install/setup.bash'
[27.369s] INFO:colcon.colcon_core.shell:Creating prefix script '/home/ubuntu/ros2_ws/bridgeroadinspectiondrone/ros/src/install/local_setup.zsh'
[27.372s] INFO:colcon.colcon_core.shell:Creating prefix chain script '/home/ubuntu/ros2_ws/bridgeroadinspectiondrone/ros/src/install/setup.zsh'
