[0.064s] Invoking command in '/home/ubuntu/ros2_ws/bridgeroadinspectiondrone/ros/src/build/imaging': CMAKE_PREFIX_PATH=/opt/ros/foxy /usr/bin/cmake --build /home/ubuntu/ros2_ws/bridgeroadinspectiondrone/ros/src/build/imaging -- -j4 -l4
[0.187s] -- Found ament_cmake: 0.9.11 (/opt/ros/foxy/share/ament_cmake/cmake)
[0.288s] -- Using PYTHON_EXECUTABLE: /usr/bin/python3
[1.410s] -- Found rclcpp: 2.4.2 (/opt/ros/foxy/share/rclcpp/cmake)
[1.623s] -- Using all available rosidl_typesupport_c: rosidl_typesupport_fastrtps_c;rosidl_typesupport_introspection_c
[1.641s] -- Found rosidl_adapter: 1.3.0 (/opt/ros/foxy/share/rosidl_adapter/cmake)
[2.607s] -- Using all available rosidl_typesupport_cpp: rosidl_typesupport_fastrtps_cpp;rosidl_typesupport_introspection_cpp
[2.860s] -- Found rmw_implementation_cmake: 1.0.3 (/opt/ros/foxy/share/rmw_implementation_cmake/cmake)
[2.866s] -- Using RMW implementation 'rmw_fastrtps_cpp' as default
[3.622s] -- Found cv_bridge: 3.0.7 (/opt/ros/foxy/share/cv_bridge/cmake)
[4.187s] -- Found image_transport: 2.4.0 (/opt/ros/foxy/share/image_transport/cmake)
[4.800s] CMake Error at CMakeLists.txt:26 (find_package):
[4.801s]   By not providing "Findlibseek.cmake" in CMAKE_MODULE_PATH this project has
[4.801s]   asked CMake to find a package configuration file provided by "libseek", but
[4.802s]   CMake did not find one.
[4.803s] 
[4.803s]   Could not find a package configuration file provided by "libseek" with any
[4.804s]   of the following names:
[4.804s] 
[4.805s]     libseekConfig.cmake
[4.806s]     libseek-config.cmake
[4.808s] 
[4.810s]   Add the installation prefix of "libseek" to CMAKE_PREFIX_PATH or set
[4.813s]   "libseek_DIR" to a directory containing one of the above files.  If
[4.815s]   "libseek" provides a separate development package or SDK, be sure it has
[4.818s]   been installed.
[4.821s] 
[4.824s] 
[4.828s] -- Configuring incomplete, errors occurred!
[4.830s] See also "/home/ubuntu/ros2_ws/bridgeroadinspectiondrone/ros/src/build/imaging/CMakeFiles/CMakeOutput.log".
[4.834s] See also "/home/ubuntu/ros2_ws/bridgeroadinspectiondrone/ros/src/build/imaging/CMakeFiles/CMakeError.log".
[4.848s] make: *** [Makefile:266: cmake_check_build_system] Error 1
[4.856s] Invoked command in '/home/ubuntu/ros2_ws/bridgeroadinspectiondrone/ros/src/build/imaging' returned '2': CMAKE_PREFIX_PATH=/opt/ros/foxy /usr/bin/cmake --build /home/ubuntu/ros2_ws/bridgeroadinspectiondrone/ros/src/build/imaging -- -j4 -l4
