[0.596s] DEBUG:colcon:Command line arguments: ['/usr/bin/colcon', 'build']
[0.596s] DEBUG:colcon:Parsed command line arguments: Namespace(allow_overriding=[], ament_cmake_args=None, base_paths=['.'], build_base='build', catkin_cmake_args=None, catkin_skip_building_tests=False, cmake_args=None, cmake_clean_cache=False, cmake_clean_first=False, cmake_force_configure=False, cmake_target=None, cmake_target_skip_unavailable=False, continue_on_error=False, event_handlers=None, executor='parallel', ignore_user_meta=False, install_base='install', log_base=None, log_level=None, main=<bound method BuildVerb.main of <colcon_core.verb.build.BuildVerb object at 0xffffb33295b0>>, merge_install=False, metas=['./colcon.meta'], packages_above=None, packages_above_and_dependencies=None, packages_above_depth=None, packages_end=None, packages_ignore=None, packages_ignore_regex=None, packages_select=None, packages_select_build_failed=False, packages_select_by_dep=None, packages_select_regex=None, packages_select_test_failures=False, packages_skip=None, packages_skip_build_finished=False, packages_skip_by_dep=None, packages_skip_regex=None, packages_skip_test_passed=False, packages_skip_up_to=None, packages_start=None, packages_up_to=None, packages_up_to_regex=None, parallel_workers=4, paths=None, symlink_install=False, test_result_base=None, verb_extension=<colcon_core.verb.build.BuildVerb object at 0xffffb33295b0>, verb_name='build', verb_parser=<colcon_defaults.argument_parser.defaults.DefaultArgumentsDecorator object at 0xffffb3555790>)
[0.694s] Level 1:colcon.colcon_core.package_discovery:discover_packages(colcon_meta) check parameters
[0.694s] Level 1:colcon.colcon_core.package_discovery:discover_packages(recursive) check parameters
[0.694s] Level 1:colcon.colcon_core.package_discovery:discover_packages(ignore) check parameters
[0.694s] Level 1:colcon.colcon_core.package_discovery:discover_packages(path) check parameters
[0.694s] Level 1:colcon.colcon_core.package_discovery:discover_packages(colcon_meta) discover
[0.695s] Level 1:colcon.colcon_core.package_discovery:discover_packages(recursive) discover
[0.695s] INFO:colcon.colcon_core.package_discovery:Crawling recursively for packages in '/home/ubuntu/ros2_ws/bridgeroadinspectiondrone/ros/src'
[0.695s] Level 1:colcon.colcon_core.package_identification:_identify(.) by extensions ['ignore', 'ignore_ament_install']
[0.696s] Level 1:colcon.colcon_core.package_identification:_identify(.) by extension 'ignore'
[0.696s] Level 1:colcon.colcon_core.package_identification:_identify(.) by extension 'ignore_ament_install'
[0.697s] Level 1:colcon.colcon_core.package_identification:_identify(.) by extensions ['colcon_pkg']
[0.697s] Level 1:colcon.colcon_core.package_identification:_identify(.) by extension 'colcon_pkg'
[0.697s] Level 1:colcon.colcon_core.package_identification:_identify(.) by extensions ['colcon_meta']
[0.698s] Level 1:colcon.colcon_core.package_identification:_identify(.) by extension 'colcon_meta'
[0.698s] Level 1:colcon.colcon_core.package_identification:_identify(.) by extensions ['ros']
[0.698s] Level 1:colcon.colcon_core.package_identification:_identify(.) by extension 'ros'
[0.738s] Level 1:colcon.colcon_core.package_identification:_identify(.) by extensions ['cmake', 'python']
[0.739s] Level 1:colcon.colcon_core.package_identification:_identify(.) by extension 'cmake'
[0.739s] Level 1:colcon.colcon_core.package_identification:_identify(.) by extension 'python'
[0.739s] Level 1:colcon.colcon_core.package_identification:_identify(.) by extensions ['python_setup_py']
[0.739s] Level 1:colcon.colcon_core.package_identification:_identify(.) by extension 'python_setup_py'
[0.740s] Level 1:colcon.colcon_core.package_identification:_identify(build) by extensions ['ignore', 'ignore_ament_install']
[0.740s] Level 1:colcon.colcon_core.package_identification:_identify(build) by extension 'ignore'
[0.740s] Level 1:colcon.colcon_core.package_identification:_identify(build) ignored
[0.741s] Level 1:colcon.colcon_core.package_identification:_identify(imaging) by extensions ['ignore', 'ignore_ament_install']
[0.741s] Level 1:colcon.colcon_core.package_identification:_identify(imaging) by extension 'ignore'
[0.741s] Level 1:colcon.colcon_core.package_identification:_identify(imaging) by extension 'ignore_ament_install'
[0.742s] Level 1:colcon.colcon_core.package_identification:_identify(imaging) by extensions ['colcon_pkg']
[0.742s] Level 1:colcon.colcon_core.package_identification:_identify(imaging) by extension 'colcon_pkg'
[0.742s] Level 1:colcon.colcon_core.package_identification:_identify(imaging) by extensions ['colcon_meta']
[0.742s] Level 1:colcon.colcon_core.package_identification:_identify(imaging) by extension 'colcon_meta'
[0.742s] Level 1:colcon.colcon_core.package_identification:_identify(imaging) by extensions ['ros']
[0.742s] Level 1:colcon.colcon_core.package_identification:_identify(imaging) by extension 'ros'
[0.752s] DEBUG:colcon.colcon_core.package_identification:Package 'imaging' with type 'ros.ament_cmake' and name 'imaging'
[0.753s] Level 1:colcon.colcon_core.package_identification:_identify(install) by extensions ['ignore', 'ignore_ament_install']
[0.754s] Level 1:colcon.colcon_core.package_identification:_identify(install) by extension 'ignore'
[0.754s] Level 1:colcon.colcon_core.package_identification:_identify(install) ignored
[0.755s] Level 1:colcon.colcon_core.package_identification:_identify(log) by extensions ['ignore', 'ignore_ament_install']
[0.755s] Level 1:colcon.colcon_core.package_identification:_identify(log) by extension 'ignore'
[0.755s] Level 1:colcon.colcon_core.package_identification:_identify(log) ignored
[0.755s] Level 1:colcon.colcon_core.package_identification:_identify(road_nav) by extensions ['ignore', 'ignore_ament_install']
[0.756s] Level 1:colcon.colcon_core.package_identification:_identify(road_nav) by extension 'ignore'
[0.756s] Level 1:colcon.colcon_core.package_identification:_identify(road_nav) by extension 'ignore_ament_install'
[0.756s] Level 1:colcon.colcon_core.package_identification:_identify(road_nav) by extensions ['colcon_pkg']
[0.756s] Level 1:colcon.colcon_core.package_identification:_identify(road_nav) by extension 'colcon_pkg'
[0.757s] Level 1:colcon.colcon_core.package_identification:_identify(road_nav) by extensions ['colcon_meta']
[0.757s] Level 1:colcon.colcon_core.package_identification:_identify(road_nav) by extension 'colcon_meta'
[0.757s] Level 1:colcon.colcon_core.package_identification:_identify(road_nav) by extensions ['ros']
[0.757s] Level 1:colcon.colcon_core.package_identification:_identify(road_nav) by extension 'ros'
[0.761s] DEBUG:colcon.colcon_core.package_identification:Package 'road_nav' with type 'ros.ament_python' and name 'road_nav'
[0.761s] Level 1:colcon.colcon_core.package_discovery:discover_packages(recursive) using defaults
[0.761s] Level 1:colcon.colcon_core.package_discovery:discover_packages(ignore) discover
[0.761s] Level 1:colcon.colcon_core.package_discovery:discover_packages(ignore) using defaults
[0.761s] Level 1:colcon.colcon_core.package_discovery:discover_packages(path) discover
[0.761s] Level 1:colcon.colcon_core.package_discovery:discover_packages(path) using defaults
[0.871s] Level 1:colcon.colcon_core.package_discovery:discover_packages(prefix_path) check parameters
[0.871s] Level 1:colcon.colcon_core.package_discovery:discover_packages(prefix_path) discover
[0.888s] DEBUG:colcon.colcon_installed_package_information.package_discovery:Found 269 installed packages in /opt/ros/foxy
[0.895s] Level 1:colcon.colcon_core.package_discovery:discover_packages(prefix_path) using defaults
[1.200s] Level 5:colcon.colcon_core.verb:set package 'imaging' build argument 'cmake_args' from command line to 'None'
[1.200s] Level 5:colcon.colcon_core.verb:set package 'imaging' build argument 'cmake_target' from command line to 'None'
[1.200s] Level 5:colcon.colcon_core.verb:set package 'imaging' build argument 'cmake_target_skip_unavailable' from command line to 'False'
[1.201s] Level 5:colcon.colcon_core.verb:set package 'imaging' build argument 'cmake_clean_cache' from command line to 'False'
[1.201s] Level 5:colcon.colcon_core.verb:set package 'imaging' build argument 'cmake_clean_first' from command line to 'False'
[1.201s] Level 5:colcon.colcon_core.verb:set package 'imaging' build argument 'cmake_force_configure' from command line to 'False'
[1.201s] Level 5:colcon.colcon_core.verb:set package 'imaging' build argument 'ament_cmake_args' from command line to 'None'
[1.201s] Level 5:colcon.colcon_core.verb:set package 'imaging' build argument 'catkin_cmake_args' from command line to 'None'
[1.201s] Level 5:colcon.colcon_core.verb:set package 'imaging' build argument 'catkin_skip_building_tests' from command line to 'False'
[1.201s] DEBUG:colcon.colcon_core.verb:Building package 'imaging' with the following arguments: {'ament_cmake_args': None, 'build_base': '/home/ubuntu/ros2_ws/bridgeroadinspectiondrone/ros/src/build/imaging', 'catkin_cmake_args': None, 'catkin_skip_building_tests': False, 'cmake_args': None, 'cmake_clean_cache': False, 'cmake_clean_first': False, 'cmake_force_configure': False, 'cmake_target': None, 'cmake_target_skip_unavailable': False, 'install_base': '/home/ubuntu/ros2_ws/bridgeroadinspectiondrone/ros/src/install/imaging', 'merge_install': False, 'path': '/home/ubuntu/ros2_ws/bridgeroadinspectiondrone/ros/src/imaging', 'symlink_install': False, 'test_result_base': None}
[1.205s] Level 5:colcon.colcon_core.verb:set package 'road_nav' build argument 'cmake_args' from command line to 'None'
[1.205s] Level 5:colcon.colcon_core.verb:set package 'road_nav' build argument 'cmake_target' from command line to 'None'
[1.206s] Level 5:colcon.colcon_core.verb:set package 'road_nav' build argument 'cmake_target_skip_unavailable' from command line to 'False'
[1.206s] Level 5:colcon.colcon_core.verb:set package 'road_nav' build argument 'cmake_clean_cache' from command line to 'False'
[1.206s] Level 5:colcon.colcon_core.verb:set package 'road_nav' build argument 'cmake_clean_first' from command line to 'False'
[1.206s] Level 5:colcon.colcon_core.verb:set package 'road_nav' build argument 'cmake_force_configure' from command line to 'False'
[1.206s] Level 5:colcon.colcon_core.verb:set package 'road_nav' build argument 'ament_cmake_args' from command line to 'None'
[1.206s] Level 5:colcon.colcon_core.verb:set package 'road_nav' build argument 'catkin_cmake_args' from command line to 'None'
[1.206s] Level 5:colcon.colcon_core.verb:set package 'road_nav' build argument 'catkin_skip_building_tests' from command line to 'False'
[1.206s] DEBUG:colcon.colcon_core.verb:Building package 'road_nav' with the following arguments: {'ament_cmake_args': None, 'build_base': '/home/ubuntu/ros2_ws/bridgeroadinspectiondrone/ros/src/build/road_nav', 'catkin_cmake_args': None, 'catkin_skip_building_tests': False, 'cmake_args': None, 'cmake_clean_cache': False, 'cmake_clean_first': False, 'cmake_force_configure': False, 'cmake_target': None, 'cmake_target_skip_unavailable': False, 'install_base': '/home/ubuntu/ros2_ws/bridgeroadinspectiondrone/ros/src/install/road_nav', 'merge_install': False, 'path': '/home/ubuntu/ros2_ws/bridgeroadinspectiondrone/ros/src/road_nav', 'symlink_install': False, 'test_result_base': None}
[1.209s] INFO:colcon.colcon_core.executor:Executing jobs using 'parallel' executor
[1.224s] DEBUG:colcon.colcon_parallel_executor.executor.parallel:run_until_complete
[1.225s] INFO:colcon.colcon_ros.task.ament_cmake.build:Building ROS package in '/home/ubuntu/ros2_ws/bridgeroadinspectiondrone/ros/src/imaging' with build type 'ament_cmake'
[1.226s] INFO:colcon.colcon_cmake.task.cmake.build:Building CMake package in '/home/ubuntu/ros2_ws/bridgeroadinspectiondrone/ros/src/imaging'
[1.244s] INFO:colcon.colcon_core.plugin_system:Skipping extension 'colcon_core.shell.bat': Not used on non-Windows systems
[1.244s] INFO:colcon.colcon_core.shell:Skip shell extension 'powershell' for command environment: Not usable outside of PowerShell
[1.245s] DEBUG:colcon.colcon_core.shell:Skip shell extension 'dsv' for command environment
[1.267s] INFO:colcon.colcon_ros.task.ament_python.build:Building ROS package in '/home/ubuntu/ros2_ws/bridgeroadinspectiondrone/ros/src/road_nav' with build type 'ament_python'
[1.268s] Level 1:colcon.colcon_core.shell:create_environment_hook('road_nav', 'ament_prefix_path')
[1.276s] INFO:colcon.colcon_core.shell:Creating environment hook '/home/ubuntu/ros2_ws/bridgeroadinspectiondrone/ros/src/install/road_nav/share/road_nav/hook/ament_prefix_path.ps1'
[1.280s] INFO:colcon.colcon_core.shell:Creating environment descriptor '/home/ubuntu/ros2_ws/bridgeroadinspectiondrone/ros/src/install/road_nav/share/road_nav/hook/ament_prefix_path.dsv'
[1.282s] INFO:colcon.colcon_core.shell:Creating environment hook '/home/ubuntu/ros2_ws/bridgeroadinspectiondrone/ros/src/install/road_nav/share/road_nav/hook/ament_prefix_path.sh'
[1.289s] INFO:colcon.colcon_core.shell:Skip shell extension 'powershell' for command environment: Not usable outside of PowerShell
[1.290s] DEBUG:colcon.colcon_core.shell:Skip shell extension 'dsv' for command environment
[1.328s] DEBUG:colcon.colcon_core.event_handler.log_command:Invoking command in '/home/ubuntu/ros2_ws/bridgeroadinspectiondrone/ros/src/build/imaging': CMAKE_PREFIX_PATH=/opt/ros/foxy /usr/bin/cmake --build /home/ubuntu/ros2_ws/bridgeroadinspectiondrone/ros/src/build/imaging -- -j4 -l4
[2.381s] INFO:colcon.colcon_core.task.python.build:Building Python package in '/home/ubuntu/ros2_ws/bridgeroadinspectiondrone/ros/src/road_nav'
[2.388s] INFO:colcon.colcon_core.shell:Skip shell extension 'powershell' for command environment: Not usable outside of PowerShell
[2.389s] DEBUG:colcon.colcon_core.shell:Skip shell extension 'dsv' for command environment
[4.749s] DEBUG:colcon.colcon_core.event_handler.log_command:Invoking command in '/home/ubuntu/ros2_ws/bridgeroadinspectiondrone/ros/src/road_nav': PYTHONPATH=/home/ubuntu/ros2_ws/bridgeroadinspectiondrone/ros/src/install/road_nav/lib/python3.8/site-packages:${PYTHONPATH} /usr/bin/python3 setup.py egg_info --egg-base ../build/road_nav build --build-base /home/ubuntu/ros2_ws/bridgeroadinspectiondrone/ros/src/build/road_nav/build install --prefix /home/ubuntu/ros2_ws/bridgeroadinspectiondrone/ros/src/install/road_nav --record /home/ubuntu/ros2_ws/bridgeroadinspectiondrone/ros/src/build/road_nav/install.log --single-version-externally-managed
[6.285s] DEBUG:colcon.colcon_core.event_handler.log_command:Invoked command in '/home/ubuntu/ros2_ws/bridgeroadinspectiondrone/ros/src/road_nav' returned '0': PYTHONPATH=/home/ubuntu/ros2_ws/bridgeroadinspectiondrone/ros/src/install/road_nav/lib/python3.8/site-packages:${PYTHONPATH} /usr/bin/python3 setup.py egg_info --egg-base ../build/road_nav build --build-base /home/ubuntu/ros2_ws/bridgeroadinspectiondrone/ros/src/build/road_nav/build install --prefix /home/ubuntu/ros2_ws/bridgeroadinspectiondrone/ros/src/install/road_nav --record /home/ubuntu/ros2_ws/bridgeroadinspectiondrone/ros/src/build/road_nav/install.log --single-version-externally-managed
[6.307s] Level 1:colcon.colcon_core.environment:checking '/home/ubuntu/ros2_ws/bridgeroadinspectiondrone/ros/src/install/road_nav' for CMake module files
[6.310s] Level 1:colcon.colcon_core.environment:checking '/home/ubuntu/ros2_ws/bridgeroadinspectiondrone/ros/src/install/road_nav' for CMake config files
[6.314s] Level 1:colcon.colcon_core.environment:checking '/home/ubuntu/ros2_ws/bridgeroadinspectiondrone/ros/src/install/road_nav/lib'
[6.315s] Level 1:colcon.colcon_core.environment:checking '/home/ubuntu/ros2_ws/bridgeroadinspectiondrone/ros/src/install/road_nav/bin'
[6.315s] Level 1:colcon.colcon_core.environment:checking '/home/ubuntu/ros2_ws/bridgeroadinspectiondrone/ros/src/install/road_nav/lib/pkgconfig/road_nav.pc'
[6.316s] Level 1:colcon.colcon_core.environment:checking '/home/ubuntu/ros2_ws/bridgeroadinspectiondrone/ros/src/install/road_nav/lib/python3.8/site-packages'
[6.317s] Level 1:colcon.colcon_core.shell:create_environment_hook('road_nav', 'pythonpath')
[6.323s] INFO:colcon.colcon_core.shell:Creating environment hook '/home/ubuntu/ros2_ws/bridgeroadinspectiondrone/ros/src/install/road_nav/share/road_nav/hook/pythonpath.ps1'
[6.325s] INFO:colcon.colcon_core.shell:Creating environment descriptor '/home/ubuntu/ros2_ws/bridgeroadinspectiondrone/ros/src/install/road_nav/share/road_nav/hook/pythonpath.dsv'
[6.327s] INFO:colcon.colcon_core.shell:Creating environment hook '/home/ubuntu/ros2_ws/bridgeroadinspectiondrone/ros/src/install/road_nav/share/road_nav/hook/pythonpath.sh'
[6.330s] Level 1:colcon.colcon_core.environment:checking '/home/ubuntu/ros2_ws/bridgeroadinspectiondrone/ros/src/install/road_nav/bin'
[6.330s] Level 1:colcon.colcon_core.environment:create_environment_scripts_only(road_nav)
[6.336s] INFO:colcon.colcon_core.shell:Creating package script '/home/ubuntu/ros2_ws/bridgeroadinspectiondrone/ros/src/install/road_nav/share/road_nav/package.ps1'
[6.340s] INFO:colcon.colcon_core.shell:Creating package descriptor '/home/ubuntu/ros2_ws/bridgeroadinspectiondrone/ros/src/install/road_nav/share/road_nav/package.dsv'
[6.343s] INFO:colcon.colcon_core.shell:Creating package script '/home/ubuntu/ros2_ws/bridgeroadinspectiondrone/ros/src/install/road_nav/share/road_nav/package.sh'
[6.346s] INFO:colcon.colcon_core.shell:Creating package script '/home/ubuntu/ros2_ws/bridgeroadinspectiondrone/ros/src/install/road_nav/share/road_nav/package.bash'
[6.350s] INFO:colcon.colcon_core.shell:Creating package script '/home/ubuntu/ros2_ws/bridgeroadinspectiondrone/ros/src/install/road_nav/share/road_nav/package.zsh'
[6.353s] Level 1:colcon.colcon_core.environment:create_file_with_runtime_dependencies(/home/ubuntu/ros2_ws/bridgeroadinspectiondrone/ros/src/install/road_nav/share/colcon-core/packages/road_nav)
[24.537s] DEBUG:colcon.colcon_core.event_handler.log_command:Invoked command in '/home/ubuntu/ros2_ws/bridgeroadinspectiondrone/ros/src/build/imaging' returned '0': CMAKE_PREFIX_PATH=/opt/ros/foxy /usr/bin/cmake --build /home/ubuntu/ros2_ws/bridgeroadinspectiondrone/ros/src/build/imaging -- -j4 -l4
[24.697s] DEBUG:colcon.colcon_core.event_handler.log_command:Invoking command in '/home/ubuntu/ros2_ws/bridgeroadinspectiondrone/ros/src/build/imaging': CMAKE_PREFIX_PATH=/opt/ros/foxy /usr/bin/cmake --install /home/ubuntu/ros2_ws/bridgeroadinspectiondrone/ros/src/build/imaging
[24.748s] Level 1:colcon.colcon_core.environment:create_environment_scripts_only(imaging)
[24.757s] Level 1:colcon.colcon_core.environment:checking '/home/ubuntu/ros2_ws/bridgeroadinspectiondrone/ros/src/install/imaging' for CMake module files
[24.758s] DEBUG:colcon.colcon_core.event_handler.log_command:Invoked command in '/home/ubuntu/ros2_ws/bridgeroadinspectiondrone/ros/src/build/imaging' returned '0': CMAKE_PREFIX_PATH=/opt/ros/foxy /usr/bin/cmake --install /home/ubuntu/ros2_ws/bridgeroadinspectiondrone/ros/src/build/imaging
[24.761s] Level 1:colcon.colcon_core.environment:checking '/home/ubuntu/ros2_ws/bridgeroadinspectiondrone/ros/src/install/imaging' for CMake config files
[24.762s] Level 1:colcon.colcon_core.shell:create_environment_hook('imaging', 'cmake_prefix_path')
[24.768s] INFO:colcon.colcon_core.shell:Creating environment hook '/home/ubuntu/ros2_ws/bridgeroadinspectiondrone/ros/src/install/imaging/share/imaging/hook/cmake_prefix_path.ps1'
[24.771s] INFO:colcon.colcon_core.shell:Creating environment descriptor '/home/ubuntu/ros2_ws/bridgeroadinspectiondrone/ros/src/install/imaging/share/imaging/hook/cmake_prefix_path.dsv'
[24.772s] INFO:colcon.colcon_core.shell:Creating environment hook '/home/ubuntu/ros2_ws/bridgeroadinspectiondrone/ros/src/install/imaging/share/imaging/hook/cmake_prefix_path.sh'
[24.775s] Level 1:colcon.colcon_core.environment:checking '/home/ubuntu/ros2_ws/bridgeroadinspectiondrone/ros/src/install/imaging/lib'
[24.775s] Level 1:colcon.colcon_core.environment:checking '/home/ubuntu/ros2_ws/bridgeroadinspectiondrone/ros/src/install/imaging/bin'
[24.775s] Level 1:colcon.colcon_core.environment:checking '/home/ubuntu/ros2_ws/bridgeroadinspectiondrone/ros/src/install/imaging/lib/pkgconfig/imaging.pc'
[24.776s] Level 1:colcon.colcon_core.environment:checking '/home/ubuntu/ros2_ws/bridgeroadinspectiondrone/ros/src/install/imaging/lib/python3.8/site-packages'
[24.777s] Level 1:colcon.colcon_core.environment:checking '/home/ubuntu/ros2_ws/bridgeroadinspectiondrone/ros/src/install/imaging/bin'
[24.783s] INFO:colcon.colcon_core.shell:Creating package script '/home/ubuntu/ros2_ws/bridgeroadinspectiondrone/ros/src/install/imaging/share/imaging/package.ps1'
[24.785s] INFO:colcon.colcon_core.shell:Creating package descriptor '/home/ubuntu/ros2_ws/bridgeroadinspectiondrone/ros/src/install/imaging/share/imaging/package.dsv'
[24.787s] INFO:colcon.colcon_core.shell:Creating package script '/home/ubuntu/ros2_ws/bridgeroadinspectiondrone/ros/src/install/imaging/share/imaging/package.sh'
[24.788s] INFO:colcon.colcon_core.shell:Creating package script '/home/ubuntu/ros2_ws/bridgeroadinspectiondrone/ros/src/install/imaging/share/imaging/package.bash'
[24.790s] INFO:colcon.colcon_core.shell:Creating package script '/home/ubuntu/ros2_ws/bridgeroadinspectiondrone/ros/src/install/imaging/share/imaging/package.zsh'
[24.792s] Level 1:colcon.colcon_core.environment:create_file_with_runtime_dependencies(/home/ubuntu/ros2_ws/bridgeroadinspectiondrone/ros/src/install/imaging/share/colcon-core/packages/imaging)
[24.912s] Level 1:colcon.colcon_core.environment:create_environment_scripts_only(imaging)
[24.920s] Level 1:colcon.colcon_core.environment:checking '/home/ubuntu/ros2_ws/bridgeroadinspectiondrone/ros/src/install/imaging' for CMake module files
[24.923s] Level 1:colcon.colcon_core.environment:checking '/home/ubuntu/ros2_ws/bridgeroadinspectiondrone/ros/src/install/imaging' for CMake config files
[24.925s] Level 1:colcon.colcon_core.shell:create_environment_hook('imaging', 'cmake_prefix_path')
[24.930s] INFO:colcon.colcon_core.shell:Creating environment hook '/home/ubuntu/ros2_ws/bridgeroadinspectiondrone/ros/src/install/imaging/share/imaging/hook/cmake_prefix_path.ps1'
[24.932s] INFO:colcon.colcon_core.shell:Creating environment descriptor '/home/ubuntu/ros2_ws/bridgeroadinspectiondrone/ros/src/install/imaging/share/imaging/hook/cmake_prefix_path.dsv'
[24.933s] INFO:colcon.colcon_core.shell:Creating environment hook '/home/ubuntu/ros2_ws/bridgeroadinspectiondrone/ros/src/install/imaging/share/imaging/hook/cmake_prefix_path.sh'
[24.936s] Level 1:colcon.colcon_core.environment:checking '/home/ubuntu/ros2_ws/bridgeroadinspectiondrone/ros/src/install/imaging/lib'
[24.936s] Level 1:colcon.colcon_core.environment:checking '/home/ubuntu/ros2_ws/bridgeroadinspectiondrone/ros/src/install/imaging/bin'
[24.937s] Level 1:colcon.colcon_core.environment:checking '/home/ubuntu/ros2_ws/bridgeroadinspectiondrone/ros/src/install/imaging/lib/pkgconfig/imaging.pc'
[24.937s] Level 1:colcon.colcon_core.environment:checking '/home/ubuntu/ros2_ws/bridgeroadinspectiondrone/ros/src/install/imaging/lib/python3.8/site-packages'
[24.938s] Level 1:colcon.colcon_core.environment:checking '/home/ubuntu/ros2_ws/bridgeroadinspectiondrone/ros/src/install/imaging/bin'
[24.944s] INFO:colcon.colcon_core.shell:Creating package script '/home/ubuntu/ros2_ws/bridgeroadinspectiondrone/ros/src/install/imaging/share/imaging/package.ps1'
[24.947s] INFO:colcon.colcon_core.shell:Creating package descriptor '/home/ubuntu/ros2_ws/bridgeroadinspectiondrone/ros/src/install/imaging/share/imaging/package.dsv'
[24.949s] INFO:colcon.colcon_core.shell:Creating package script '/home/ubuntu/ros2_ws/bridgeroadinspectiondrone/ros/src/install/imaging/share/imaging/package.sh'
[24.951s] INFO:colcon.colcon_core.shell:Creating package script '/home/ubuntu/ros2_ws/bridgeroadinspectiondrone/ros/src/install/imaging/share/imaging/package.bash'
[24.953s] INFO:colcon.colcon_core.shell:Creating package script '/home/ubuntu/ros2_ws/bridgeroadinspectiondrone/ros/src/install/imaging/share/imaging/package.zsh'
[24.955s] Level 1:colcon.colcon_core.environment:create_file_with_runtime_dependencies(/home/ubuntu/ros2_ws/bridgeroadinspectiondrone/ros/src/install/imaging/share/colcon-core/packages/imaging)
[24.957s] DEBUG:colcon.colcon_parallel_executor.executor.parallel:closing loop
[24.958s] DEBUG:colcon.colcon_parallel_executor.executor.parallel:loop closed
[24.958s] DEBUG:colcon.colcon_parallel_executor.executor.parallel:run_until_complete finished with '0'
[24.959s] DEBUG:colcon.colcon_core.event_reactor:joining thread
[24.991s] INFO:colcon.colcon_core.plugin_system:Skipping extension 'colcon_notification.desktop_notification.notify_send': Could not find 'notify-send'
[24.991s] INFO:colcon.colcon_core.plugin_system:Skipping extension 'colcon_notification.desktop_notification.terminal_notifier': Not used on non-Darwin systems
[24.992s] INFO:colcon.colcon_core.plugin_system:Skipping extension 'colcon_notification.desktop_notification.win32': Not used on non-Windows systems
[24.992s] INFO:colcon.colcon_notification.desktop_notification:Sending desktop notification using 'notify2'
[24.995s] DEBUG:colcon.colcon_notification.desktop_notification.notify2:Failed to initialize notify2: org.freedesktop.DBus.Error.ServiceUnknown: The name org.freedesktop.Notifications was not provided by any .service files
[24.996s] DEBUG:colcon.colcon_core.event_reactor:joined thread
[25.001s] INFO:colcon.colcon_core.shell:Creating prefix script '/home/ubuntu/ros2_ws/bridgeroadinspectiondrone/ros/src/install/local_setup.ps1'
[25.005s] INFO:colcon.colcon_core.shell:Creating prefix util module '/home/ubuntu/ros2_ws/bridgeroadinspectiondrone/ros/src/install/_local_setup_util_ps1.py'
[25.009s] INFO:colcon.colcon_core.shell:Creating prefix chain script '/home/ubuntu/ros2_ws/bridgeroadinspectiondrone/ros/src/install/setup.ps1'
[25.016s] INFO:colcon.colcon_core.shell:Creating prefix script '/home/ubuntu/ros2_ws/bridgeroadinspectiondrone/ros/src/install/local_setup.sh'
[25.018s] INFO:colcon.colcon_core.shell:Creating prefix util module '/home/ubuntu/ros2_ws/bridgeroadinspectiondrone/ros/src/install/_local_setup_util_sh.py'
[25.020s] INFO:colcon.colcon_core.shell:Creating prefix chain script '/home/ubuntu/ros2_ws/bridgeroadinspectiondrone/ros/src/install/setup.sh'
[25.025s] INFO:colcon.colcon_core.shell:Creating prefix script '/home/ubuntu/ros2_ws/bridgeroadinspectiondrone/ros/src/install/local_setup.bash'
[25.027s] INFO:colcon.colcon_core.shell:Creating prefix chain script '/home/ubuntu/ros2_ws/bridgeroadinspectiondrone/ros/src/install/setup.bash'
[25.032s] INFO:colcon.colcon_core.shell:Creating prefix script '/home/ubuntu/ros2_ws/bridgeroadinspectiondrone/ros/src/install/local_setup.zsh'
[25.034s] INFO:colcon.colcon_core.shell:Creating prefix chain script '/home/ubuntu/ros2_ws/bridgeroadinspectiondrone/ros/src/install/setup.zsh'
