[0.076s] Invoking command in '/home/ubuntu/ros2_ws/bridgeroadinspectiondrone/ros/src/build/imaging': CMAKE_PREFIX_PATH=/opt/ros/foxy /usr/bin/cmake --build /home/ubuntu/ros2_ws/bridgeroadinspectiondrone/ros/src/build/imaging -- -j4 -l4
[0.325s] [35m[1mScanning dependencies of target image_pub[0m
[0.586s] [ 50%] [32mBuilding CXX object CMakeFiles/image_pub.dir/src/image_pub.cpp.o[0m
[28.995s] [100%] [32m[1mLinking CXX executable image_pub[0m
[31.094s] /usr/bin/ld: warning: libopencv_imgcodecs.so.4.2, needed by /usr/local/lib/libseek.so, may conflict with libopencv_imgcodecs.so.406
[31.094s] /usr/bin/ld: warning: libopencv_imgproc.so.4.2, needed by /usr/local/lib/libseek.so, may conflict with libopencv_imgproc.so.406
[31.094s] /usr/bin/ld: warning: libopencv_core.so.4.2, needed by /usr/local/lib/libseek.so, may conflict with libopencv_core.so.406
[31.162s] [100%] Built target image_pub
[31.205s] Invoked command in '/home/ubuntu/ros2_ws/bridgeroadinspectiondrone/ros/src/build/imaging' returned '0': CMAKE_PREFIX_PATH=/opt/ros/foxy /usr/bin/cmake --build /home/ubuntu/ros2_ws/bridgeroadinspectiondrone/ros/src/build/imaging -- -j4 -l4
[31.362s] Invoking command in '/home/ubuntu/ros2_ws/bridgeroadinspectiondrone/ros/src/build/imaging': CMAKE_PREFIX_PATH=/opt/ros/foxy /usr/bin/cmake --install /home/ubuntu/ros2_ws/bridgeroadinspectiondrone/ros/src/build/imaging
[31.394s] -- Install configuration: ""
[31.395s] -- Installing: /home/ubuntu/ros2_ws/bridgeroadinspectiondrone/ros/src/install/imaging/lib/imaging/image_pub
[31.402s] -- Set runtime path of "/home/ubuntu/ros2_ws/bridgeroadinspectiondrone/ros/src/install/imaging/lib/imaging/image_pub" to ""
[31.403s] -- Up-to-date: /home/ubuntu/ros2_ws/bridgeroadinspectiondrone/ros/src/install/imaging/share/ament_index/resource_index/package_run_dependencies/imaging
[31.403s] -- Up-to-date: /home/ubuntu/ros2_ws/bridgeroadinspectiondrone/ros/src/install/imaging/share/ament_index/resource_index/parent_prefix_path/imaging
[31.404s] -- Up-to-date: /home/ubuntu/ros2_ws/bridgeroadinspectiondrone/ros/src/install/imaging/share/imaging/environment/ament_prefix_path.sh
[31.404s] -- Up-to-date: /home/ubuntu/ros2_ws/bridgeroadinspectiondrone/ros/src/install/imaging/share/imaging/environment/ament_prefix_path.dsv
[31.405s] -- Up-to-date: /home/ubuntu/ros2_ws/bridgeroadinspectiondrone/ros/src/install/imaging/share/imaging/environment/path.sh
[31.405s] -- Up-to-date: /home/ubuntu/ros2_ws/bridgeroadinspectiondrone/ros/src/install/imaging/share/imaging/environment/path.dsv
[31.406s] -- Up-to-date: /home/ubuntu/ros2_ws/bridgeroadinspectiondrone/ros/src/install/imaging/share/imaging/local_setup.bash
[31.407s] -- Up-to-date: /home/ubuntu/ros2_ws/bridgeroadinspectiondrone/ros/src/install/imaging/share/imaging/local_setup.sh
[31.407s] -- Up-to-date: /home/ubuntu/ros2_ws/bridgeroadinspectiondrone/ros/src/install/imaging/share/imaging/local_setup.zsh
[31.408s] -- Up-to-date: /home/ubuntu/ros2_ws/bridgeroadinspectiondrone/ros/src/install/imaging/share/imaging/local_setup.dsv
[31.408s] -- Installing: /home/ubuntu/ros2_ws/bridgeroadinspectiondrone/ros/src/install/imaging/share/imaging/package.dsv
[31.409s] -- Up-to-date: /home/ubuntu/ros2_ws/bridgeroadinspectiondrone/ros/src/install/imaging/share/ament_index/resource_index/packages/imaging
[31.410s] -- Up-to-date: /home/ubuntu/ros2_ws/bridgeroadinspectiondrone/ros/src/install/imaging/share/imaging/cmake/imagingConfig.cmake
[31.411s] -- Up-to-date: /home/ubuntu/ros2_ws/bridgeroadinspectiondrone/ros/src/install/imaging/share/imaging/cmake/imagingConfig-version.cmake
[31.412s] -- Up-to-date: /home/ubuntu/ros2_ws/bridgeroadinspectiondrone/ros/src/install/imaging/share/imaging/package.xml
[31.416s] Invoked command in '/home/ubuntu/ros2_ws/bridgeroadinspectiondrone/ros/src/build/imaging' returned '0': CMAKE_PREFIX_PATH=/opt/ros/foxy /usr/bin/cmake --install /home/ubuntu/ros2_ws/bridgeroadinspectiondrone/ros/src/build/imaging
