[0.075s] Invoking command in '/home/ubuntu/ros2_ws/bridgeroadinspectiondrone/ros/src/build/imaging': CMAKE_PREFIX_PATH=/opt/ros/foxy /usr/bin/cmake --build /home/ubuntu/ros2_ws/bridgeroadinspectiondrone/ros/src/build/imaging -- -j4 -l4
[0.212s] -- Found ament_cmake: 0.9.11 (/opt/ros/foxy/share/ament_cmake/cmake)
[0.330s] -- Using PYTHON_EXECUTABLE: /usr/bin/python3
[1.508s] -- Found rclcpp: 2.4.2 (/opt/ros/foxy/share/rclcpp/cmake)
[1.780s] -- Using all available rosidl_typesupport_c: rosidl_typesupport_fastrtps_c;rosidl_typesupport_introspection_c
[1.794s] -- Found rosidl_adapter: 1.3.0 (/opt/ros/foxy/share/rosidl_adapter/cmake)
[2.780s] -- Using all available rosidl_typesupport_cpp: rosidl_typesupport_fastrtps_cpp;rosidl_typesupport_introspection_cpp
[3.055s] -- Found rmw_implementation_cmake: 1.0.3 (/opt/ros/foxy/share/rmw_implementation_cmake/cmake)
[3.062s] -- Using RMW implementation 'rmw_fastrtps_cpp' as default
[3.805s] -- Found cv_bridge: 3.0.7 (/opt/ros/foxy/share/cv_bridge/cmake)
[4.411s] -- Found image_transport: 2.4.0 (/opt/ros/foxy/share/image_transport/cmake)
[4.960s] CMake Error at CMakeLists.txt:26 (find_package):
[4.961s]   By not providing "Findseek.cmake" in CMAKE_MODULE_PATH this project has
[4.961s]   asked CMake to find a package configuration file provided by "seek", but
[4.962s]   CMake did not find one.
[4.962s] 
[4.963s]   Could not find a package configuration file provided by "seek" with any of
[4.965s]   the following names:
[4.966s] 
[4.970s]     seekConfig.cmake
[4.972s]     seek-config.cmake
[4.977s] 
[4.980s]   Add the installation prefix of "seek" to CMAKE_PREFIX_PATH or set
[4.983s]   "seek_DIR" to a directory containing one of the above files.  If "seek"
[4.986s]   provides a separate development package or SDK, be sure it has been
[4.991s]   installed.
[4.995s] 
[5.000s] 
[5.007s] -- Configuring incomplete, errors occurred!
[5.011s] See also "/home/ubuntu/ros2_ws/bridgeroadinspectiondrone/ros/src/build/imaging/CMakeFiles/CMakeOutput.log".
[5.013s] See also "/home/ubuntu/ros2_ws/bridgeroadinspectiondrone/ros/src/build/imaging/CMakeFiles/CMakeError.log".
[5.016s] make: *** [Makefile:266: cmake_check_build_system] Error 1
[5.028s] Invoked command in '/home/ubuntu/ros2_ws/bridgeroadinspectiondrone/ros/src/build/imaging' returned '2': CMAKE_PREFIX_PATH=/opt/ros/foxy /usr/bin/cmake --build /home/ubuntu/ros2_ws/bridgeroadinspectiondrone/ros/src/build/imaging -- -j4 -l4
