[0.058s] Invoking command in '/home/ubuntu/ros2_ws/bridgeroadinspectiondrone/ros/build/imaging': CMAKE_PREFIX_PATH=/opt/ros/foxy /usr/bin/cmake --build /home/ubuntu/ros2_ws/bridgeroadinspectiondrone/ros/build/imaging -- -j4 -l4
[0.239s] [35m[1mScanning dependencies of target visible_light[0m
[0.403s] [ 50%] [32mBuilding CXX object CMakeFiles/visible_light.dir/src/visible_light.cpp.o[0m
[13.465s] [100%] [32m[1mLinking CXX executable visible_light[0m
[15.000s] [100%] Built target visible_light
[15.038s] Invoked command in '/home/ubuntu/ros2_ws/bridgeroadinspectiondrone/ros/build/imaging' returned '0': CMAKE_PREFIX_PATH=/opt/ros/foxy /usr/bin/cmake --build /home/ubuntu/ros2_ws/bridgeroadinspectiondrone/ros/build/imaging -- -j4 -l4
[15.196s] Invoking command in '/home/ubuntu/ros2_ws/bridgeroadinspectiondrone/ros/build/imaging': CMAKE_PREFIX_PATH=/opt/ros/foxy /usr/bin/cmake --install /home/ubuntu/ros2_ws/bridgeroadinspectiondrone/ros/build/imaging
[15.230s] -- Install configuration: ""
[15.231s] -- Installing: /home/ubuntu/ros2_ws/bridgeroadinspectiondrone/ros/install/imaging/lib/imaging/visible_light
[15.235s] -- Set runtime path of "/home/ubuntu/ros2_ws/bridgeroadinspectiondrone/ros/install/imaging/lib/imaging/visible_light" to ""
[15.235s] -- Up-to-date: /home/ubuntu/ros2_ws/bridgeroadinspectiondrone/ros/install/imaging/share/ament_index/resource_index/package_run_dependencies/imaging
[15.236s] -- Up-to-date: /home/ubuntu/ros2_ws/bridgeroadinspectiondrone/ros/install/imaging/share/ament_index/resource_index/parent_prefix_path/imaging
[15.236s] -- Up-to-date: /home/ubuntu/ros2_ws/bridgeroadinspectiondrone/ros/install/imaging/share/imaging/environment/ament_prefix_path.sh
[15.236s] -- Up-to-date: /home/ubuntu/ros2_ws/bridgeroadinspectiondrone/ros/install/imaging/share/imaging/environment/ament_prefix_path.dsv
[15.237s] -- Up-to-date: /home/ubuntu/ros2_ws/bridgeroadinspectiondrone/ros/install/imaging/share/imaging/environment/path.sh
[15.237s] -- Up-to-date: /home/ubuntu/ros2_ws/bridgeroadinspectiondrone/ros/install/imaging/share/imaging/environment/path.dsv
[15.238s] -- Up-to-date: /home/ubuntu/ros2_ws/bridgeroadinspectiondrone/ros/install/imaging/share/imaging/local_setup.bash
[15.238s] -- Up-to-date: /home/ubuntu/ros2_ws/bridgeroadinspectiondrone/ros/install/imaging/share/imaging/local_setup.sh
[15.239s] -- Up-to-date: /home/ubuntu/ros2_ws/bridgeroadinspectiondrone/ros/install/imaging/share/imaging/local_setup.zsh
[15.239s] -- Up-to-date: /home/ubuntu/ros2_ws/bridgeroadinspectiondrone/ros/install/imaging/share/imaging/local_setup.dsv
[15.240s] -- Installing: /home/ubuntu/ros2_ws/bridgeroadinspectiondrone/ros/install/imaging/share/imaging/package.dsv
[15.240s] -- Up-to-date: /home/ubuntu/ros2_ws/bridgeroadinspectiondrone/ros/install/imaging/share/ament_index/resource_index/packages/imaging
[15.241s] -- Up-to-date: /home/ubuntu/ros2_ws/bridgeroadinspectiondrone/ros/install/imaging/share/imaging/cmake/imagingConfig.cmake
[15.241s] -- Up-to-date: /home/ubuntu/ros2_ws/bridgeroadinspectiondrone/ros/install/imaging/share/imaging/cmake/imagingConfig-version.cmake
[15.242s] -- Up-to-date: /home/ubuntu/ros2_ws/bridgeroadinspectiondrone/ros/install/imaging/share/imaging/package.xml
[15.248s] Invoked command in '/home/ubuntu/ros2_ws/bridgeroadinspectiondrone/ros/build/imaging' returned '0': CMAKE_PREFIX_PATH=/opt/ros/foxy /usr/bin/cmake --install /home/ubuntu/ros2_ws/bridgeroadinspectiondrone/ros/build/imaging
