[9.424s] Invoking command in '/home/ubuntu/ros2_ws/bridgeroadinspectiondrone/ros/src/controls': PYTHONPATH=/home/ubuntu/ros2_ws/bridgeroadinspectiondrone/ros/src/install/controls/lib/python3.8/site-packages:${PYTHONPATH} /usr/bin/python3 setup.py egg_info --egg-base ../build/controls build --build-base /home/ubuntu/ros2_ws/bridgeroadinspectiondrone/ros/src/build/controls/build install --prefix /home/ubuntu/ros2_ws/bridgeroadinspectiondrone/ros/src/install/controls --record /home/ubuntu/ros2_ws/bridgeroadinspectiondrone/ros/src/build/controls/install.log --single-version-externally-managed
[12.090s] running egg_info
[12.105s] writing ../build/controls/controls.egg-info/PKG-INFO
[12.107s] writing dependency_links to ../build/controls/controls.egg-info/dependency_links.txt
[12.113s] writing entry points to ../build/controls/controls.egg-info/entry_points.txt
[12.115s] writing requirements to ../build/controls/controls.egg-info/requires.txt
[12.123s] writing top-level names to ../build/controls/controls.egg-info/top_level.txt
[12.357s] reading manifest file '../build/controls/controls.egg-info/SOURCES.txt'
[12.375s] writing manifest file '../build/controls/controls.egg-info/SOURCES.txt'
[12.377s] running build
[12.377s] running build_py
[12.380s] running install
[12.384s] running install_lib
[12.392s] running install_data
[12.405s] running install_egg_info
[12.417s] removing '/home/ubuntu/ros2_ws/bridgeroadinspectiondrone/ros/src/install/controls/lib/python3.8/site-packages/controls-0.0.0-py3.8.egg-info' (and everything under it)
[12.427s] Copying ../build/controls/controls.egg-info to /home/ubuntu/ros2_ws/bridgeroadinspectiondrone/ros/src/install/controls/lib/python3.8/site-packages/controls-0.0.0-py3.8.egg-info
[12.444s] running install_scripts
[12.539s] Installing controls script to /home/ubuntu/ros2_ws/bridgeroadinspectiondrone/ros/src/install/controls/lib/controls
[12.543s] writing list of installed files to '/home/ubuntu/ros2_ws/bridgeroadinspectiondrone/ros/src/build/controls/install.log'
[14.415s] Invoked command in '/home/ubuntu/ros2_ws/bridgeroadinspectiondrone/ros/src/controls' returned '0': PYTHONPATH=/home/ubuntu/ros2_ws/bridgeroadinspectiondrone/ros/src/install/controls/lib/python3.8/site-packages:${PYTHONPATH} /usr/bin/python3 setup.py egg_info --egg-base ../build/controls build --build-base /home/ubuntu/ros2_ws/bridgeroadinspectiondrone/ros/src/build/controls/build install --prefix /home/ubuntu/ros2_ws/bridgeroadinspectiondrone/ros/src/install/controls --record /home/ubuntu/ros2_ws/bridgeroadinspectiondrone/ros/src/build/controls/install.log --single-version-externally-managed
