[0.071s] Invoking command in '/home/ubuntu/ros2_ws/bridgeroadinspectiondrone/ros/src/build/imaging': CMAKE_PREFIX_PATH=/opt/ros/foxy /usr/bin/cmake --build /home/ubuntu/ros2_ws/bridgeroadinspectiondrone/ros/src/build/imaging -- -j4 -l4
[0.313s] [35m[1mScanning dependencies of target image_pub[0m
[0.575s] [ 50%] [32mBuilding CXX object CMakeFiles/image_pub.dir/src/image_pub.cpp.o[0m
[33.125s] [100%] [32m[1mLinking CXX executable image_pub[0m
[37.343s] /usr/bin/ld: warning: libopencv_imgcodecs.so.4.2, needed by /usr/local/lib/libseek.so, may conflict with libopencv_imgcodecs.so.406
[37.346s] /usr/bin/ld: warning: libopencv_imgproc.so.4.2, needed by /usr/local/lib/libseek.so, may conflict with libopencv_imgproc.so.406
[37.346s] /usr/bin/ld: warning: libopencv_core.so.4.2, needed by /usr/local/lib/libseek.so, may conflict with libopencv_core.so.406
[37.767s] [100%] Built target image_pub
[40.898s] Invoked command in '/home/ubuntu/ros2_ws/bridgeroadinspectiondrone/ros/src/build/imaging' returned '0': CMAKE_PREFIX_PATH=/opt/ros/foxy /usr/bin/cmake --build /home/ubuntu/ros2_ws/bridgeroadinspectiondrone/ros/src/build/imaging -- -j4 -l4
[41.079s] Invoking command in '/home/ubuntu/ros2_ws/bridgeroadinspectiondrone/ros/src/build/imaging': CMAKE_PREFIX_PATH=/opt/ros/foxy /usr/bin/cmake --install /home/ubuntu/ros2_ws/bridgeroadinspectiondrone/ros/src/build/imaging
[41.112s] -- Install configuration: ""
[41.113s] -- Installing: /home/ubuntu/ros2_ws/bridgeroadinspectiondrone/ros/src/install/imaging/lib/imaging/image_pub
[41.120s] -- Set runtime path of "/home/ubuntu/ros2_ws/bridgeroadinspectiondrone/ros/src/install/imaging/lib/imaging/image_pub" to ""
[41.121s] -- Up-to-date: /home/ubuntu/ros2_ws/bridgeroadinspectiondrone/ros/src/install/imaging/share/ament_index/resource_index/package_run_dependencies/imaging
[41.122s] -- Up-to-date: /home/ubuntu/ros2_ws/bridgeroadinspectiondrone/ros/src/install/imaging/share/ament_index/resource_index/parent_prefix_path/imaging
[41.123s] -- Up-to-date: /home/ubuntu/ros2_ws/bridgeroadinspectiondrone/ros/src/install/imaging/share/imaging/environment/ament_prefix_path.sh
[41.124s] -- Up-to-date: /home/ubuntu/ros2_ws/bridgeroadinspectiondrone/ros/src/install/imaging/share/imaging/environment/ament_prefix_path.dsv
[41.125s] -- Up-to-date: /home/ubuntu/ros2_ws/bridgeroadinspectiondrone/ros/src/install/imaging/share/imaging/environment/path.sh
[41.126s] -- Up-to-date: /home/ubuntu/ros2_ws/bridgeroadinspectiondrone/ros/src/install/imaging/share/imaging/environment/path.dsv
[41.126s] -- Up-to-date: /home/ubuntu/ros2_ws/bridgeroadinspectiondrone/ros/src/install/imaging/share/imaging/local_setup.bash
[41.127s] -- Up-to-date: /home/ubuntu/ros2_ws/bridgeroadinspectiondrone/ros/src/install/imaging/share/imaging/local_setup.sh
[41.128s] -- Up-to-date: /home/ubuntu/ros2_ws/bridgeroadinspectiondrone/ros/src/install/imaging/share/imaging/local_setup.zsh
[41.128s] -- Up-to-date: /home/ubuntu/ros2_ws/bridgeroadinspectiondrone/ros/src/install/imaging/share/imaging/local_setup.dsv
[41.129s] -- Installing: /home/ubuntu/ros2_ws/bridgeroadinspectiondrone/ros/src/install/imaging/share/imaging/package.dsv
[41.130s] -- Up-to-date: /home/ubuntu/ros2_ws/bridgeroadinspectiondrone/ros/src/install/imaging/share/ament_index/resource_index/packages/imaging
[41.131s] -- Up-to-date: /home/ubuntu/ros2_ws/bridgeroadinspectiondrone/ros/src/install/imaging/share/imaging/cmake/imagingConfig.cmake
[41.133s] -- Up-to-date: /home/ubuntu/ros2_ws/bridgeroadinspectiondrone/ros/src/install/imaging/share/imaging/cmake/imagingConfig-version.cmake
[41.134s] -- Up-to-date: /home/ubuntu/ros2_ws/bridgeroadinspectiondrone/ros/src/install/imaging/share/imaging/package.xml
[41.137s] Invoked command in '/home/ubuntu/ros2_ws/bridgeroadinspectiondrone/ros/src/build/imaging' returned '0': CMAKE_PREFIX_PATH=/opt/ros/foxy /usr/bin/cmake --install /home/ubuntu/ros2_ws/bridgeroadinspectiondrone/ros/src/build/imaging
