running egg_info
creating ../build/road_nav/road_nav.egg-info
writing ../build/road_nav/road_nav.egg-info/PKG-INFO
writing dependency_links to ../build/road_nav/road_nav.egg-info/dependency_links.txt
writing entry points to ../build/road_nav/road_nav.egg-info/entry_points.txt
writing requirements to ../build/road_nav/road_nav.egg-info/requires.txt
writing top-level names to ../build/road_nav/road_nav.egg-info/top_level.txt
writing manifest file '../build/road_nav/road_nav.egg-info/SOURCES.txt'
reading manifest file '../build/road_nav/road_nav.egg-info/SOURCES.txt'
writing manifest file '../build/road_nav/road_nav.egg-info/SOURCES.txt'
running build
running build_py
creating /home/ubuntu/ros2_ws/bridgeroadinspectiondrone/ros/src/build/road_nav/build
creating /home/ubuntu/ros2_ws/bridgeroadinspectiondrone/ros/src/build/road_nav/build/lib
creating /home/ubuntu/ros2_ws/bridgeroadinspectiondrone/ros/src/build/road_nav/build/lib/road_nav
copying road_nav/__init__.py -> /home/ubuntu/ros2_ws/bridgeroadinspectiondrone/ros/src/build/road_nav/build/lib/road_nav
copying road_nav/road_nav.py -> /home/ubuntu/ros2_ws/bridgeroadinspectiondrone/ros/src/build/road_nav/build/lib/road_nav
running install
running install_lib
creating /home/ubuntu/ros2_ws/bridgeroadinspectiondrone/ros/src/install/road_nav/lib/python3.8/site-packages/road_nav
copying /home/ubuntu/ros2_ws/bridgeroadinspectiondrone/ros/src/build/road_nav/build/lib/road_nav/__init__.py -> /home/ubuntu/ros2_ws/bridgeroadinspectiondrone/ros/src/install/road_nav/lib/python3.8/site-packages/road_nav
copying /home/ubuntu/ros2_ws/bridgeroadinspectiondrone/ros/src/build/road_nav/build/lib/road_nav/road_nav.py -> /home/ubuntu/ros2_ws/bridgeroadinspectiondrone/ros/src/install/road_nav/lib/python3.8/site-packages/road_nav
byte-compiling /home/ubuntu/ros2_ws/bridgeroadinspectiondrone/ros/src/install/road_nav/lib/python3.8/site-packages/road_nav/__init__.py to __init__.cpython-38.pyc
byte-compiling /home/ubuntu/ros2_ws/bridgeroadinspectiondrone/ros/src/install/road_nav/lib/python3.8/site-packages/road_nav/road_nav.py to road_nav.cpython-38.pyc
running install_data
creating /home/ubuntu/ros2_ws/bridgeroadinspectiondrone/ros/src/install/road_nav/share/ament_index
creating /home/ubuntu/ros2_ws/bridgeroadinspectiondrone/ros/src/install/road_nav/share/ament_index/resource_index
creating /home/ubuntu/ros2_ws/bridgeroadinspectiondrone/ros/src/install/road_nav/share/ament_index/resource_index/packages
copying resource/road_nav -> /home/ubuntu/ros2_ws/bridgeroadinspectiondrone/ros/src/install/road_nav/share/ament_index/resource_index/packages
copying package.xml -> /home/ubuntu/ros2_ws/bridgeroadinspectiondrone/ros/src/install/road_nav/share/road_nav
running install_egg_info
Copying ../build/road_nav/road_nav.egg-info to /home/ubuntu/ros2_ws/bridgeroadinspectiondrone/ros/src/install/road_nav/lib/python3.8/site-packages/road_nav-0.0.0-py3.8.egg-info
running install_scripts
Installing road_nav script to /home/ubuntu/ros2_ws/bridgeroadinspectiondrone/ros/src/install/road_nav/lib/road_nav
writing list of installed files to '/home/ubuntu/ros2_ws/bridgeroadinspectiondrone/ros/src/build/road_nav/install.log'
