[0.064s] Invoking command in '/home/ubuntu/ros2_ws/bridgeroadinspectiondrone/ros/src/build/imaging': CMAKE_PREFIX_PATH=/opt/ros/foxy /usr/bin/cmake --build /home/ubuntu/ros2_ws/bridgeroadinspectiondrone/ros/src/build/imaging -- -j4 -l4
[0.256s] [35m[1mScanning dependencies of target image_pub[0m
[0.436s] [ 50%] [32mBuilding CXX object CMakeFiles/image_pub.dir/src/image_pub.cpp.o[0m
[22.128s] [100%] [32m[1mLinking CXX executable image_pub[0m
[24.673s] /usr/bin/ld: warning: libopencv_imgcodecs.so.4.2, needed by /usr/local/lib/libseek.so, may conflict with libopencv_imgcodecs.so.406
[24.673s] /usr/bin/ld: warning: libopencv_imgproc.so.4.2, needed by /usr/local/lib/libseek.so, may conflict with libopencv_imgproc.so.406
[24.674s] /usr/bin/ld: warning: libopencv_core.so.4.2, needed by /usr/local/lib/libseek.so, may conflict with libopencv_core.so.406
[25.892s] [100%] Built target image_pub
[25.956s] Invoked command in '/home/ubuntu/ros2_ws/bridgeroadinspectiondrone/ros/src/build/imaging' returned '0': CMAKE_PREFIX_PATH=/opt/ros/foxy /usr/bin/cmake --build /home/ubuntu/ros2_ws/bridgeroadinspectiondrone/ros/src/build/imaging -- -j4 -l4
[26.114s] Invoking command in '/home/ubuntu/ros2_ws/bridgeroadinspectiondrone/ros/src/build/imaging': CMAKE_PREFIX_PATH=/opt/ros/foxy /usr/bin/cmake --install /home/ubuntu/ros2_ws/bridgeroadinspectiondrone/ros/src/build/imaging
[26.157s] -- Install configuration: ""
[26.161s] -- Installing: /home/ubuntu/ros2_ws/bridgeroadinspectiondrone/ros/src/install/imaging/lib/imaging/image_pub
[26.168s] -- Set runtime path of "/home/ubuntu/ros2_ws/bridgeroadinspectiondrone/ros/src/install/imaging/lib/imaging/image_pub" to ""
[26.169s] -- Up-to-date: /home/ubuntu/ros2_ws/bridgeroadinspectiondrone/ros/src/install/imaging/share/ament_index/resource_index/package_run_dependencies/imaging
[26.170s] -- Up-to-date: /home/ubuntu/ros2_ws/bridgeroadinspectiondrone/ros/src/install/imaging/share/ament_index/resource_index/parent_prefix_path/imaging
[26.172s] -- Up-to-date: /home/ubuntu/ros2_ws/bridgeroadinspectiondrone/ros/src/install/imaging/share/imaging/environment/ament_prefix_path.sh
[26.174s] -- Up-to-date: /home/ubuntu/ros2_ws/bridgeroadinspectiondrone/ros/src/install/imaging/share/imaging/environment/ament_prefix_path.dsv
[26.175s] -- Up-to-date: /home/ubuntu/ros2_ws/bridgeroadinspectiondrone/ros/src/install/imaging/share/imaging/environment/path.sh
[26.177s] -- Up-to-date: /home/ubuntu/ros2_ws/bridgeroadinspectiondrone/ros/src/install/imaging/share/imaging/environment/path.dsv
[26.178s] -- Up-to-date: /home/ubuntu/ros2_ws/bridgeroadinspectiondrone/ros/src/install/imaging/share/imaging/local_setup.bash
[26.179s] -- Up-to-date: /home/ubuntu/ros2_ws/bridgeroadinspectiondrone/ros/src/install/imaging/share/imaging/local_setup.sh
[26.180s] -- Up-to-date: /home/ubuntu/ros2_ws/bridgeroadinspectiondrone/ros/src/install/imaging/share/imaging/local_setup.zsh
[26.181s] -- Up-to-date: /home/ubuntu/ros2_ws/bridgeroadinspectiondrone/ros/src/install/imaging/share/imaging/local_setup.dsv
[26.182s] -- Installing: /home/ubuntu/ros2_ws/bridgeroadinspectiondrone/ros/src/install/imaging/share/imaging/package.dsv
[26.182s] -- Up-to-date: /home/ubuntu/ros2_ws/bridgeroadinspectiondrone/ros/src/install/imaging/share/ament_index/resource_index/packages/imaging
[26.183s] -- Up-to-date: /home/ubuntu/ros2_ws/bridgeroadinspectiondrone/ros/src/install/imaging/share/imaging/cmake/imagingConfig.cmake
[26.184s] -- Up-to-date: /home/ubuntu/ros2_ws/bridgeroadinspectiondrone/ros/src/install/imaging/share/imaging/cmake/imagingConfig-version.cmake
[26.184s] -- Up-to-date: /home/ubuntu/ros2_ws/bridgeroadinspectiondrone/ros/src/install/imaging/share/imaging/package.xml
[26.190s] Invoked command in '/home/ubuntu/ros2_ws/bridgeroadinspectiondrone/ros/src/build/imaging' returned '0': CMAKE_PREFIX_PATH=/opt/ros/foxy /usr/bin/cmake --install /home/ubuntu/ros2_ws/bridgeroadinspectiondrone/ros/src/build/imaging
