[0.064s] Invoking command in '/home/ubuntu/ros2_ws/bridgeroadinspectiondrone/ros/src/build/imaging': CMAKE_PREFIX_PATH=/opt/ros/foxy /usr/bin/cmake --build /home/ubuntu/ros2_ws/bridgeroadinspectiondrone/ros/src/build/imaging -- -j4 -l4
[0.187s] -- Found ament_cmake: 0.9.11 (/opt/ros/foxy/share/ament_cmake/cmake)
[0.289s] -- Using PYTHON_EXECUTABLE: /usr/bin/python3
[1.418s] -- Found rclcpp: 2.4.2 (/opt/ros/foxy/share/rclcpp/cmake)
[1.630s] -- Using all available rosidl_typesupport_c: rosidl_typesupport_fastrtps_c;rosidl_typesupport_introspection_c
[1.650s] -- Found rosidl_adapter: 1.3.0 (/opt/ros/foxy/share/rosidl_adapter/cmake)
[2.611s] -- Using all available rosidl_typesupport_cpp: rosidl_typesupport_fastrtps_cpp;rosidl_typesupport_introspection_cpp
[2.822s] -- Found rmw_implementation_cmake: 1.0.3 (/opt/ros/foxy/share/rmw_implementation_cmake/cmake)
[2.829s] -- Using RMW implementation 'rmw_fastrtps_cpp' as default
[3.670s] -- Found cv_bridge: 3.0.7 (/opt/ros/foxy/share/cv_bridge/cmake)
[4.255s] -- Found image_transport: 2.4.0 (/opt/ros/foxy/share/image_transport/cmake)
[4.557s] CMake Error at /opt/ros/foxy/share/ament_cmake_target_dependencies/cmake/ament_target_dependencies.cmake:145 (target_link_libraries):
[4.558s]   The keyword signature for target_link_libraries has already been used with
[4.558s]   the target "image_pub".  All uses of target_link_libraries with a target
[4.559s]   must be either all-keyword or all-plain.
[4.559s] 
[4.560s]   The uses of the keyword signature are here:
[4.560s] 
[4.561s]    * CMakeLists.txt:31 (target_link_libraries)
[4.561s] 
[4.562s] Call Stack (most recent call first):
[4.562s]   CMakeLists.txt:38 (ament_target_dependencies)
[4.563s] 
[4.563s] 
[4.631s] -- Found ament_lint_auto: 0.9.7 (/opt/ros/foxy/share/ament_lint_auto/cmake)
[4.942s] -- Added test 'copyright' to check source files copyright and LICENSE
[4.948s] -- Added test 'cppcheck' to perform static code analysis on C / C++ code
[4.949s] -- Configured cppcheck include dirs: $<BUILD_INTERFACE:/home/ubuntu/ros2_ws/bridgeroadinspectiondrone/ros/src/imaging/include>
[4.950s] -- Configured cppcheck exclude dirs and/or files: 
[4.954s] -- Added test 'cpplint' to check C / C++ code against the Google style
[4.955s] -- Configured cpplint exclude dirs and/or files: 
[4.958s] -- Added test 'lint_cmake' to check CMake code style
[4.964s] -- Added test 'uncrustify' to check C / C++ code style
[4.965s] -- Configured uncrustify additional arguments: 
[4.966s] -- Added test 'xmllint' to check XML markup files
[4.986s] -- Configuring incomplete, errors occurred!
[4.987s] See also "/home/ubuntu/ros2_ws/bridgeroadinspectiondrone/ros/src/build/imaging/CMakeFiles/CMakeOutput.log".
[4.988s] See also "/home/ubuntu/ros2_ws/bridgeroadinspectiondrone/ros/src/build/imaging/CMakeFiles/CMakeError.log".
[5.020s] make: *** [Makefile:266: cmake_check_build_system] Error 1
[5.028s] Invoked command in '/home/ubuntu/ros2_ws/bridgeroadinspectiondrone/ros/src/build/imaging' returned '2': CMAKE_PREFIX_PATH=/opt/ros/foxy /usr/bin/cmake --build /home/ubuntu/ros2_ws/bridgeroadinspectiondrone/ros/src/build/imaging -- -j4 -l4
