[0.065s] Invoking command in '/home/ubuntu/ros2_ws/bridgeroadinspectiondrone/ros/src/build/imaging': CMAKE_PREFIX_PATH=/opt/ros/foxy /usr/bin/cmake --build /home/ubuntu/ros2_ws/bridgeroadinspectiondrone/ros/src/build/imaging -- -j4 -l4
[0.271s] [35m[1mScanning dependencies of target image_pub[0m
[0.509s] [ 50%] [32mBuilding CXX object CMakeFiles/image_pub.dir/src/image_pub.cpp.o[0m
[20.647s] [100%] [32m[1mLinking CXX executable image_pub[0m
[22.671s] /usr/bin/ld: warning: libopencv_imgproc.so.4.2, needed by /usr/local/lib/libseek.so, may conflict with libopencv_imgproc.so.406
[22.671s] /usr/bin/ld: warning: libopencv_core.so.4.2, needed by /usr/local/lib/libseek.so, may conflict with libopencv_core.so.406
[22.747s] [100%] Built target image_pub
[22.786s] Invoked command in '/home/ubuntu/ros2_ws/bridgeroadinspectiondrone/ros/src/build/imaging' returned '0': CMAKE_PREFIX_PATH=/opt/ros/foxy /usr/bin/cmake --build /home/ubuntu/ros2_ws/bridgeroadinspectiondrone/ros/src/build/imaging -- -j4 -l4
[22.940s] Invoking command in '/home/ubuntu/ros2_ws/bridgeroadinspectiondrone/ros/src/build/imaging': CMAKE_PREFIX_PATH=/opt/ros/foxy /usr/bin/cmake --install /home/ubuntu/ros2_ws/bridgeroadinspectiondrone/ros/src/build/imaging
[22.973s] -- Install configuration: ""
[22.974s] -- Installing: /home/ubuntu/ros2_ws/bridgeroadinspectiondrone/ros/src/install/imaging/lib/imaging/image_pub
[22.981s] -- Set runtime path of "/home/ubuntu/ros2_ws/bridgeroadinspectiondrone/ros/src/install/imaging/lib/imaging/image_pub" to ""
[22.981s] -- Up-to-date: /home/ubuntu/ros2_ws/bridgeroadinspectiondrone/ros/src/install/imaging/share/ament_index/resource_index/package_run_dependencies/imaging
[22.982s] -- Up-to-date: /home/ubuntu/ros2_ws/bridgeroadinspectiondrone/ros/src/install/imaging/share/ament_index/resource_index/parent_prefix_path/imaging
[22.982s] -- Up-to-date: /home/ubuntu/ros2_ws/bridgeroadinspectiondrone/ros/src/install/imaging/share/imaging/environment/ament_prefix_path.sh
[22.983s] -- Up-to-date: /home/ubuntu/ros2_ws/bridgeroadinspectiondrone/ros/src/install/imaging/share/imaging/environment/ament_prefix_path.dsv
[22.983s] -- Up-to-date: /home/ubuntu/ros2_ws/bridgeroadinspectiondrone/ros/src/install/imaging/share/imaging/environment/path.sh
[22.984s] -- Up-to-date: /home/ubuntu/ros2_ws/bridgeroadinspectiondrone/ros/src/install/imaging/share/imaging/environment/path.dsv
[22.984s] -- Up-to-date: /home/ubuntu/ros2_ws/bridgeroadinspectiondrone/ros/src/install/imaging/share/imaging/local_setup.bash
[22.985s] -- Up-to-date: /home/ubuntu/ros2_ws/bridgeroadinspectiondrone/ros/src/install/imaging/share/imaging/local_setup.sh
[22.985s] -- Up-to-date: /home/ubuntu/ros2_ws/bridgeroadinspectiondrone/ros/src/install/imaging/share/imaging/local_setup.zsh
[22.985s] -- Up-to-date: /home/ubuntu/ros2_ws/bridgeroadinspectiondrone/ros/src/install/imaging/share/imaging/local_setup.dsv
[22.986s] -- Installing: /home/ubuntu/ros2_ws/bridgeroadinspectiondrone/ros/src/install/imaging/share/imaging/package.dsv
[22.986s] -- Up-to-date: /home/ubuntu/ros2_ws/bridgeroadinspectiondrone/ros/src/install/imaging/share/ament_index/resource_index/packages/imaging
[22.987s] -- Up-to-date: /home/ubuntu/ros2_ws/bridgeroadinspectiondrone/ros/src/install/imaging/share/imaging/cmake/imagingConfig.cmake
[22.987s] -- Up-to-date: /home/ubuntu/ros2_ws/bridgeroadinspectiondrone/ros/src/install/imaging/share/imaging/cmake/imagingConfig-version.cmake
[22.988s] -- Up-to-date: /home/ubuntu/ros2_ws/bridgeroadinspectiondrone/ros/src/install/imaging/share/imaging/package.xml
[22.994s] Invoked command in '/home/ubuntu/ros2_ws/bridgeroadinspectiondrone/ros/src/build/imaging' returned '0': CMAKE_PREFIX_PATH=/opt/ros/foxy /usr/bin/cmake --install /home/ubuntu/ros2_ws/bridgeroadinspectiondrone/ros/src/build/imaging
