[0.612s] DEBUG:colcon:Command line arguments: ['/usr/bin/colcon', 'build', '--packages-select', 'imaging']
[0.612s] DEBUG:colcon:Parsed command line arguments: Namespace(allow_overriding=[], ament_cmake_args=None, base_paths=['.'], build_base='build', catkin_cmake_args=None, catkin_skip_building_tests=False, cmake_args=None, cmake_clean_cache=False, cmake_clean_first=False, cmake_force_configure=False, cmake_target=None, cmake_target_skip_unavailable=False, continue_on_error=False, event_handlers=None, executor='parallel', ignore_user_meta=False, install_base='install', log_base=None, log_level=None, main=<bound method BuildVerb.main of <colcon_core.verb.build.BuildVerb object at 0xffff9b324670>>, merge_install=False, metas=['./colcon.meta'], packages_above=None, packages_above_and_dependencies=None, packages_above_depth=None, packages_end=None, packages_ignore=None, packages_ignore_regex=None, packages_select=['imaging'], packages_select_build_failed=False, packages_select_by_dep=None, packages_select_regex=None, packages_select_test_failures=False, packages_skip=None, packages_skip_build_finished=False, packages_skip_by_dep=None, packages_skip_regex=None, packages_skip_test_passed=False, packages_skip_up_to=None, packages_start=None, packages_up_to=None, packages_up_to_regex=None, parallel_workers=4, paths=None, symlink_install=False, test_result_base=None, verb_extension=<colcon_core.verb.build.BuildVerb object at 0xffff9b324670>, verb_name='build', verb_parser=<colcon_defaults.argument_parser.defaults.DefaultArgumentsDecorator object at 0xffff9b324bb0>)
[0.730s] Level 1:colcon.colcon_core.package_discovery:discover_packages(colcon_meta) check parameters
[0.730s] Level 1:colcon.colcon_core.package_discovery:discover_packages(recursive) check parameters
[0.731s] Level 1:colcon.colcon_core.package_discovery:discover_packages(ignore) check parameters
[0.731s] Level 1:colcon.colcon_core.package_discovery:discover_packages(path) check parameters
[0.731s] Level 1:colcon.colcon_core.package_discovery:discover_packages(colcon_meta) discover
[0.732s] Level 1:colcon.colcon_core.package_discovery:discover_packages(recursive) discover
[0.732s] INFO:colcon.colcon_core.package_discovery:Crawling recursively for packages in '/home/ubuntu/ros2_ws/bridgeroadinspectiondrone/ros/src'
[0.733s] Level 1:colcon.colcon_core.package_identification:_identify(.) by extensions ['ignore', 'ignore_ament_install']
[0.734s] Level 1:colcon.colcon_core.package_identification:_identify(.) by extension 'ignore'
[0.735s] Level 1:colcon.colcon_core.package_identification:_identify(.) by extension 'ignore_ament_install'
[0.735s] Level 1:colcon.colcon_core.package_identification:_identify(.) by extensions ['colcon_pkg']
[0.736s] Level 1:colcon.colcon_core.package_identification:_identify(.) by extension 'colcon_pkg'
[0.736s] Level 1:colcon.colcon_core.package_identification:_identify(.) by extensions ['colcon_meta']
[0.736s] Level 1:colcon.colcon_core.package_identification:_identify(.) by extension 'colcon_meta'
[0.737s] Level 1:colcon.colcon_core.package_identification:_identify(.) by extensions ['ros']
[0.737s] Level 1:colcon.colcon_core.package_identification:_identify(.) by extension 'ros'
[0.797s] Level 1:colcon.colcon_core.package_identification:_identify(.) by extensions ['cmake', 'python']
[0.798s] Level 1:colcon.colcon_core.package_identification:_identify(.) by extension 'cmake'
[0.798s] Level 1:colcon.colcon_core.package_identification:_identify(.) by extension 'python'
[0.799s] Level 1:colcon.colcon_core.package_identification:_identify(.) by extensions ['python_setup_py']
[0.800s] Level 1:colcon.colcon_core.package_identification:_identify(.) by extension 'python_setup_py'
[0.801s] Level 1:colcon.colcon_core.package_identification:_identify(build) by extensions ['ignore', 'ignore_ament_install']
[0.802s] Level 1:colcon.colcon_core.package_identification:_identify(build) by extension 'ignore'
[0.803s] Level 1:colcon.colcon_core.package_identification:_identify(build) ignored
[0.804s] Level 1:colcon.colcon_core.package_identification:_identify(controls) by extensions ['ignore', 'ignore_ament_install']
[0.806s] Level 1:colcon.colcon_core.package_identification:_identify(controls) by extension 'ignore'
[0.806s] Level 1:colcon.colcon_core.package_identification:_identify(controls) by extension 'ignore_ament_install'
[0.807s] Level 1:colcon.colcon_core.package_identification:_identify(controls) by extensions ['colcon_pkg']
[0.808s] Level 1:colcon.colcon_core.package_identification:_identify(controls) by extension 'colcon_pkg'
[0.809s] Level 1:colcon.colcon_core.package_identification:_identify(controls) by extensions ['colcon_meta']
[0.810s] Level 1:colcon.colcon_core.package_identification:_identify(controls) by extension 'colcon_meta'
[0.811s] Level 1:colcon.colcon_core.package_identification:_identify(controls) by extensions ['ros']
[0.811s] Level 1:colcon.colcon_core.package_identification:_identify(controls) by extension 'ros'
[0.834s] DEBUG:colcon.colcon_core.package_identification:Package 'controls' with type 'ros.ament_python' and name 'controls'
[0.835s] Level 1:colcon.colcon_core.package_identification:_identify(imaging) by extensions ['ignore', 'ignore_ament_install']
[0.836s] Level 1:colcon.colcon_core.package_identification:_identify(imaging) by extension 'ignore'
[0.837s] Level 1:colcon.colcon_core.package_identification:_identify(imaging) by extension 'ignore_ament_install'
[0.838s] Level 1:colcon.colcon_core.package_identification:_identify(imaging) by extensions ['colcon_pkg']
[0.838s] Level 1:colcon.colcon_core.package_identification:_identify(imaging) by extension 'colcon_pkg'
[0.839s] Level 1:colcon.colcon_core.package_identification:_identify(imaging) by extensions ['colcon_meta']
[0.840s] Level 1:colcon.colcon_core.package_identification:_identify(imaging) by extension 'colcon_meta'
[0.841s] Level 1:colcon.colcon_core.package_identification:_identify(imaging) by extensions ['ros']
[0.842s] Level 1:colcon.colcon_core.package_identification:_identify(imaging) by extension 'ros'
[0.847s] DEBUG:colcon.colcon_core.package_identification:Package 'imaging' with type 'ros.ament_cmake' and name 'imaging'
[0.848s] Level 1:colcon.colcon_core.package_identification:_identify(install) by extensions ['ignore', 'ignore_ament_install']
[0.849s] Level 1:colcon.colcon_core.package_identification:_identify(install) by extension 'ignore'
[0.850s] Level 1:colcon.colcon_core.package_identification:_identify(install) ignored
[0.852s] Level 1:colcon.colcon_core.package_identification:_identify(log) by extensions ['ignore', 'ignore_ament_install']
[0.853s] Level 1:colcon.colcon_core.package_identification:_identify(log) by extension 'ignore'
[0.854s] Level 1:colcon.colcon_core.package_identification:_identify(log) ignored
[0.855s] Level 1:colcon.colcon_core.package_identification:_identify(model_defect) by extensions ['ignore', 'ignore_ament_install']
[0.855s] Level 1:colcon.colcon_core.package_identification:_identify(model_defect) by extension 'ignore'
[0.856s] Level 1:colcon.colcon_core.package_identification:_identify(model_defect) by extension 'ignore_ament_install'
[0.857s] Level 1:colcon.colcon_core.package_identification:_identify(model_defect) by extensions ['colcon_pkg']
[0.857s] Level 1:colcon.colcon_core.package_identification:_identify(model_defect) by extension 'colcon_pkg'
[0.858s] Level 1:colcon.colcon_core.package_identification:_identify(model_defect) by extensions ['colcon_meta']
[0.859s] Level 1:colcon.colcon_core.package_identification:_identify(model_defect) by extension 'colcon_meta'
[0.860s] Level 1:colcon.colcon_core.package_identification:_identify(model_defect) by extensions ['ros']
[0.861s] Level 1:colcon.colcon_core.package_identification:_identify(model_defect) by extension 'ros'
[0.866s] DEBUG:colcon.colcon_core.package_identification:Package 'model_defect' with type 'ros.ament_python' and name 'model_defect'
[0.867s] Level 1:colcon.colcon_core.package_identification:_identify(offboard_testing) by extensions ['ignore', 'ignore_ament_install']
[0.868s] Level 1:colcon.colcon_core.package_identification:_identify(offboard_testing) by extension 'ignore'
[0.868s] Level 1:colcon.colcon_core.package_identification:_identify(offboard_testing) by extension 'ignore_ament_install'
[0.869s] Level 1:colcon.colcon_core.package_identification:_identify(offboard_testing) by extensions ['colcon_pkg']
[0.869s] Level 1:colcon.colcon_core.package_identification:_identify(offboard_testing) by extension 'colcon_pkg'
[0.869s] Level 1:colcon.colcon_core.package_identification:_identify(offboard_testing) by extensions ['colcon_meta']
[0.870s] Level 1:colcon.colcon_core.package_identification:_identify(offboard_testing) by extension 'colcon_meta'
[0.870s] Level 1:colcon.colcon_core.package_identification:_identify(offboard_testing) by extensions ['ros']
[0.870s] Level 1:colcon.colcon_core.package_identification:_identify(offboard_testing) by extension 'ros'
[0.933s] DEBUG:colcon.colcon_core.package_identification:Package 'offboard_testing' with type 'ros.ament_python' and name 'offboard_testing'
[0.934s] Level 1:colcon.colcon_core.package_identification:_identify(road_nav) by extensions ['ignore', 'ignore_ament_install']
[0.936s] Level 1:colcon.colcon_core.package_identification:_identify(road_nav) by extension 'ignore'
[0.937s] Level 1:colcon.colcon_core.package_identification:_identify(road_nav) by extension 'ignore_ament_install'
[0.938s] Level 1:colcon.colcon_core.package_identification:_identify(road_nav) by extensions ['colcon_pkg']
[0.939s] Level 1:colcon.colcon_core.package_identification:_identify(road_nav) by extension 'colcon_pkg'
[0.939s] Level 1:colcon.colcon_core.package_identification:_identify(road_nav) by extensions ['colcon_meta']
[0.940s] Level 1:colcon.colcon_core.package_identification:_identify(road_nav) by extension 'colcon_meta'
[0.942s] Level 1:colcon.colcon_core.package_identification:_identify(road_nav) by extensions ['ros']
[0.943s] Level 1:colcon.colcon_core.package_identification:_identify(road_nav) by extension 'ros'
[0.951s] DEBUG:colcon.colcon_core.package_identification:Package 'road_nav' with type 'ros.ament_python' and name 'road_nav'
[0.952s] Level 1:colcon.colcon_core.package_discovery:discover_packages(recursive) using defaults
[0.952s] Level 1:colcon.colcon_core.package_discovery:discover_packages(ignore) discover
[0.953s] Level 1:colcon.colcon_core.package_discovery:discover_packages(ignore) using defaults
[0.954s] Level 1:colcon.colcon_core.package_discovery:discover_packages(path) discover
[0.954s] Level 1:colcon.colcon_core.package_discovery:discover_packages(path) using defaults
[1.031s] INFO:colcon.colcon_core.package_selection:Skipping not selected package 'controls' in 'controls'
[1.031s] INFO:colcon.colcon_core.package_selection:Skipping not selected package 'model_defect' in 'model_defect'
[1.031s] INFO:colcon.colcon_core.package_selection:Skipping not selected package 'offboard_testing' in 'offboard_testing'
[1.031s] INFO:colcon.colcon_core.package_selection:Skipping not selected package 'road_nav' in 'road_nav'
[1.034s] Level 1:colcon.colcon_core.package_discovery:discover_packages(prefix_path) check parameters
[1.035s] Level 1:colcon.colcon_core.package_discovery:discover_packages(prefix_path) discover
[1.051s] DEBUG:colcon.colcon_installed_package_information.package_discovery:Found 269 installed packages in /opt/ros/foxy
[1.058s] Level 1:colcon.colcon_core.package_discovery:discover_packages(prefix_path) using defaults
[1.379s] Level 5:colcon.colcon_core.verb:set package 'imaging' build argument 'cmake_args' from command line to 'None'
[1.379s] Level 5:colcon.colcon_core.verb:set package 'imaging' build argument 'cmake_target' from command line to 'None'
[1.379s] Level 5:colcon.colcon_core.verb:set package 'imaging' build argument 'cmake_target_skip_unavailable' from command line to 'False'
[1.379s] Level 5:colcon.colcon_core.verb:set package 'imaging' build argument 'cmake_clean_cache' from command line to 'False'
[1.379s] Level 5:colcon.colcon_core.verb:set package 'imaging' build argument 'cmake_clean_first' from command line to 'False'
[1.379s] Level 5:colcon.colcon_core.verb:set package 'imaging' build argument 'cmake_force_configure' from command line to 'False'
[1.379s] Level 5:colcon.colcon_core.verb:set package 'imaging' build argument 'ament_cmake_args' from command line to 'None'
[1.380s] Level 5:colcon.colcon_core.verb:set package 'imaging' build argument 'catkin_cmake_args' from command line to 'None'
[1.380s] Level 5:colcon.colcon_core.verb:set package 'imaging' build argument 'catkin_skip_building_tests' from command line to 'False'
[1.380s] DEBUG:colcon.colcon_core.verb:Building package 'imaging' with the following arguments: {'ament_cmake_args': None, 'build_base': '/home/ubuntu/ros2_ws/bridgeroadinspectiondrone/ros/src/build/imaging', 'catkin_cmake_args': None, 'catkin_skip_building_tests': False, 'cmake_args': None, 'cmake_clean_cache': False, 'cmake_clean_first': False, 'cmake_force_configure': False, 'cmake_target': None, 'cmake_target_skip_unavailable': False, 'install_base': '/home/ubuntu/ros2_ws/bridgeroadinspectiondrone/ros/src/install/imaging', 'merge_install': False, 'path': '/home/ubuntu/ros2_ws/bridgeroadinspectiondrone/ros/src/imaging', 'symlink_install': False, 'test_result_base': None}
[1.383s] INFO:colcon.colcon_core.executor:Executing jobs using 'parallel' executor
[1.399s] DEBUG:colcon.colcon_parallel_executor.executor.parallel:run_until_complete
[1.401s] INFO:colcon.colcon_ros.task.ament_cmake.build:Building ROS package in '/home/ubuntu/ros2_ws/bridgeroadinspectiondrone/ros/src/imaging' with build type 'ament_cmake'
[1.402s] INFO:colcon.colcon_cmake.task.cmake.build:Building CMake package in '/home/ubuntu/ros2_ws/bridgeroadinspectiondrone/ros/src/imaging'
[1.425s] INFO:colcon.colcon_core.plugin_system:Skipping extension 'colcon_core.shell.bat': Not used on non-Windows systems
[1.426s] INFO:colcon.colcon_core.shell:Skip shell extension 'powershell' for command environment: Not usable outside of PowerShell
[1.427s] DEBUG:colcon.colcon_core.shell:Skip shell extension 'dsv' for command environment
[1.469s] DEBUG:colcon.colcon_core.event_handler.log_command:Invoking command in '/home/ubuntu/ros2_ws/bridgeroadinspectiondrone/ros/src/build/imaging': CMAKE_PREFIX_PATH=/opt/ros/foxy /usr/bin/cmake --build /home/ubuntu/ros2_ws/bridgeroadinspectiondrone/ros/src/build/imaging -- -j4 -l4
[24.190s] DEBUG:colcon.colcon_core.event_handler.log_command:Invoked command in '/home/ubuntu/ros2_ws/bridgeroadinspectiondrone/ros/src/build/imaging' returned '0': CMAKE_PREFIX_PATH=/opt/ros/foxy /usr/bin/cmake --build /home/ubuntu/ros2_ws/bridgeroadinspectiondrone/ros/src/build/imaging -- -j4 -l4
[24.345s] DEBUG:colcon.colcon_core.event_handler.log_command:Invoking command in '/home/ubuntu/ros2_ws/bridgeroadinspectiondrone/ros/src/build/imaging': CMAKE_PREFIX_PATH=/opt/ros/foxy /usr/bin/cmake --install /home/ubuntu/ros2_ws/bridgeroadinspectiondrone/ros/src/build/imaging
[24.396s] Level 1:colcon.colcon_core.environment:create_environment_scripts_only(imaging)
[24.398s] DEBUG:colcon.colcon_core.event_handler.log_command:Invoked command in '/home/ubuntu/ros2_ws/bridgeroadinspectiondrone/ros/src/build/imaging' returned '0': CMAKE_PREFIX_PATH=/opt/ros/foxy /usr/bin/cmake --install /home/ubuntu/ros2_ws/bridgeroadinspectiondrone/ros/src/build/imaging
[24.420s] Level 1:colcon.colcon_core.environment:checking '/home/ubuntu/ros2_ws/bridgeroadinspectiondrone/ros/src/install/imaging' for CMake module files
[24.423s] Level 1:colcon.colcon_core.environment:checking '/home/ubuntu/ros2_ws/bridgeroadinspectiondrone/ros/src/install/imaging' for CMake config files
[24.424s] Level 1:colcon.colcon_core.shell:create_environment_hook('imaging', 'cmake_prefix_path')
[24.430s] INFO:colcon.colcon_core.shell:Creating environment hook '/home/ubuntu/ros2_ws/bridgeroadinspectiondrone/ros/src/install/imaging/share/imaging/hook/cmake_prefix_path.ps1'
[24.433s] INFO:colcon.colcon_core.shell:Creating environment descriptor '/home/ubuntu/ros2_ws/bridgeroadinspectiondrone/ros/src/install/imaging/share/imaging/hook/cmake_prefix_path.dsv'
[24.435s] INFO:colcon.colcon_core.shell:Creating environment hook '/home/ubuntu/ros2_ws/bridgeroadinspectiondrone/ros/src/install/imaging/share/imaging/hook/cmake_prefix_path.sh'
[24.438s] Level 1:colcon.colcon_core.environment:checking '/home/ubuntu/ros2_ws/bridgeroadinspectiondrone/ros/src/install/imaging/lib'
[24.439s] Level 1:colcon.colcon_core.environment:checking '/home/ubuntu/ros2_ws/bridgeroadinspectiondrone/ros/src/install/imaging/bin'
[24.439s] Level 1:colcon.colcon_core.environment:checking '/home/ubuntu/ros2_ws/bridgeroadinspectiondrone/ros/src/install/imaging/lib/pkgconfig/imaging.pc'
[24.440s] Level 1:colcon.colcon_core.environment:checking '/home/ubuntu/ros2_ws/bridgeroadinspectiondrone/ros/src/install/imaging/lib/python3.8/site-packages'
[24.441s] Level 1:colcon.colcon_core.environment:checking '/home/ubuntu/ros2_ws/bridgeroadinspectiondrone/ros/src/install/imaging/bin'
[24.446s] INFO:colcon.colcon_core.shell:Creating package script '/home/ubuntu/ros2_ws/bridgeroadinspectiondrone/ros/src/install/imaging/share/imaging/package.ps1'
[24.450s] INFO:colcon.colcon_core.shell:Creating package descriptor '/home/ubuntu/ros2_ws/bridgeroadinspectiondrone/ros/src/install/imaging/share/imaging/package.dsv'
[24.453s] INFO:colcon.colcon_core.shell:Creating package script '/home/ubuntu/ros2_ws/bridgeroadinspectiondrone/ros/src/install/imaging/share/imaging/package.sh'
[24.456s] INFO:colcon.colcon_core.shell:Creating package script '/home/ubuntu/ros2_ws/bridgeroadinspectiondrone/ros/src/install/imaging/share/imaging/package.bash'
[24.459s] INFO:colcon.colcon_core.shell:Creating package script '/home/ubuntu/ros2_ws/bridgeroadinspectiondrone/ros/src/install/imaging/share/imaging/package.zsh'
[24.462s] Level 1:colcon.colcon_core.environment:create_file_with_runtime_dependencies(/home/ubuntu/ros2_ws/bridgeroadinspectiondrone/ros/src/install/imaging/share/colcon-core/packages/imaging)
[24.581s] Level 1:colcon.colcon_core.environment:create_environment_scripts_only(imaging)
[24.595s] Level 1:colcon.colcon_core.environment:checking '/home/ubuntu/ros2_ws/bridgeroadinspectiondrone/ros/src/install/imaging' for CMake module files
[24.598s] Level 1:colcon.colcon_core.environment:checking '/home/ubuntu/ros2_ws/bridgeroadinspectiondrone/ros/src/install/imaging' for CMake config files
[24.600s] Level 1:colcon.colcon_core.shell:create_environment_hook('imaging', 'cmake_prefix_path')
[24.607s] INFO:colcon.colcon_core.shell:Creating environment hook '/home/ubuntu/ros2_ws/bridgeroadinspectiondrone/ros/src/install/imaging/share/imaging/hook/cmake_prefix_path.ps1'
[24.610s] INFO:colcon.colcon_core.shell:Creating environment descriptor '/home/ubuntu/ros2_ws/bridgeroadinspectiondrone/ros/src/install/imaging/share/imaging/hook/cmake_prefix_path.dsv'
[24.613s] INFO:colcon.colcon_core.shell:Creating environment hook '/home/ubuntu/ros2_ws/bridgeroadinspectiondrone/ros/src/install/imaging/share/imaging/hook/cmake_prefix_path.sh'
[24.617s] Level 1:colcon.colcon_core.environment:checking '/home/ubuntu/ros2_ws/bridgeroadinspectiondrone/ros/src/install/imaging/lib'
[24.617s] Level 1:colcon.colcon_core.environment:checking '/home/ubuntu/ros2_ws/bridgeroadinspectiondrone/ros/src/install/imaging/bin'
[24.618s] Level 1:colcon.colcon_core.environment:checking '/home/ubuntu/ros2_ws/bridgeroadinspectiondrone/ros/src/install/imaging/lib/pkgconfig/imaging.pc'
[24.619s] Level 1:colcon.colcon_core.environment:checking '/home/ubuntu/ros2_ws/bridgeroadinspectiondrone/ros/src/install/imaging/lib/python3.8/site-packages'
[24.620s] Level 1:colcon.colcon_core.environment:checking '/home/ubuntu/ros2_ws/bridgeroadinspectiondrone/ros/src/install/imaging/bin'
[24.628s] INFO:colcon.colcon_core.shell:Creating package script '/home/ubuntu/ros2_ws/bridgeroadinspectiondrone/ros/src/install/imaging/share/imaging/package.ps1'
[24.631s] INFO:colcon.colcon_core.shell:Creating package descriptor '/home/ubuntu/ros2_ws/bridgeroadinspectiondrone/ros/src/install/imaging/share/imaging/package.dsv'
[24.634s] INFO:colcon.colcon_core.shell:Creating package script '/home/ubuntu/ros2_ws/bridgeroadinspectiondrone/ros/src/install/imaging/share/imaging/package.sh'
[24.637s] INFO:colcon.colcon_core.shell:Creating package script '/home/ubuntu/ros2_ws/bridgeroadinspectiondrone/ros/src/install/imaging/share/imaging/package.bash'
[24.640s] INFO:colcon.colcon_core.shell:Creating package script '/home/ubuntu/ros2_ws/bridgeroadinspectiondrone/ros/src/install/imaging/share/imaging/package.zsh'
[24.643s] Level 1:colcon.colcon_core.environment:create_file_with_runtime_dependencies(/home/ubuntu/ros2_ws/bridgeroadinspectiondrone/ros/src/install/imaging/share/colcon-core/packages/imaging)
[24.645s] DEBUG:colcon.colcon_parallel_executor.executor.parallel:closing loop
[24.647s] DEBUG:colcon.colcon_parallel_executor.executor.parallel:loop closed
[24.647s] DEBUG:colcon.colcon_parallel_executor.executor.parallel:run_until_complete finished with '0'
[24.648s] DEBUG:colcon.colcon_core.event_reactor:joining thread
[24.697s] INFO:colcon.colcon_core.plugin_system:Skipping extension 'colcon_notification.desktop_notification.notify_send': Could not find 'notify-send'
[24.698s] INFO:colcon.colcon_core.plugin_system:Skipping extension 'colcon_notification.desktop_notification.terminal_notifier': Not used on non-Darwin systems
[24.698s] INFO:colcon.colcon_core.plugin_system:Skipping extension 'colcon_notification.desktop_notification.win32': Not used on non-Windows systems
[24.699s] INFO:colcon.colcon_notification.desktop_notification:Sending desktop notification using 'notify2'
[24.703s] DEBUG:colcon.colcon_notification.desktop_notification.notify2:Failed to initialize notify2: org.freedesktop.DBus.Error.ServiceUnknown: The name org.freedesktop.Notifications was not provided by any .service files
[24.703s] DEBUG:colcon.colcon_core.event_reactor:joined thread
[24.711s] INFO:colcon.colcon_core.shell:Creating prefix script '/home/ubuntu/ros2_ws/bridgeroadinspectiondrone/ros/src/install/local_setup.ps1'
[24.716s] INFO:colcon.colcon_core.shell:Creating prefix util module '/home/ubuntu/ros2_ws/bridgeroadinspectiondrone/ros/src/install/_local_setup_util_ps1.py'
[24.722s] INFO:colcon.colcon_core.shell:Creating prefix chain script '/home/ubuntu/ros2_ws/bridgeroadinspectiondrone/ros/src/install/setup.ps1'
[24.728s] INFO:colcon.colcon_core.shell:Creating prefix script '/home/ubuntu/ros2_ws/bridgeroadinspectiondrone/ros/src/install/local_setup.sh'
[24.732s] INFO:colcon.colcon_core.shell:Creating prefix util module '/home/ubuntu/ros2_ws/bridgeroadinspectiondrone/ros/src/install/_local_setup_util_sh.py'
[24.735s] INFO:colcon.colcon_core.shell:Creating prefix chain script '/home/ubuntu/ros2_ws/bridgeroadinspectiondrone/ros/src/install/setup.sh'
[24.741s] INFO:colcon.colcon_core.shell:Creating prefix script '/home/ubuntu/ros2_ws/bridgeroadinspectiondrone/ros/src/install/local_setup.bash'
[24.744s] INFO:colcon.colcon_core.shell:Creating prefix chain script '/home/ubuntu/ros2_ws/bridgeroadinspectiondrone/ros/src/install/setup.bash'
[24.751s] INFO:colcon.colcon_core.shell:Creating prefix script '/home/ubuntu/ros2_ws/bridgeroadinspectiondrone/ros/src/install/local_setup.zsh'
[24.754s] INFO:colcon.colcon_core.shell:Creating prefix chain script '/home/ubuntu/ros2_ws/bridgeroadinspectiondrone/ros/src/install/setup.zsh'
